{"C:\\Users\\USER\\Desktop\\ANDELA\\Banka\\Banka\\server\\config\\config.js":{"path":"C:\\Users\\USER\\Desktop\\ANDELA\\Banka\\Banka\\server\\config\\config.js","statementMap":{"0":{"start":{"line":3,"column":0},"end":{"line":5,"column":3}},"1":{"start":{"line":6,"column":0},"end":{"line":6,"column":27}},"2":{"start":{"line":8,"column":14},"end":{"line":8,"column":31}},"3":{"start":{"line":10,"column":15},"end":{"line":10,"column":46}},"4":{"start":{"line":12,"column":39},"end":{"line":12,"column":93}},"5":{"start":{"line":14,"column":0},"end":{"line":14,"column":26}},"6":{"start":{"line":15,"column":13},"end":{"line":15,"column":35}},"7":{"start":{"line":16,"column":0},"end":{"line":16,"column":24}}},"fnMap":{"0":{"name":"_interopRequireDefault","decl":{"start":{"line":12,"column":9},"end":{"line":12,"column":31}},"loc":{"start":{"line":12,"column":37},"end":{"line":12,"column":95}},"line":12}},"branchMap":{"0":{"loc":{"start":{"line":12,"column":46},"end":{"line":12,"column":92}},"type":"cond-expr","locations":[{"start":{"line":12,"column":70},"end":{"line":12,"column":73}},{"start":{"line":12,"column":76},"end":{"line":12,"column":92}}],"line":12},"1":{"loc":{"start":{"line":12,"column":46},"end":{"line":12,"column":67}},"type":"binary-expr","locations":[{"start":{"line":12,"column":46},"end":{"line":12,"column":49}},{"start":{"line":12,"column":53},"end":{"line":12,"column":67}}],"line":12}},"s":{"0":0,"1":0,"2":0,"3":0,"4":0,"5":0,"6":0,"7":0},"f":{"0":0},"b":{"0":[0,0],"1":[0,0]}},"C:\\Users\\USER\\Desktop\\ANDELA\\Banka\\Banka\\server\\controllers\\adminQueries.js":{"path":"C:\\Users\\USER\\Desktop\\ANDELA\\Banka\\Banka\\server\\controllers\\adminQueries.js","statementMap":{"0":{"start":{"line":3,"column":0},"end":{"line":5,"column":3}},"1":{"start":{"line":6,"column":0},"end":{"line":6,"column":215}},"2":{"start":{"line":8,"column":16},"end":{"line":8,"column":35}},"3":{"start":{"line":10,"column":17},"end":{"line":10,"column":50}},"4":{"start":{"line":12,"column":14},"end":{"line":12,"column":42}},"5":{"start":{"line":14,"column":13},"end":{"line":14,"column":45}},"6":{"start":{"line":16,"column":13},"end":{"line":16,"column":35}},"7":{"start":{"line":18,"column":14},"end":{"line":18,"column":42}},"8":{"start":{"line":20,"column":40},"end":{"line":20,"column":267}},"9":{"start":{"line":20,"column":69},"end":{"line":20,"column":80}},"10":{"start":{"line":20,"column":103},"end":{"line":20,"column":105}},"11":{"start":{"line":20,"column":107},"end":{"line":20,"column":228}},"12":{"start":{"line":20,"column":126},"end":{"line":20,"column":226}},"13":{"start":{"line":20,"column":149},"end":{"line":20,"column":224}},"14":{"start":{"line":20,"column":201},"end":{"line":20,"column":224}},"15":{"start":{"line":20,"column":229},"end":{"line":20,"column":250}},"16":{"start":{"line":20,"column":251},"end":{"line":20,"column":265}},"17":{"start":{"line":22,"column":39},"end":{"line":22,"column":93}},"18":{"start":{"line":27,"column":9},"end":{"line":27,"column":20}},"19":{"start":{"line":30,"column":20},"end":{"line":50,"column":1}},"20":{"start":{"line":31,"column":2},"end":{"line":49,"column":5}},"21":{"start":{"line":32,"column":17},"end":{"line":32,"column":30}},"22":{"start":{"line":33,"column":4},"end":{"line":43,"column":5}},"23":{"start":{"line":34,"column":6},"end":{"line":37,"column":9}},"24":{"start":{"line":39,"column":6},"end":{"line":42,"column":9}},"25":{"start":{"line":45,"column":4},"end":{"line":48,"column":7}},"26":{"start":{"line":52,"column":25},"end":{"line":73,"column":1}},"27":{"start":{"line":53,"column":16},"end":{"line":53,"column":39}},"28":{"start":{"line":54,"column":2},"end":{"line":72,"column":5}},"29":{"start":{"line":55,"column":17},"end":{"line":55,"column":30}},"30":{"start":{"line":56,"column":4},"end":{"line":66,"column":5}},"31":{"start":{"line":57,"column":6},"end":{"line":60,"column":9}},"32":{"start":{"line":62,"column":6},"end":{"line":65,"column":9}},"33":{"start":{"line":68,"column":4},"end":{"line":71,"column":7}},"34":{"start":{"line":77,"column":23},"end":{"line":151,"column":1}},"35":{"start":{"line":78,"column":13},"end":{"line":78,"column":34}},"36":{"start":{"line":80,"column":15},"end":{"line":80,"column":94}},"37":{"start":{"line":81,"column":12},"end":{"line":81,"column":14}},"38":{"start":{"line":82,"column":2},"end":{"line":85,"column":3}},"39":{"start":{"line":82,"column":15},"end":{"line":82,"column":16}},"40":{"start":{"line":83,"column":14},"end":{"line":83,"column":21}},"41":{"start":{"line":84,"column":4},"end":{"line":84,"column":18}},"42":{"start":{"line":86,"column":2},"end":{"line":150,"column":3}},"43":{"start":{"line":87,"column":4},"end":{"line":90,"column":7}},"44":{"start":{"line":91,"column":9},"end":{"line":150,"column":3}},"45":{"start":{"line":92,"column":4},"end":{"line":95,"column":7}},"46":{"start":{"line":97,"column":4},"end":{"line":149,"column":7}},"47":{"start":{"line":98,"column":20},"end":{"line":98,"column":36}},"48":{"start":{"line":99,"column":6},"end":{"line":148,"column":7}},"49":{"start":{"line":100,"column":8},"end":{"line":103,"column":11}},"50":{"start":{"line":106,"column":22},"end":{"line":106,"column":28}},"51":{"start":{"line":107,"column":8},"end":{"line":111,"column":9}},"52":{"start":{"line":108,"column":10},"end":{"line":108,"column":26}},"53":{"start":{"line":110,"column":10},"end":{"line":110,"column":25}},"54":{"start":{"line":112,"column":29},"end":{"line":112,"column":78}},"55":{"start":{"line":113,"column":22},"end":{"line":121,"column":9}},"56":{"start":{"line":122,"column":24},"end":{"line":122,"column":41}},"57":{"start":{"line":123,"column":19},"end":{"line":123,"column":35}},"58":{"start":{"line":124,"column":8},"end":{"line":147,"column":11}},"59":{"start":{"line":125,"column":24},"end":{"line":125,"column":37}},"60":{"start":{"line":126,"column":10},"end":{"line":141,"column":11}},"61":{"start":{"line":127,"column":12},"end":{"line":127,"column":313}},"62":{"start":{"line":128,"column":12},"end":{"line":140,"column":15}},"63":{"start":{"line":143,"column":10},"end":{"line":146,"column":13}},"64":{"start":{"line":153,"column":22},"end":{"line":189,"column":1}},"65":{"start":{"line":154,"column":15},"end":{"line":154,"column":38}},"66":{"start":{"line":155,"column":2},"end":{"line":188,"column":3}},"67":{"start":{"line":156,"column":4},"end":{"line":159,"column":7}},"68":{"start":{"line":161,"column":20},"end":{"line":161,"column":61}},"69":{"start":{"line":162,"column":19},"end":{"line":162,"column":59}},"70":{"start":{"line":163,"column":16},"end":{"line":163,"column":53}},"71":{"start":{"line":164,"column":14},"end":{"line":164,"column":26}},"72":{"start":{"line":165,"column":16},"end":{"line":165,"column":78}},"73":{"start":{"line":166,"column":18},"end":{"line":166,"column":34}},"74":{"start":{"line":167,"column":4},"end":{"line":187,"column":7}},"75":{"start":{"line":168,"column":19},"end":{"line":168,"column":35}},"76":{"start":{"line":169,"column":6},"end":{"line":181,"column":7}},"77":{"start":{"line":170,"column":8},"end":{"line":175,"column":11}},"78":{"start":{"line":171,"column":10},"end":{"line":174,"column":13}},"79":{"start":{"line":177,"column":8},"end":{"line":180,"column":11}},"80":{"start":{"line":183,"column":6},"end":{"line":186,"column":9}},"81":{"start":{"line":191,"column":43},"end":{"line":211,"column":1}},"82":{"start":{"line":192,"column":2},"end":{"line":210,"column":5}},"83":{"start":{"line":193,"column":17},"end":{"line":193,"column":30}},"84":{"start":{"line":194,"column":4},"end":{"line":204,"column":5}},"85":{"start":{"line":195,"column":6},"end":{"line":198,"column":9}},"86":{"start":{"line":200,"column":6},"end":{"line":203,"column":9}},"87":{"start":{"line":206,"column":4},"end":{"line":209,"column":7}},"88":{"start":{"line":214,"column":24},"end":{"line":245,"column":1}},"89":{"start":{"line":215,"column":22},"end":{"line":215,"column":56}},"90":{"start":{"line":216,"column":15},"end":{"line":216,"column":21}},"91":{"start":{"line":217,"column":2},"end":{"line":226,"column":3}},"92":{"start":{"line":218,"column":4},"end":{"line":218,"column":23}},"93":{"start":{"line":219,"column":9},"end":{"line":226,"column":3}},"94":{"start":{"line":220,"column":4},"end":{"line":220,"column":22}},"95":{"start":{"line":222,"column":4},"end":{"line":225,"column":7}},"96":{"start":{"line":227,"column":2},"end":{"line":244,"column":5}},"97":{"start":{"line":228,"column":4},"end":{"line":238,"column":5}},"98":{"start":{"line":229,"column":6},"end":{"line":232,"column":9}},"99":{"start":{"line":234,"column":6},"end":{"line":237,"column":9}},"100":{"start":{"line":240,"column":4},"end":{"line":243,"column":7}},"101":{"start":{"line":247,"column":20},"end":{"line":267,"column":1}},"102":{"start":{"line":248,"column":22},"end":{"line":248,"column":56}},"103":{"start":{"line":249,"column":2},"end":{"line":266,"column":5}},"104":{"start":{"line":250,"column":4},"end":{"line":260,"column":5}},"105":{"start":{"line":251,"column":6},"end":{"line":254,"column":9}},"106":{"start":{"line":256,"column":6},"end":{"line":259,"column":9}},"107":{"start":{"line":262,"column":4},"end":{"line":265,"column":7}},"108":{"start":{"line":269,"column":0},"end":{"line":269,"column":38}},"109":{"start":{"line":270,"column":0},"end":{"line":270,"column":48}},"110":{"start":{"line":271,"column":0},"end":{"line":271,"column":42}},"111":{"start":{"line":272,"column":0},"end":{"line":272,"column":46}},"112":{"start":{"line":273,"column":0},"end":{"line":273,"column":38}},"113":{"start":{"line":274,"column":0},"end":{"line":274,"column":84}},"114":{"start":{"line":275,"column":0},"end":{"line":275,"column":44}}},"fnMap":{"0":{"name":"_interopRequireWildcard","decl":{"start":{"line":20,"column":9},"end":{"line":20,"column":32}},"loc":{"start":{"line":20,"column":38},"end":{"line":20,"column":269}},"line":20},"1":{"name":"_interopRequireDefault","decl":{"start":{"line":22,"column":9},"end":{"line":22,"column":31}},"loc":{"start":{"line":22,"column":37},"end":{"line":22,"column":95}},"line":22},"2":{"name":"getStaffUsers","decl":{"start":{"line":30,"column":29},"end":{"line":30,"column":42}},"loc":{"start":{"line":30,"column":53},"end":{"line":50,"column":1}},"line":30},"3":{"name":"(anonymous_3)","decl":{"start":{"line":31,"column":135},"end":{"line":31,"column":136}},"loc":{"start":{"line":31,"column":155},"end":{"line":44,"column":3}},"line":31},"4":{"name":"(anonymous_4)","decl":{"start":{"line":44,"column":11},"end":{"line":44,"column":12}},"loc":{"start":{"line":44,"column":28},"end":{"line":49,"column":3}},"line":44},"5":{"name":"getSingleStaffUser","decl":{"start":{"line":52,"column":34},"end":{"line":52,"column":52}},"loc":{"start":{"line":52,"column":63},"end":{"line":73,"column":1}},"line":52},"6":{"name":"(anonymous_6)","decl":{"start":{"line":54,"column":194},"end":{"line":54,"column":195}},"loc":{"start":{"line":54,"column":214},"end":{"line":67,"column":3}},"line":54},"7":{"name":"(anonymous_7)","decl":{"start":{"line":67,"column":11},"end":{"line":67,"column":12}},"loc":{"start":{"line":67,"column":28},"end":{"line":72,"column":3}},"line":67},"8":{"name":"createStaffAdmin","decl":{"start":{"line":77,"column":32},"end":{"line":77,"column":48}},"loc":{"start":{"line":77,"column":59},"end":{"line":151,"column":1}},"line":77},"9":{"name":"(anonymous_9)","decl":{"start":{"line":97,"column":76},"end":{"line":97,"column":77}},"loc":{"start":{"line":97,"column":96},"end":{"line":149,"column":5}},"line":97},"10":{"name":"(anonymous_10)","decl":{"start":{"line":124,"column":284},"end":{"line":124,"column":285}},"loc":{"start":{"line":124,"column":304},"end":{"line":142,"column":9}},"line":124},"11":{"name":"(anonymous_11)","decl":{"start":{"line":142,"column":17},"end":{"line":142,"column":18}},"loc":{"start":{"line":142,"column":34},"end":{"line":147,"column":9}},"line":142},"12":{"name":"editUserProfile","decl":{"start":{"line":153,"column":31},"end":{"line":153,"column":46}},"loc":{"start":{"line":153,"column":57},"end":{"line":189,"column":1}},"line":153},"13":{"name":"(anonymous_13)","decl":{"start":{"line":167,"column":65},"end":{"line":167,"column":66}},"loc":{"start":{"line":167,"column":85},"end":{"line":182,"column":5}},"line":167},"14":{"name":"(anonymous_14)","decl":{"start":{"line":170,"column":209},"end":{"line":170,"column":210}},"loc":{"start":{"line":170,"column":229},"end":{"line":175,"column":9}},"line":170},"15":{"name":"(anonymous_15)","decl":{"start":{"line":182,"column":13},"end":{"line":182,"column":14}},"loc":{"start":{"line":182,"column":30},"end":{"line":187,"column":5}},"line":182},"16":{"name":"getAllTransactionsPerfomedByOneStaff","decl":{"start":{"line":191,"column":52},"end":{"line":191,"column":88}},"loc":{"start":{"line":191,"column":99},"end":{"line":211,"column":1}},"line":191},"17":{"name":"(anonymous_17)","decl":{"start":{"line":192,"column":91},"end":{"line":192,"column":92}},"loc":{"start":{"line":192,"column":111},"end":{"line":205,"column":3}},"line":192},"18":{"name":"(anonymous_18)","decl":{"start":{"line":205,"column":11},"end":{"line":205,"column":12}},"loc":{"start":{"line":205,"column":28},"end":{"line":210,"column":3}},"line":205},"19":{"name":"deactivateAccount","decl":{"start":{"line":214,"column":33},"end":{"line":214,"column":50}},"loc":{"start":{"line":214,"column":61},"end":{"line":245,"column":1}},"line":214},"20":{"name":"(anonymous_20)","decl":{"start":{"line":227,"column":117},"end":{"line":227,"column":118}},"loc":{"start":{"line":227,"column":137},"end":{"line":239,"column":3}},"line":227},"21":{"name":"(anonymous_21)","decl":{"start":{"line":239,"column":11},"end":{"line":239,"column":12}},"loc":{"start":{"line":239,"column":28},"end":{"line":244,"column":3}},"line":239},"22":{"name":"deleteAccount","decl":{"start":{"line":247,"column":29},"end":{"line":247,"column":42}},"loc":{"start":{"line":247,"column":53},"end":{"line":267,"column":1}},"line":247},"23":{"name":"(anonymous_23)","decl":{"start":{"line":249,"column":85},"end":{"line":249,"column":86}},"loc":{"start":{"line":249,"column":105},"end":{"line":261,"column":3}},"line":249},"24":{"name":"(anonymous_24)","decl":{"start":{"line":261,"column":11},"end":{"line":261,"column":12}},"loc":{"start":{"line":261,"column":28},"end":{"line":266,"column":3}},"line":261}},"branchMap":{"0":{"loc":{"start":{"line":20,"column":40},"end":{"line":20,"column":267}},"type":"if","locations":[{"start":{"line":20,"column":40},"end":{"line":20,"column":267}},{"start":{"line":20,"column":40},"end":{"line":20,"column":267}}],"line":20},"1":{"loc":{"start":{"line":20,"column":44},"end":{"line":20,"column":65}},"type":"binary-expr","locations":[{"start":{"line":20,"column":44},"end":{"line":20,"column":47}},{"start":{"line":20,"column":51},"end":{"line":20,"column":65}}],"line":20},"2":{"loc":{"start":{"line":20,"column":107},"end":{"line":20,"column":228}},"type":"if","locations":[{"start":{"line":20,"column":107},"end":{"line":20,"column":228}},{"start":{"line":20,"column":107},"end":{"line":20,"column":228}}],"line":20},"3":{"loc":{"start":{"line":20,"column":149},"end":{"line":20,"column":224}},"type":"if","locations":[{"start":{"line":20,"column":149},"end":{"line":20,"column":224}},{"start":{"line":20,"column":149},"end":{"line":20,"column":224}}],"line":20},"4":{"loc":{"start":{"line":22,"column":46},"end":{"line":22,"column":92}},"type":"cond-expr","locations":[{"start":{"line":22,"column":70},"end":{"line":22,"column":73}},{"start":{"line":22,"column":76},"end":{"line":22,"column":92}}],"line":22},"5":{"loc":{"start":{"line":22,"column":46},"end":{"line":22,"column":67}},"type":"binary-expr","locations":[{"start":{"line":22,"column":46},"end":{"line":22,"column":49}},{"start":{"line":22,"column":53},"end":{"line":22,"column":67}}],"line":22},"6":{"loc":{"start":{"line":33,"column":4},"end":{"line":43,"column":5}},"type":"if","locations":[{"start":{"line":33,"column":4},"end":{"line":43,"column":5}},{"start":{"line":33,"column":4},"end":{"line":43,"column":5}}],"line":33},"7":{"loc":{"start":{"line":56,"column":4},"end":{"line":66,"column":5}},"type":"if","locations":[{"start":{"line":56,"column":4},"end":{"line":66,"column":5}},{"start":{"line":56,"column":4},"end":{"line":66,"column":5}}],"line":56},"8":{"loc":{"start":{"line":86,"column":2},"end":{"line":150,"column":3}},"type":"if","locations":[{"start":{"line":86,"column":2},"end":{"line":150,"column":3}},{"start":{"line":86,"column":2},"end":{"line":150,"column":3}}],"line":86},"9":{"loc":{"start":{"line":91,"column":9},"end":{"line":150,"column":3}},"type":"if","locations":[{"start":{"line":91,"column":9},"end":{"line":150,"column":3}},{"start":{"line":91,"column":9},"end":{"line":150,"column":3}}],"line":91},"10":{"loc":{"start":{"line":99,"column":6},"end":{"line":148,"column":7}},"type":"if","locations":[{"start":{"line":99,"column":6},"end":{"line":148,"column":7}},{"start":{"line":99,"column":6},"end":{"line":148,"column":7}}],"line":99},"11":{"loc":{"start":{"line":107,"column":8},"end":{"line":111,"column":9}},"type":"if","locations":[{"start":{"line":107,"column":8},"end":{"line":111,"column":9}},{"start":{"line":107,"column":8},"end":{"line":111,"column":9}}],"line":107},"12":{"loc":{"start":{"line":126,"column":10},"end":{"line":141,"column":11}},"type":"if","locations":[{"start":{"line":126,"column":10},"end":{"line":141,"column":11}},{"start":{"line":126,"column":10},"end":{"line":141,"column":11}}],"line":126},"13":{"loc":{"start":{"line":155,"column":2},"end":{"line":188,"column":3}},"type":"if","locations":[{"start":{"line":155,"column":2},"end":{"line":188,"column":3}},{"start":{"line":155,"column":2},"end":{"line":188,"column":3}}],"line":155},"14":{"loc":{"start":{"line":155,"column":6},"end":{"line":155,"column":104}},"type":"binary-expr","locations":[{"start":{"line":155,"column":6},"end":{"line":155,"column":25}},{"start":{"line":155,"column":29},"end":{"line":155,"column":47}},{"start":{"line":155,"column":51},"end":{"line":155,"column":66}},{"start":{"line":155,"column":70},"end":{"line":155,"column":83}},{"start":{"line":155,"column":87},"end":{"line":155,"column":104}}],"line":155},"15":{"loc":{"start":{"line":165,"column":16},"end":{"line":165,"column":78}},"type":"binary-expr","locations":[{"start":{"line":165,"column":16},"end":{"line":165,"column":24}},{"start":{"line":165,"column":28},"end":{"line":165,"column":78}}],"line":165},"16":{"loc":{"start":{"line":169,"column":6},"end":{"line":181,"column":7}},"type":"if","locations":[{"start":{"line":169,"column":6},"end":{"line":181,"column":7}},{"start":{"line":169,"column":6},"end":{"line":181,"column":7}}],"line":169},"17":{"loc":{"start":{"line":194,"column":4},"end":{"line":204,"column":5}},"type":"if","locations":[{"start":{"line":194,"column":4},"end":{"line":204,"column":5}},{"start":{"line":194,"column":4},"end":{"line":204,"column":5}}],"line":194},"18":{"loc":{"start":{"line":217,"column":2},"end":{"line":226,"column":3}},"type":"if","locations":[{"start":{"line":217,"column":2},"end":{"line":226,"column":3}},{"start":{"line":217,"column":2},"end":{"line":226,"column":3}}],"line":217},"19":{"loc":{"start":{"line":219,"column":9},"end":{"line":226,"column":3}},"type":"if","locations":[{"start":{"line":219,"column":9},"end":{"line":226,"column":3}},{"start":{"line":219,"column":9},"end":{"line":226,"column":3}}],"line":219},"20":{"loc":{"start":{"line":228,"column":4},"end":{"line":238,"column":5}},"type":"if","locations":[{"start":{"line":228,"column":4},"end":{"line":238,"column":5}},{"start":{"line":228,"column":4},"end":{"line":238,"column":5}}],"line":228},"21":{"loc":{"start":{"line":242,"column":15},"end":{"line":242,"column":40}},"type":"binary-expr","locations":[{"start":{"line":242,"column":15},"end":{"line":242,"column":20}},{"start":{"line":242,"column":24},"end":{"line":242,"column":40}}],"line":242},"22":{"loc":{"start":{"line":250,"column":4},"end":{"line":260,"column":5}},"type":"if","locations":[{"start":{"line":250,"column":4},"end":{"line":260,"column":5}},{"start":{"line":250,"column":4},"end":{"line":260,"column":5}}],"line":250},"23":{"loc":{"start":{"line":264,"column":15},"end":{"line":264,"column":40}},"type":"binary-expr","locations":[{"start":{"line":264,"column":15},"end":{"line":264,"column":20}},{"start":{"line":264,"column":24},"end":{"line":264,"column":40}}],"line":264}},"s":{"0":0,"1":0,"2":0,"3":0,"4":0,"5":0,"6":0,"7":0,"8":0,"9":0,"10":0,"11":0,"12":0,"13":0,"14":0,"15":0,"16":0,"17":0,"18":0,"19":0,"20":0,"21":0,"22":0,"23":0,"24":0,"25":0,"26":0,"27":0,"28":0,"29":0,"30":0,"31":0,"32":0,"33":0,"34":0,"35":0,"36":0,"37":0,"38":0,"39":0,"40":0,"41":0,"42":0,"43":0,"44":0,"45":0,"46":0,"47":0,"48":0,"49":0,"50":0,"51":0,"52":0,"53":0,"54":0,"55":0,"56":0,"57":0,"58":0,"59":0,"60":0,"61":0,"62":0,"63":0,"64":0,"65":0,"66":0,"67":0,"68":0,"69":0,"70":0,"71":0,"72":0,"73":0,"74":0,"75":0,"76":0,"77":0,"78":0,"79":0,"80":0,"81":0,"82":0,"83":0,"84":0,"85":0,"86":0,"87":0,"88":0,"89":0,"90":0,"91":0,"92":0,"93":0,"94":0,"95":0,"96":0,"97":0,"98":0,"99":0,"100":0,"101":0,"102":0,"103":0,"104":0,"105":0,"106":0,"107":0,"108":0,"109":0,"110":0,"111":0,"112":0,"113":0,"114":0},"f":{"0":0,"1":0,"2":0,"3":0,"4":0,"5":0,"6":0,"7":0,"8":0,"9":0,"10":0,"11":0,"12":0,"13":0,"14":0,"15":0,"16":0,"17":0,"18":0,"19":0,"20":0,"21":0,"22":0,"23":0,"24":0},"b":{"0":[0,0],"1":[0,0],"2":[0,0],"3":[0,0],"4":[0,0],"5":[0,0],"6":[0,0],"7":[0,0],"8":[0,0],"9":[0,0],"10":[0,0],"11":[0,0],"12":[0,0],"13":[0,0],"14":[0,0,0,0,0],"15":[0,0],"16":[0,0],"17":[0,0],"18":[0,0],"19":[0,0],"20":[0,0],"21":[0,0],"22":[0,0],"23":[0,0]}},"C:\\Users\\USER\\Desktop\\ANDELA\\Banka\\Banka\\server\\controllers\\authentication.js":{"path":"C:\\Users\\USER\\Desktop\\ANDELA\\Banka\\Banka\\server\\controllers\\authentication.js","statementMap":{"0":{"start":{"line":3,"column":0},"end":{"line":5,"column":3}},"1":{"start":{"line":6,"column":0},"end":{"line":6,"column":44}},"2":{"start":{"line":8,"column":14},"end":{"line":8,"column":31}},"3":{"start":{"line":10,"column":15},"end":{"line":10,"column":46}},"4":{"start":{"line":12,"column":15},"end":{"line":12,"column":33}},"5":{"start":{"line":14,"column":16},"end":{"line":14,"column":48}},"6":{"start":{"line":16,"column":18},"end":{"line":16,"column":40}},"7":{"start":{"line":18,"column":19},"end":{"line":18,"column":54}},"8":{"start":{"line":20,"column":16},"end":{"line":20,"column":35}},"9":{"start":{"line":22,"column":17},"end":{"line":22,"column":50}},"10":{"start":{"line":24,"column":20},"end":{"line":24,"column":43}},"11":{"start":{"line":26,"column":21},"end":{"line":26,"column":58}},"12":{"start":{"line":28,"column":14},"end":{"line":28,"column":42}},"13":{"start":{"line":30,"column":13},"end":{"line":30,"column":45}},"14":{"start":{"line":32,"column":23},"end":{"line":32,"column":66}},"15":{"start":{"line":34,"column":14},"end":{"line":34,"column":42}},"16":{"start":{"line":36,"column":13},"end":{"line":36,"column":35}},"17":{"start":{"line":38,"column":14},"end":{"line":38,"column":41}},"18":{"start":{"line":40,"column":40},"end":{"line":40,"column":267}},"19":{"start":{"line":40,"column":69},"end":{"line":40,"column":80}},"20":{"start":{"line":40,"column":103},"end":{"line":40,"column":105}},"21":{"start":{"line":40,"column":107},"end":{"line":40,"column":228}},"22":{"start":{"line":40,"column":126},"end":{"line":40,"column":226}},"23":{"start":{"line":40,"column":149},"end":{"line":40,"column":224}},"24":{"start":{"line":40,"column":201},"end":{"line":40,"column":224}},"25":{"start":{"line":40,"column":229},"end":{"line":40,"column":250}},"26":{"start":{"line":40,"column":251},"end":{"line":40,"column":265}},"27":{"start":{"line":42,"column":39},"end":{"line":42,"column":93}},"28":{"start":{"line":46,"column":0},"end":{"line":46,"column":26}},"29":{"start":{"line":49,"column":9},"end":{"line":49,"column":20}},"30":{"start":{"line":51,"column":13},"end":{"line":51,"column":37}},"31":{"start":{"line":52,"column":13},"end":{"line":52,"column":39}},"32":{"start":{"line":54,"column":0},"end":{"line":54,"column":42}},"33":{"start":{"line":57,"column":13},"end":{"line":114,"column":1}},"34":{"start":{"line":58,"column":14},"end":{"line":58,"column":28}},"35":{"start":{"line":59,"column":17},"end":{"line":59,"column":34}},"36":{"start":{"line":60,"column":13},"end":{"line":60,"column":34}},"37":{"start":{"line":61,"column":2},"end":{"line":113,"column":3}},"38":{"start":{"line":62,"column":4},"end":{"line":65,"column":7}},"39":{"start":{"line":66,"column":9},"end":{"line":113,"column":3}},"40":{"start":{"line":67,"column":4},"end":{"line":70,"column":7}},"41":{"start":{"line":72,"column":4},"end":{"line":112,"column":7}},"42":{"start":{"line":73,"column":20},"end":{"line":73,"column":33}},"43":{"start":{"line":74,"column":6},"end":{"line":106,"column":7}},"44":{"start":{"line":75,"column":8},"end":{"line":78,"column":11}},"45":{"start":{"line":81,"column":29},"end":{"line":81,"column":78}},"46":{"start":{"line":82,"column":22},"end":{"line":86,"column":9}},"47":{"start":{"line":87,"column":19},"end":{"line":87,"column":35}},"48":{"start":{"line":88,"column":8},"end":{"line":105,"column":11}},"49":{"start":{"line":89,"column":24},"end":{"line":89,"column":37}},"50":{"start":{"line":90,"column":10},"end":{"line":104,"column":11}},"51":{"start":{"line":91,"column":26},"end":{"line":91,"column":70}},"52":{"start":{"line":92,"column":24},"end":{"line":94,"column":14}},"53":{"start":{"line":95,"column":12},"end":{"line":95,"column":227}},"54":{"start":{"line":96,"column":12},"end":{"line":103,"column":15}},"55":{"start":{"line":108,"column":6},"end":{"line":111,"column":9}},"56":{"start":{"line":117,"column":13},"end":{"line":181,"column":1}},"57":{"start":{"line":119,"column":14},"end":{"line":119,"column":28}},"58":{"start":{"line":120,"column":17},"end":{"line":120,"column":34}},"59":{"start":{"line":121,"column":2},"end":{"line":180,"column":3}},"60":{"start":{"line":122,"column":4},"end":{"line":125,"column":7}},"61":{"start":{"line":127,"column":9},"end":{"line":180,"column":3}},"62":{"start":{"line":128,"column":4},"end":{"line":131,"column":7}},"63":{"start":{"line":133,"column":4},"end":{"line":179,"column":7}},"64":{"start":{"line":134,"column":20},"end":{"line":134,"column":36}},"65":{"start":{"line":135,"column":6},"end":{"line":173,"column":7}},"66":{"start":{"line":136,"column":8},"end":{"line":139,"column":11}},"67":{"start":{"line":141,"column":8},"end":{"line":172,"column":11}},"68":{"start":{"line":142,"column":10},"end":{"line":171,"column":11}},"69":{"start":{"line":143,"column":12},"end":{"line":146,"column":15}},"70":{"start":{"line":148,"column":26},"end":{"line":149,"column":40}},"71":{"start":{"line":150,"column":24},"end":{"line":152,"column":14}},"72":{"start":{"line":154,"column":12},"end":{"line":154,"column":34}},"73":{"start":{"line":155,"column":12},"end":{"line":170,"column":15}},"74":{"start":{"line":175,"column":6},"end":{"line":178,"column":9}},"75":{"start":{"line":183,"column":0},"end":{"line":183,"column":24}},"76":{"start":{"line":184,"column":0},"end":{"line":184,"column":24}}},"fnMap":{"0":{"name":"_interopRequireWildcard","decl":{"start":{"line":40,"column":9},"end":{"line":40,"column":32}},"loc":{"start":{"line":40,"column":38},"end":{"line":40,"column":269}},"line":40},"1":{"name":"_interopRequireDefault","decl":{"start":{"line":42,"column":9},"end":{"line":42,"column":31}},"loc":{"start":{"line":42,"column":37},"end":{"line":42,"column":95}},"line":42},"2":{"name":"signUp","decl":{"start":{"line":57,"column":22},"end":{"line":57,"column":28}},"loc":{"start":{"line":57,"column":39},"end":{"line":114,"column":1}},"line":57},"3":{"name":"(anonymous_3)","decl":{"start":{"line":72,"column":76},"end":{"line":72,"column":77}},"loc":{"start":{"line":72,"column":96},"end":{"line":107,"column":5}},"line":72},"4":{"name":"(anonymous_4)","decl":{"start":{"line":88,"column":154},"end":{"line":88,"column":155}},"loc":{"start":{"line":88,"column":174},"end":{"line":105,"column":9}},"line":88},"5":{"name":"(anonymous_5)","decl":{"start":{"line":107,"column":13},"end":{"line":107,"column":14}},"loc":{"start":{"line":107,"column":30},"end":{"line":112,"column":5}},"line":107},"6":{"name":"signIn","decl":{"start":{"line":117,"column":22},"end":{"line":117,"column":28}},"loc":{"start":{"line":117,"column":39},"end":{"line":181,"column":1}},"line":117},"7":{"name":"(anonymous_7)","decl":{"start":{"line":133,"column":67},"end":{"line":133,"column":68}},"loc":{"start":{"line":133,"column":87},"end":{"line":174,"column":5}},"line":133},"8":{"name":"(anonymous_8)","decl":{"start":{"line":141,"column":68},"end":{"line":141,"column":69}},"loc":{"start":{"line":141,"column":88},"end":{"line":172,"column":9}},"line":141},"9":{"name":"(anonymous_9)","decl":{"start":{"line":174,"column":13},"end":{"line":174,"column":14}},"loc":{"start":{"line":174,"column":30},"end":{"line":179,"column":5}},"line":174}},"branchMap":{"0":{"loc":{"start":{"line":40,"column":40},"end":{"line":40,"column":267}},"type":"if","locations":[{"start":{"line":40,"column":40},"end":{"line":40,"column":267}},{"start":{"line":40,"column":40},"end":{"line":40,"column":267}}],"line":40},"1":{"loc":{"start":{"line":40,"column":44},"end":{"line":40,"column":65}},"type":"binary-expr","locations":[{"start":{"line":40,"column":44},"end":{"line":40,"column":47}},{"start":{"line":40,"column":51},"end":{"line":40,"column":65}}],"line":40},"2":{"loc":{"start":{"line":40,"column":107},"end":{"line":40,"column":228}},"type":"if","locations":[{"start":{"line":40,"column":107},"end":{"line":40,"column":228}},{"start":{"line":40,"column":107},"end":{"line":40,"column":228}}],"line":40},"3":{"loc":{"start":{"line":40,"column":149},"end":{"line":40,"column":224}},"type":"if","locations":[{"start":{"line":40,"column":149},"end":{"line":40,"column":224}},{"start":{"line":40,"column":149},"end":{"line":40,"column":224}}],"line":40},"4":{"loc":{"start":{"line":42,"column":46},"end":{"line":42,"column":92}},"type":"cond-expr","locations":[{"start":{"line":42,"column":70},"end":{"line":42,"column":73}},{"start":{"line":42,"column":76},"end":{"line":42,"column":92}}],"line":42},"5":{"loc":{"start":{"line":42,"column":46},"end":{"line":42,"column":67}},"type":"binary-expr","locations":[{"start":{"line":42,"column":46},"end":{"line":42,"column":49}},{"start":{"line":42,"column":53},"end":{"line":42,"column":67}}],"line":42},"6":{"loc":{"start":{"line":61,"column":2},"end":{"line":113,"column":3}},"type":"if","locations":[{"start":{"line":61,"column":2},"end":{"line":113,"column":3}},{"start":{"line":61,"column":2},"end":{"line":113,"column":3}}],"line":61},"7":{"loc":{"start":{"line":61,"column":6},"end":{"line":61,"column":56}},"type":"binary-expr","locations":[{"start":{"line":61,"column":6},"end":{"line":61,"column":46}},{"start":{"line":61,"column":50},"end":{"line":61,"column":56}}],"line":61},"8":{"loc":{"start":{"line":66,"column":9},"end":{"line":113,"column":3}},"type":"if","locations":[{"start":{"line":66,"column":9},"end":{"line":113,"column":3}},{"start":{"line":66,"column":9},"end":{"line":113,"column":3}}],"line":66},"9":{"loc":{"start":{"line":74,"column":6},"end":{"line":106,"column":7}},"type":"if","locations":[{"start":{"line":74,"column":6},"end":{"line":106,"column":7}},{"start":{"line":74,"column":6},"end":{"line":106,"column":7}}],"line":74},"10":{"loc":{"start":{"line":90,"column":10},"end":{"line":104,"column":11}},"type":"if","locations":[{"start":{"line":90,"column":10},"end":{"line":104,"column":11}},{"start":{"line":90,"column":10},"end":{"line":104,"column":11}}],"line":90},"11":{"loc":{"start":{"line":121,"column":2},"end":{"line":180,"column":3}},"type":"if","locations":[{"start":{"line":121,"column":2},"end":{"line":180,"column":3}},{"start":{"line":121,"column":2},"end":{"line":180,"column":3}}],"line":121},"12":{"loc":{"start":{"line":121,"column":6},"end":{"line":121,"column":25}},"type":"binary-expr","locations":[{"start":{"line":121,"column":6},"end":{"line":121,"column":15}},{"start":{"line":121,"column":19},"end":{"line":121,"column":25}}],"line":121},"13":{"loc":{"start":{"line":127,"column":9},"end":{"line":180,"column":3}},"type":"if","locations":[{"start":{"line":127,"column":9},"end":{"line":180,"column":3}},{"start":{"line":127,"column":9},"end":{"line":180,"column":3}}],"line":127},"14":{"loc":{"start":{"line":135,"column":6},"end":{"line":173,"column":7}},"type":"if","locations":[{"start":{"line":135,"column":6},"end":{"line":173,"column":7}},{"start":{"line":135,"column":6},"end":{"line":173,"column":7}}],"line":135},"15":{"loc":{"start":{"line":142,"column":10},"end":{"line":171,"column":11}},"type":"if","locations":[{"start":{"line":142,"column":10},"end":{"line":171,"column":11}},{"start":{"line":142,"column":10},"end":{"line":171,"column":11}}],"line":142}},"s":{"0":0,"1":0,"2":0,"3":0,"4":0,"5":0,"6":0,"7":0,"8":0,"9":0,"10":0,"11":0,"12":0,"13":0,"14":0,"15":0,"16":0,"17":0,"18":0,"19":0,"20":0,"21":0,"22":0,"23":0,"24":0,"25":0,"26":0,"27":0,"28":0,"29":0,"30":0,"31":0,"32":0,"33":0,"34":0,"35":0,"36":0,"37":0,"38":0,"39":0,"40":0,"41":0,"42":0,"43":0,"44":0,"45":0,"46":0,"47":0,"48":0,"49":0,"50":0,"51":0,"52":0,"53":0,"54":0,"55":0,"56":0,"57":0,"58":0,"59":0,"60":0,"61":0,"62":0,"63":0,"64":0,"65":0,"66":0,"67":0,"68":0,"69":0,"70":0,"71":0,"72":0,"73":0,"74":0,"75":0,"76":0},"f":{"0":0,"1":0,"2":0,"3":0,"4":0,"5":0,"6":0,"7":0,"8":0,"9":0},"b":{"0":[0,0],"1":[0,0],"2":[0,0],"3":[0,0],"4":[0,0],"5":[0,0],"6":[0,0],"7":[0,0],"8":[0,0],"9":[0,0],"10":[0,0],"11":[0,0],"12":[0,0],"13":[0,0],"14":[0,0],"15":[0,0]}},"C:\\Users\\USER\\Desktop\\ANDELA\\Banka\\Banka\\server\\controllers\\generalQueries.js":{"path":"C:\\Users\\USER\\Desktop\\ANDELA\\Banka\\Banka\\server\\controllers\\generalQueries.js","statementMap":{"0":{"start":{"line":3,"column":0},"end":{"line":5,"column":3}},"1":{"start":{"line":6,"column":0},"end":{"line":6,"column":34}},"2":{"start":{"line":8,"column":16},"end":{"line":8,"column":35}},"3":{"start":{"line":10,"column":17},"end":{"line":10,"column":50}},"4":{"start":{"line":12,"column":14},"end":{"line":12,"column":42}},"5":{"start":{"line":14,"column":13},"end":{"line":14,"column":45}},"6":{"start":{"line":16,"column":14},"end":{"line":16,"column":42}},"7":{"start":{"line":18,"column":13},"end":{"line":18,"column":35}},"8":{"start":{"line":20,"column":40},"end":{"line":20,"column":267}},"9":{"start":{"line":20,"column":69},"end":{"line":20,"column":80}},"10":{"start":{"line":20,"column":103},"end":{"line":20,"column":105}},"11":{"start":{"line":20,"column":107},"end":{"line":20,"column":228}},"12":{"start":{"line":20,"column":126},"end":{"line":20,"column":226}},"13":{"start":{"line":20,"column":149},"end":{"line":20,"column":224}},"14":{"start":{"line":20,"column":201},"end":{"line":20,"column":224}},"15":{"start":{"line":20,"column":229},"end":{"line":20,"column":250}},"16":{"start":{"line":20,"column":251},"end":{"line":20,"column":265}},"17":{"start":{"line":22,"column":39},"end":{"line":22,"column":93}},"18":{"start":{"line":27,"column":9},"end":{"line":27,"column":20}},"19":{"start":{"line":29,"column":20},"end":{"line":62,"column":1}},"20":{"start":{"line":30,"column":14},"end":{"line":30,"column":28}},"21":{"start":{"line":31,"column":2},"end":{"line":61,"column":5}},"22":{"start":{"line":32,"column":17},"end":{"line":32,"column":30}},"23":{"start":{"line":33,"column":4},"end":{"line":55,"column":5}},"24":{"start":{"line":34,"column":6},"end":{"line":37,"column":9}},"25":{"start":{"line":38,"column":11},"end":{"line":55,"column":5}},"26":{"start":{"line":39,"column":21},"end":{"line":39,"column":65}},"27":{"start":{"line":40,"column":27},"end":{"line":40,"column":67}},"28":{"start":{"line":41,"column":6},"end":{"line":54,"column":9}},"29":{"start":{"line":42,"column":8},"end":{"line":53,"column":9}},"30":{"start":{"line":43,"column":10},"end":{"line":46,"column":13}},"31":{"start":{"line":48,"column":10},"end":{"line":48,"column":327}},"32":{"start":{"line":49,"column":10},"end":{"line":52,"column":13}},"33":{"start":{"line":57,"column":4},"end":{"line":60,"column":7}},"34":{"start":{"line":64,"column":0},"end":{"line":64,"column":38}}},"fnMap":{"0":{"name":"_interopRequireWildcard","decl":{"start":{"line":20,"column":9},"end":{"line":20,"column":32}},"loc":{"start":{"line":20,"column":38},"end":{"line":20,"column":269}},"line":20},"1":{"name":"_interopRequireDefault","decl":{"start":{"line":22,"column":9},"end":{"line":22,"column":31}},"loc":{"start":{"line":22,"column":37},"end":{"line":22,"column":95}},"line":22},"2":{"name":"passwordReset","decl":{"start":{"line":29,"column":29},"end":{"line":29,"column":42}},"loc":{"start":{"line":29,"column":53},"end":{"line":62,"column":1}},"line":29},"3":{"name":"(anonymous_3)","decl":{"start":{"line":31,"column":74},"end":{"line":31,"column":75}},"loc":{"start":{"line":31,"column":94},"end":{"line":56,"column":3}},"line":31},"4":{"name":"(anonymous_4)","decl":{"start":{"line":41,"column":91},"end":{"line":41,"column":92}},"loc":{"start":{"line":41,"column":118},"end":{"line":54,"column":7}},"line":41},"5":{"name":"(anonymous_5)","decl":{"start":{"line":56,"column":11},"end":{"line":56,"column":12}},"loc":{"start":{"line":56,"column":28},"end":{"line":61,"column":3}},"line":56}},"branchMap":{"0":{"loc":{"start":{"line":20,"column":40},"end":{"line":20,"column":267}},"type":"if","locations":[{"start":{"line":20,"column":40},"end":{"line":20,"column":267}},{"start":{"line":20,"column":40},"end":{"line":20,"column":267}}],"line":20},"1":{"loc":{"start":{"line":20,"column":44},"end":{"line":20,"column":65}},"type":"binary-expr","locations":[{"start":{"line":20,"column":44},"end":{"line":20,"column":47}},{"start":{"line":20,"column":51},"end":{"line":20,"column":65}}],"line":20},"2":{"loc":{"start":{"line":20,"column":107},"end":{"line":20,"column":228}},"type":"if","locations":[{"start":{"line":20,"column":107},"end":{"line":20,"column":228}},{"start":{"line":20,"column":107},"end":{"line":20,"column":228}}],"line":20},"3":{"loc":{"start":{"line":20,"column":149},"end":{"line":20,"column":224}},"type":"if","locations":[{"start":{"line":20,"column":149},"end":{"line":20,"column":224}},{"start":{"line":20,"column":149},"end":{"line":20,"column":224}}],"line":20},"4":{"loc":{"start":{"line":22,"column":46},"end":{"line":22,"column":92}},"type":"cond-expr","locations":[{"start":{"line":22,"column":70},"end":{"line":22,"column":73}},{"start":{"line":22,"column":76},"end":{"line":22,"column":92}}],"line":22},"5":{"loc":{"start":{"line":22,"column":46},"end":{"line":22,"column":67}},"type":"binary-expr","locations":[{"start":{"line":22,"column":46},"end":{"line":22,"column":49}},{"start":{"line":22,"column":53},"end":{"line":22,"column":67}}],"line":22},"6":{"loc":{"start":{"line":33,"column":4},"end":{"line":55,"column":5}},"type":"if","locations":[{"start":{"line":33,"column":4},"end":{"line":55,"column":5}},{"start":{"line":33,"column":4},"end":{"line":55,"column":5}}],"line":33},"7":{"loc":{"start":{"line":38,"column":11},"end":{"line":55,"column":5}},"type":"if","locations":[{"start":{"line":38,"column":11},"end":{"line":55,"column":5}},{"start":{"line":38,"column":11},"end":{"line":55,"column":5}}],"line":38},"8":{"loc":{"start":{"line":42,"column":8},"end":{"line":53,"column":9}},"type":"if","locations":[{"start":{"line":42,"column":8},"end":{"line":53,"column":9}},{"start":{"line":42,"column":8},"end":{"line":53,"column":9}}],"line":42},"9":{"loc":{"start":{"line":59,"column":15},"end":{"line":59,"column":40}},"type":"binary-expr","locations":[{"start":{"line":59,"column":15},"end":{"line":59,"column":20}},{"start":{"line":59,"column":24},"end":{"line":59,"column":40}}],"line":59}},"s":{"0":0,"1":0,"2":0,"3":0,"4":0,"5":0,"6":0,"7":0,"8":0,"9":0,"10":0,"11":0,"12":0,"13":0,"14":0,"15":0,"16":0,"17":0,"18":0,"19":0,"20":0,"21":0,"22":0,"23":0,"24":0,"25":0,"26":0,"27":0,"28":0,"29":0,"30":0,"31":0,"32":0,"33":0,"34":0},"f":{"0":0,"1":0,"2":0,"3":0,"4":0,"5":0},"b":{"0":[0,0],"1":[0,0],"2":[0,0],"3":[0,0],"4":[0,0],"5":[0,0],"6":[0,0],"7":[0,0],"8":[0,0],"9":[0,0]}},"C:\\Users\\USER\\Desktop\\ANDELA\\Banka\\Banka\\server\\controllers\\staffQueries.js":{"path":"C:\\Users\\USER\\Desktop\\ANDELA\\Banka\\Banka\\server\\controllers\\staffQueries.js","statementMap":{"0":{"start":{"line":3,"column":0},"end":{"line":5,"column":3}},"1":{"start":{"line":6,"column":0},"end":{"line":6,"column":262}},"2":{"start":{"line":8,"column":16},"end":{"line":8,"column":35}},"3":{"start":{"line":10,"column":17},"end":{"line":10,"column":50}},"4":{"start":{"line":12,"column":14},"end":{"line":12,"column":42}},"5":{"start":{"line":14,"column":13},"end":{"line":14,"column":45}},"6":{"start":{"line":16,"column":13},"end":{"line":16,"column":35}},"7":{"start":{"line":18,"column":14},"end":{"line":18,"column":42}},"8":{"start":{"line":20,"column":40},"end":{"line":20,"column":267}},"9":{"start":{"line":20,"column":69},"end":{"line":20,"column":80}},"10":{"start":{"line":20,"column":103},"end":{"line":20,"column":105}},"11":{"start":{"line":20,"column":107},"end":{"line":20,"column":228}},"12":{"start":{"line":20,"column":126},"end":{"line":20,"column":226}},"13":{"start":{"line":20,"column":149},"end":{"line":20,"column":224}},"14":{"start":{"line":20,"column":201},"end":{"line":20,"column":224}},"15":{"start":{"line":20,"column":229},"end":{"line":20,"column":250}},"16":{"start":{"line":20,"column":251},"end":{"line":20,"column":265}},"17":{"start":{"line":22,"column":39},"end":{"line":22,"column":93}},"18":{"start":{"line":27,"column":9},"end":{"line":27,"column":20}},"19":{"start":{"line":30,"column":18},"end":{"line":50,"column":1}},"20":{"start":{"line":31,"column":2},"end":{"line":49,"column":5}},"21":{"start":{"line":32,"column":17},"end":{"line":32,"column":30}},"22":{"start":{"line":33,"column":4},"end":{"line":43,"column":5}},"23":{"start":{"line":34,"column":6},"end":{"line":37,"column":9}},"24":{"start":{"line":39,"column":6},"end":{"line":42,"column":9}},"25":{"start":{"line":45,"column":4},"end":{"line":48,"column":7}},"26":{"start":{"line":53,"column":27},"end":{"line":74,"column":1}},"27":{"start":{"line":54,"column":15},"end":{"line":54,"column":38}},"28":{"start":{"line":55,"column":2},"end":{"line":73,"column":5}},"29":{"start":{"line":56,"column":17},"end":{"line":56,"column":30}},"30":{"start":{"line":57,"column":4},"end":{"line":67,"column":5}},"31":{"start":{"line":58,"column":6},"end":{"line":61,"column":9}},"32":{"start":{"line":63,"column":6},"end":{"line":66,"column":9}},"33":{"start":{"line":69,"column":4},"end":{"line":72,"column":7}},"34":{"start":{"line":77,"column":29},"end":{"line":98,"column":1}},"35":{"start":{"line":78,"column":22},"end":{"line":78,"column":46}},"36":{"start":{"line":79,"column":2},"end":{"line":97,"column":5}},"37":{"start":{"line":80,"column":17},"end":{"line":80,"column":30}},"38":{"start":{"line":81,"column":4},"end":{"line":91,"column":5}},"39":{"start":{"line":82,"column":6},"end":{"line":85,"column":9}},"40":{"start":{"line":87,"column":6},"end":{"line":90,"column":9}},"41":{"start":{"line":93,"column":4},"end":{"line":96,"column":7}},"42":{"start":{"line":101,"column":40},"end":{"line":122,"column":1}},"43":{"start":{"line":102,"column":22},"end":{"line":102,"column":46}},"44":{"start":{"line":103,"column":2},"end":{"line":121,"column":5}},"45":{"start":{"line":104,"column":17},"end":{"line":104,"column":30}},"46":{"start":{"line":105,"column":4},"end":{"line":115,"column":5}},"47":{"start":{"line":106,"column":6},"end":{"line":109,"column":9}},"48":{"start":{"line":111,"column":6},"end":{"line":114,"column":9}},"49":{"start":{"line":117,"column":4},"end":{"line":120,"column":7}},"50":{"start":{"line":126,"column":21},"end":{"line":174,"column":1}},"51":{"start":{"line":127,"column":15},"end":{"line":127,"column":39}},"52":{"start":{"line":128,"column":2},"end":{"line":173,"column":3}},"53":{"start":{"line":129,"column":4},"end":{"line":147,"column":7}},"54":{"start":{"line":130,"column":19},"end":{"line":130,"column":32}},"55":{"start":{"line":131,"column":6},"end":{"line":141,"column":7}},"56":{"start":{"line":132,"column":8},"end":{"line":135,"column":11}},"57":{"start":{"line":137,"column":8},"end":{"line":140,"column":11}},"58":{"start":{"line":143,"column":6},"end":{"line":146,"column":9}},"59":{"start":{"line":148,"column":9},"end":{"line":173,"column":3}},"60":{"start":{"line":149,"column":4},"end":{"line":167,"column":7}},"61":{"start":{"line":150,"column":19},"end":{"line":150,"column":32}},"62":{"start":{"line":151,"column":6},"end":{"line":161,"column":7}},"63":{"start":{"line":152,"column":8},"end":{"line":155,"column":11}},"64":{"start":{"line":157,"column":8},"end":{"line":160,"column":11}},"65":{"start":{"line":163,"column":6},"end":{"line":166,"column":9}},"66":{"start":{"line":169,"column":4},"end":{"line":172,"column":7}},"67":{"start":{"line":177,"column":38},"end":{"line":199,"column":1}},"68":{"start":{"line":178,"column":22},"end":{"line":178,"column":46}},"69":{"start":{"line":179,"column":22},"end":{"line":179,"column":46}},"70":{"start":{"line":180,"column":2},"end":{"line":198,"column":5}},"71":{"start":{"line":181,"column":17},"end":{"line":181,"column":30}},"72":{"start":{"line":182,"column":4},"end":{"line":192,"column":5}},"73":{"start":{"line":183,"column":6},"end":{"line":186,"column":9}},"74":{"start":{"line":188,"column":6},"end":{"line":191,"column":9}},"75":{"start":{"line":194,"column":4},"end":{"line":197,"column":7}},"76":{"start":{"line":203,"column":23},"end":{"line":258,"column":1}},"77":{"start":{"line":204,"column":16},"end":{"line":204,"column":30}},"78":{"start":{"line":205,"column":22},"end":{"line":205,"column":46}},"79":{"start":{"line":206,"column":20},"end":{"line":206,"column":40}},"80":{"start":{"line":207,"column":15},"end":{"line":207,"column":38}},"81":{"start":{"line":208,"column":11},"end":{"line":208,"column":37}},"82":{"start":{"line":209,"column":19},"end":{"line":209,"column":46}},"83":{"start":{"line":210,"column":17},"end":{"line":210,"column":42}},"84":{"start":{"line":211,"column":2},"end":{"line":257,"column":3}},"85":{"start":{"line":212,"column":4},"end":{"line":215,"column":7}},"86":{"start":{"line":217,"column":4},"end":{"line":256,"column":7}},"87":{"start":{"line":218,"column":19},"end":{"line":218,"column":35}},"88":{"start":{"line":219,"column":6},"end":{"line":250,"column":7}},"89":{"start":{"line":220,"column":8},"end":{"line":223,"column":11}},"90":{"start":{"line":224,"column":13},"end":{"line":250,"column":7}},"91":{"start":{"line":225,"column":29},"end":{"line":225,"column":81}},"92":{"start":{"line":226,"column":8},"end":{"line":244,"column":11}},"93":{"start":{"line":227,"column":10},"end":{"line":243,"column":11}},"94":{"start":{"line":228,"column":12},"end":{"line":242,"column":15}},"95":{"start":{"line":229,"column":28},"end":{"line":229,"column":44}},"96":{"start":{"line":230,"column":14},"end":{"line":241,"column":15}},"97":{"start":{"line":231,"column":16},"end":{"line":240,"column":19}},"98":{"start":{"line":232,"column":35},"end":{"line":232,"column":51}},"99":{"start":{"line":233,"column":18},"end":{"line":239,"column":19}},"100":{"start":{"line":234,"column":20},"end":{"line":234,"column":443}},"101":{"start":{"line":235,"column":20},"end":{"line":238,"column":23}},"102":{"start":{"line":246,"column":8},"end":{"line":249,"column":11}},"103":{"start":{"line":252,"column":6},"end":{"line":255,"column":9}},"104":{"start":{"line":261,"column":24},"end":{"line":311,"column":1}},"105":{"start":{"line":262,"column":16},"end":{"line":262,"column":30}},"106":{"start":{"line":263,"column":22},"end":{"line":263,"column":46}},"107":{"start":{"line":264,"column":21},"end":{"line":264,"column":42}},"108":{"start":{"line":265,"column":15},"end":{"line":265,"column":38}},"109":{"start":{"line":266,"column":11},"end":{"line":266,"column":37}},"110":{"start":{"line":267,"column":19},"end":{"line":267,"column":46}},"111":{"start":{"line":268,"column":17},"end":{"line":268,"column":42}},"112":{"start":{"line":269,"column":2},"end":{"line":310,"column":3}},"113":{"start":{"line":270,"column":4},"end":{"line":273,"column":7}},"114":{"start":{"line":275,"column":4},"end":{"line":309,"column":7}},"115":{"start":{"line":276,"column":19},"end":{"line":276,"column":35}},"116":{"start":{"line":277,"column":6},"end":{"line":303,"column":7}},"117":{"start":{"line":278,"column":8},"end":{"line":281,"column":11}},"118":{"start":{"line":282,"column":13},"end":{"line":303,"column":7}},"119":{"start":{"line":283,"column":24},"end":{"line":283,"column":77}},"120":{"start":{"line":284,"column":8},"end":{"line":302,"column":11}},"121":{"start":{"line":285,"column":10},"end":{"line":301,"column":11}},"122":{"start":{"line":286,"column":12},"end":{"line":300,"column":15}},"123":{"start":{"line":287,"column":28},"end":{"line":287,"column":44}},"124":{"start":{"line":288,"column":14},"end":{"line":299,"column":15}},"125":{"start":{"line":289,"column":16},"end":{"line":298,"column":19}},"126":{"start":{"line":290,"column":35},"end":{"line":290,"column":51}},"127":{"start":{"line":291,"column":18},"end":{"line":297,"column":19}},"128":{"start":{"line":292,"column":20},"end":{"line":292,"column":411}},"129":{"start":{"line":293,"column":20},"end":{"line":296,"column":23}},"130":{"start":{"line":305,"column":6},"end":{"line":308,"column":9}},"131":{"start":{"line":313,"column":0},"end":{"line":313,"column":34}},"132":{"start":{"line":314,"column":0},"end":{"line":314,"column":52}},"133":{"start":{"line":315,"column":0},"end":{"line":315,"column":56}},"134":{"start":{"line":316,"column":0},"end":{"line":316,"column":78}},"135":{"start":{"line":317,"column":0},"end":{"line":317,"column":40}},"136":{"start":{"line":318,"column":0},"end":{"line":318,"column":74}},"137":{"start":{"line":319,"column":0},"end":{"line":319,"column":46}},"138":{"start":{"line":320,"column":0},"end":{"line":320,"column":44}}},"fnMap":{"0":{"name":"_interopRequireWildcard","decl":{"start":{"line":20,"column":9},"end":{"line":20,"column":32}},"loc":{"start":{"line":20,"column":38},"end":{"line":20,"column":269}},"line":20},"1":{"name":"_interopRequireDefault","decl":{"start":{"line":22,"column":9},"end":{"line":22,"column":31}},"loc":{"start":{"line":22,"column":37},"end":{"line":22,"column":95}},"line":22},"2":{"name":"getAllUsers","decl":{"start":{"line":30,"column":27},"end":{"line":30,"column":38}},"loc":{"start":{"line":30,"column":49},"end":{"line":50,"column":1}},"line":30},"3":{"name":"(anonymous_3)","decl":{"start":{"line":31,"column":102},"end":{"line":31,"column":103}},"loc":{"start":{"line":31,"column":122},"end":{"line":44,"column":3}},"line":31},"4":{"name":"(anonymous_4)","decl":{"start":{"line":44,"column":11},"end":{"line":44,"column":12}},"loc":{"start":{"line":44,"column":28},"end":{"line":49,"column":3}},"line":44},"5":{"name":"getOneClientTypeUser","decl":{"start":{"line":53,"column":36},"end":{"line":53,"column":56}},"loc":{"start":{"line":53,"column":67},"end":{"line":74,"column":1}},"line":53},"6":{"name":"(anonymous_6)","decl":{"start":{"line":55,"column":261},"end":{"line":55,"column":262}},"loc":{"start":{"line":55,"column":281},"end":{"line":68,"column":3}},"line":55},"7":{"name":"(anonymous_7)","decl":{"start":{"line":68,"column":11},"end":{"line":68,"column":12}},"loc":{"start":{"line":68,"column":28},"end":{"line":73,"column":3}},"line":68},"8":{"name":"getSpecificClientBkAcc","decl":{"start":{"line":77,"column":38},"end":{"line":77,"column":60}},"loc":{"start":{"line":77,"column":71},"end":{"line":98,"column":1}},"line":77},"9":{"name":"(anonymous_9)","decl":{"start":{"line":79,"column":213},"end":{"line":79,"column":214}},"loc":{"start":{"line":79,"column":233},"end":{"line":92,"column":3}},"line":79},"10":{"name":"(anonymous_10)","decl":{"start":{"line":92,"column":11},"end":{"line":92,"column":12}},"loc":{"start":{"line":92,"column":28},"end":{"line":97,"column":3}},"line":92},"11":{"name":"getAllTransactionsofSpecificBkAcc","decl":{"start":{"line":101,"column":49},"end":{"line":101,"column":82}},"loc":{"start":{"line":101,"column":93},"end":{"line":122,"column":1}},"line":101},"12":{"name":"(anonymous_12)","decl":{"start":{"line":103,"column":507},"end":{"line":103,"column":508}},"loc":{"start":{"line":103,"column":527},"end":{"line":116,"column":3}},"line":103},"13":{"name":"(anonymous_13)","decl":{"start":{"line":116,"column":11},"end":{"line":116,"column":12}},"loc":{"start":{"line":116,"column":28},"end":{"line":121,"column":3}},"line":116},"14":{"name":"getAllBankAccs","decl":{"start":{"line":126,"column":30},"end":{"line":126,"column":44}},"loc":{"start":{"line":126,"column":55},"end":{"line":174,"column":1}},"line":126},"15":{"name":"(anonymous_15)","decl":{"start":{"line":129,"column":298},"end":{"line":129,"column":299}},"loc":{"start":{"line":129,"column":318},"end":{"line":142,"column":5}},"line":129},"16":{"name":"(anonymous_16)","decl":{"start":{"line":142,"column":13},"end":{"line":142,"column":14}},"loc":{"start":{"line":142,"column":30},"end":{"line":147,"column":5}},"line":142},"17":{"name":"(anonymous_17)","decl":{"start":{"line":149,"column":329},"end":{"line":149,"column":330}},"loc":{"start":{"line":149,"column":349},"end":{"line":162,"column":5}},"line":149},"18":{"name":"(anonymous_18)","decl":{"start":{"line":162,"column":13},"end":{"line":162,"column":14}},"loc":{"start":{"line":162,"column":30},"end":{"line":167,"column":5}},"line":162},"19":{"name":"getSpecificAccTransactionDetail","decl":{"start":{"line":177,"column":47},"end":{"line":177,"column":78}},"loc":{"start":{"line":177,"column":89},"end":{"line":199,"column":1}},"line":177},"20":{"name":"(anonymous_20)","decl":{"start":{"line":180,"column":561},"end":{"line":180,"column":562}},"loc":{"start":{"line":180,"column":581},"end":{"line":193,"column":3}},"line":180},"21":{"name":"(anonymous_21)","decl":{"start":{"line":193,"column":11},"end":{"line":193,"column":12}},"loc":{"start":{"line":193,"column":28},"end":{"line":198,"column":3}},"line":193},"22":{"name":"staffCanDebitAcc","decl":{"start":{"line":203,"column":32},"end":{"line":203,"column":48}},"loc":{"start":{"line":203,"column":59},"end":{"line":258,"column":1}},"line":203},"23":{"name":"(anonymous_23)","decl":{"start":{"line":217,"column":89},"end":{"line":217,"column":90}},"loc":{"start":{"line":217,"column":109},"end":{"line":251,"column":5}},"line":217},"24":{"name":"(anonymous_24)","decl":{"start":{"line":226,"column":362},"end":{"line":226,"column":363}},"loc":{"start":{"line":226,"column":382},"end":{"line":244,"column":9}},"line":226},"25":{"name":"(anonymous_25)","decl":{"start":{"line":228,"column":177},"end":{"line":228,"column":178}},"loc":{"start":{"line":228,"column":197},"end":{"line":242,"column":13}},"line":228},"26":{"name":"(anonymous_26)","decl":{"start":{"line":231,"column":84},"end":{"line":231,"column":85}},"loc":{"start":{"line":231,"column":104},"end":{"line":240,"column":17}},"line":231},"27":{"name":"(anonymous_27)","decl":{"start":{"line":251,"column":13},"end":{"line":251,"column":14}},"loc":{"start":{"line":251,"column":30},"end":{"line":256,"column":5}},"line":251},"28":{"name":"staffCanCreditAcc","decl":{"start":{"line":261,"column":33},"end":{"line":261,"column":50}},"loc":{"start":{"line":261,"column":61},"end":{"line":311,"column":1}},"line":261},"29":{"name":"(anonymous_29)","decl":{"start":{"line":275,"column":89},"end":{"line":275,"column":90}},"loc":{"start":{"line":275,"column":109},"end":{"line":304,"column":5}},"line":275},"30":{"name":"(anonymous_30)","decl":{"start":{"line":284,"column":341},"end":{"line":284,"column":342}},"loc":{"start":{"line":284,"column":361},"end":{"line":302,"column":9}},"line":284},"31":{"name":"(anonymous_31)","decl":{"start":{"line":286,"column":170},"end":{"line":286,"column":171}},"loc":{"start":{"line":286,"column":190},"end":{"line":300,"column":13}},"line":286},"32":{"name":"(anonymous_32)","decl":{"start":{"line":289,"column":84},"end":{"line":289,"column":85}},"loc":{"start":{"line":289,"column":104},"end":{"line":298,"column":17}},"line":289},"33":{"name":"(anonymous_33)","decl":{"start":{"line":304,"column":13},"end":{"line":304,"column":14}},"loc":{"start":{"line":304,"column":30},"end":{"line":309,"column":5}},"line":304}},"branchMap":{"0":{"loc":{"start":{"line":20,"column":40},"end":{"line":20,"column":267}},"type":"if","locations":[{"start":{"line":20,"column":40},"end":{"line":20,"column":267}},{"start":{"line":20,"column":40},"end":{"line":20,"column":267}}],"line":20},"1":{"loc":{"start":{"line":20,"column":44},"end":{"line":20,"column":65}},"type":"binary-expr","locations":[{"start":{"line":20,"column":44},"end":{"line":20,"column":47}},{"start":{"line":20,"column":51},"end":{"line":20,"column":65}}],"line":20},"2":{"loc":{"start":{"line":20,"column":107},"end":{"line":20,"column":228}},"type":"if","locations":[{"start":{"line":20,"column":107},"end":{"line":20,"column":228}},{"start":{"line":20,"column":107},"end":{"line":20,"column":228}}],"line":20},"3":{"loc":{"start":{"line":20,"column":149},"end":{"line":20,"column":224}},"type":"if","locations":[{"start":{"line":20,"column":149},"end":{"line":20,"column":224}},{"start":{"line":20,"column":149},"end":{"line":20,"column":224}}],"line":20},"4":{"loc":{"start":{"line":22,"column":46},"end":{"line":22,"column":92}},"type":"cond-expr","locations":[{"start":{"line":22,"column":70},"end":{"line":22,"column":73}},{"start":{"line":22,"column":76},"end":{"line":22,"column":92}}],"line":22},"5":{"loc":{"start":{"line":22,"column":46},"end":{"line":22,"column":67}},"type":"binary-expr","locations":[{"start":{"line":22,"column":46},"end":{"line":22,"column":49}},{"start":{"line":22,"column":53},"end":{"line":22,"column":67}}],"line":22},"6":{"loc":{"start":{"line":33,"column":4},"end":{"line":43,"column":5}},"type":"if","locations":[{"start":{"line":33,"column":4},"end":{"line":43,"column":5}},{"start":{"line":33,"column":4},"end":{"line":43,"column":5}}],"line":33},"7":{"loc":{"start":{"line":57,"column":4},"end":{"line":67,"column":5}},"type":"if","locations":[{"start":{"line":57,"column":4},"end":{"line":67,"column":5}},{"start":{"line":57,"column":4},"end":{"line":67,"column":5}}],"line":57},"8":{"loc":{"start":{"line":81,"column":4},"end":{"line":91,"column":5}},"type":"if","locations":[{"start":{"line":81,"column":4},"end":{"line":91,"column":5}},{"start":{"line":81,"column":4},"end":{"line":91,"column":5}}],"line":81},"9":{"loc":{"start":{"line":105,"column":4},"end":{"line":115,"column":5}},"type":"if","locations":[{"start":{"line":105,"column":4},"end":{"line":115,"column":5}},{"start":{"line":105,"column":4},"end":{"line":115,"column":5}}],"line":105},"10":{"loc":{"start":{"line":127,"column":15},"end":{"line":127,"column":39}},"type":"binary-expr","locations":[{"start":{"line":127,"column":15},"end":{"line":127,"column":31}},{"start":{"line":127,"column":35},"end":{"line":127,"column":39}}],"line":127},"11":{"loc":{"start":{"line":128,"column":2},"end":{"line":173,"column":3}},"type":"if","locations":[{"start":{"line":128,"column":2},"end":{"line":173,"column":3}},{"start":{"line":128,"column":2},"end":{"line":173,"column":3}}],"line":128},"12":{"loc":{"start":{"line":131,"column":6},"end":{"line":141,"column":7}},"type":"if","locations":[{"start":{"line":131,"column":6},"end":{"line":141,"column":7}},{"start":{"line":131,"column":6},"end":{"line":141,"column":7}}],"line":131},"13":{"loc":{"start":{"line":148,"column":9},"end":{"line":173,"column":3}},"type":"if","locations":[{"start":{"line":148,"column":9},"end":{"line":173,"column":3}},{"start":{"line":148,"column":9},"end":{"line":173,"column":3}}],"line":148},"14":{"loc":{"start":{"line":148,"column":13},"end":{"line":148,"column":56}},"type":"binary-expr","locations":[{"start":{"line":148,"column":13},"end":{"line":148,"column":32}},{"start":{"line":148,"column":36},"end":{"line":148,"column":56}}],"line":148},"15":{"loc":{"start":{"line":151,"column":6},"end":{"line":161,"column":7}},"type":"if","locations":[{"start":{"line":151,"column":6},"end":{"line":161,"column":7}},{"start":{"line":151,"column":6},"end":{"line":161,"column":7}}],"line":151},"16":{"loc":{"start":{"line":182,"column":4},"end":{"line":192,"column":5}},"type":"if","locations":[{"start":{"line":182,"column":4},"end":{"line":192,"column":5}},{"start":{"line":182,"column":4},"end":{"line":192,"column":5}}],"line":182},"17":{"loc":{"start":{"line":207,"column":15},"end":{"line":207,"column":38}},"type":"binary-expr","locations":[{"start":{"line":207,"column":15},"end":{"line":207,"column":30}},{"start":{"line":207,"column":34},"end":{"line":207,"column":38}}],"line":207},"18":{"loc":{"start":{"line":208,"column":11},"end":{"line":208,"column":37}},"type":"binary-expr","locations":[{"start":{"line":208,"column":11},"end":{"line":208,"column":29}},{"start":{"line":208,"column":33},"end":{"line":208,"column":37}}],"line":208},"19":{"loc":{"start":{"line":209,"column":19},"end":{"line":209,"column":46}},"type":"binary-expr","locations":[{"start":{"line":209,"column":19},"end":{"line":209,"column":38}},{"start":{"line":209,"column":42},"end":{"line":209,"column":46}}],"line":209},"20":{"loc":{"start":{"line":210,"column":17},"end":{"line":210,"column":42}},"type":"binary-expr","locations":[{"start":{"line":210,"column":17},"end":{"line":210,"column":34}},{"start":{"line":210,"column":38},"end":{"line":210,"column":42}}],"line":210},"21":{"loc":{"start":{"line":211,"column":2},"end":{"line":257,"column":3}},"type":"if","locations":[{"start":{"line":211,"column":2},"end":{"line":257,"column":3}},{"start":{"line":211,"column":2},"end":{"line":257,"column":3}}],"line":211},"22":{"loc":{"start":{"line":211,"column":6},"end":{"line":211,"column":62}},"type":"binary-expr","locations":[{"start":{"line":211,"column":6},"end":{"line":211,"column":31}},{"start":{"line":211,"column":35},"end":{"line":211,"column":62}}],"line":211},"23":{"loc":{"start":{"line":219,"column":6},"end":{"line":250,"column":7}},"type":"if","locations":[{"start":{"line":219,"column":6},"end":{"line":250,"column":7}},{"start":{"line":219,"column":6},"end":{"line":250,"column":7}}],"line":219},"24":{"loc":{"start":{"line":224,"column":13},"end":{"line":250,"column":7}},"type":"if","locations":[{"start":{"line":224,"column":13},"end":{"line":250,"column":7}},{"start":{"line":224,"column":13},"end":{"line":250,"column":7}}],"line":224},"25":{"loc":{"start":{"line":227,"column":10},"end":{"line":243,"column":11}},"type":"if","locations":[{"start":{"line":227,"column":10},"end":{"line":243,"column":11}},{"start":{"line":227,"column":10},"end":{"line":243,"column":11}}],"line":227},"26":{"loc":{"start":{"line":230,"column":14},"end":{"line":241,"column":15}},"type":"if","locations":[{"start":{"line":230,"column":14},"end":{"line":241,"column":15}},{"start":{"line":230,"column":14},"end":{"line":241,"column":15}}],"line":230},"27":{"loc":{"start":{"line":233,"column":18},"end":{"line":239,"column":19}},"type":"if","locations":[{"start":{"line":233,"column":18},"end":{"line":239,"column":19}},{"start":{"line":233,"column":18},"end":{"line":239,"column":19}}],"line":233},"28":{"loc":{"start":{"line":265,"column":15},"end":{"line":265,"column":38}},"type":"binary-expr","locations":[{"start":{"line":265,"column":15},"end":{"line":265,"column":30}},{"start":{"line":265,"column":34},"end":{"line":265,"column":38}}],"line":265},"29":{"loc":{"start":{"line":266,"column":11},"end":{"line":266,"column":37}},"type":"binary-expr","locations":[{"start":{"line":266,"column":11},"end":{"line":266,"column":29}},{"start":{"line":266,"column":33},"end":{"line":266,"column":37}}],"line":266},"30":{"loc":{"start":{"line":267,"column":19},"end":{"line":267,"column":46}},"type":"binary-expr","locations":[{"start":{"line":267,"column":19},"end":{"line":267,"column":38}},{"start":{"line":267,"column":42},"end":{"line":267,"column":46}}],"line":267},"31":{"loc":{"start":{"line":268,"column":17},"end":{"line":268,"column":42}},"type":"binary-expr","locations":[{"start":{"line":268,"column":17},"end":{"line":268,"column":34}},{"start":{"line":268,"column":38},"end":{"line":268,"column":42}}],"line":268},"32":{"loc":{"start":{"line":269,"column":2},"end":{"line":310,"column":3}},"type":"if","locations":[{"start":{"line":269,"column":2},"end":{"line":310,"column":3}},{"start":{"line":269,"column":2},"end":{"line":310,"column":3}}],"line":269},"33":{"loc":{"start":{"line":269,"column":6},"end":{"line":269,"column":64}},"type":"binary-expr","locations":[{"start":{"line":269,"column":6},"end":{"line":269,"column":32}},{"start":{"line":269,"column":36},"end":{"line":269,"column":64}}],"line":269},"34":{"loc":{"start":{"line":277,"column":6},"end":{"line":303,"column":7}},"type":"if","locations":[{"start":{"line":277,"column":6},"end":{"line":303,"column":7}},{"start":{"line":277,"column":6},"end":{"line":303,"column":7}}],"line":277},"35":{"loc":{"start":{"line":282,"column":13},"end":{"line":303,"column":7}},"type":"if","locations":[{"start":{"line":282,"column":13},"end":{"line":303,"column":7}},{"start":{"line":282,"column":13},"end":{"line":303,"column":7}}],"line":282},"36":{"loc":{"start":{"line":282,"column":17},"end":{"line":282,"column":75}},"type":"binary-expr","locations":[{"start":{"line":282,"column":17},"end":{"line":282,"column":43}},{"start":{"line":282,"column":47},"end":{"line":282,"column":75}}],"line":282},"37":{"loc":{"start":{"line":285,"column":10},"end":{"line":301,"column":11}},"type":"if","locations":[{"start":{"line":285,"column":10},"end":{"line":301,"column":11}},{"start":{"line":285,"column":10},"end":{"line":301,"column":11}}],"line":285},"38":{"loc":{"start":{"line":288,"column":14},"end":{"line":299,"column":15}},"type":"if","locations":[{"start":{"line":288,"column":14},"end":{"line":299,"column":15}},{"start":{"line":288,"column":14},"end":{"line":299,"column":15}}],"line":288},"39":{"loc":{"start":{"line":291,"column":18},"end":{"line":297,"column":19}},"type":"if","locations":[{"start":{"line":291,"column":18},"end":{"line":297,"column":19}},{"start":{"line":291,"column":18},"end":{"line":297,"column":19}}],"line":291}},"s":{"0":0,"1":0,"2":0,"3":0,"4":0,"5":0,"6":0,"7":0,"8":0,"9":0,"10":0,"11":0,"12":0,"13":0,"14":0,"15":0,"16":0,"17":0,"18":0,"19":0,"20":0,"21":0,"22":0,"23":0,"24":0,"25":0,"26":0,"27":0,"28":0,"29":0,"30":0,"31":0,"32":0,"33":0,"34":0,"35":0,"36":0,"37":0,"38":0,"39":0,"40":0,"41":0,"42":0,"43":0,"44":0,"45":0,"46":0,"47":0,"48":0,"49":0,"50":0,"51":0,"52":0,"53":0,"54":0,"55":0,"56":0,"57":0,"58":0,"59":0,"60":0,"61":0,"62":0,"63":0,"64":0,"65":0,"66":0,"67":0,"68":0,"69":0,"70":0,"71":0,"72":0,"73":0,"74":0,"75":0,"76":0,"77":0,"78":0,"79":0,"80":0,"81":0,"82":0,"83":0,"84":0,"85":0,"86":0,"87":0,"88":0,"89":0,"90":0,"91":0,"92":0,"93":0,"94":0,"95":0,"96":0,"97":0,"98":0,"99":0,"100":0,"101":0,"102":0,"103":0,"104":0,"105":0,"106":0,"107":0,"108":0,"109":0,"110":0,"111":0,"112":0,"113":0,"114":0,"115":0,"116":0,"117":0,"118":0,"119":0,"120":0,"121":0,"122":0,"123":0,"124":0,"125":0,"126":0,"127":0,"128":0,"129":0,"130":0,"131":0,"132":0,"133":0,"134":0,"135":0,"136":0,"137":0,"138":0},"f":{"0":0,"1":0,"2":0,"3":0,"4":0,"5":0,"6":0,"7":0,"8":0,"9":0,"10":0,"11":0,"12":0,"13":0,"14":0,"15":0,"16":0,"17":0,"18":0,"19":0,"20":0,"21":0,"22":0,"23":0,"24":0,"25":0,"26":0,"27":0,"28":0,"29":0,"30":0,"31":0,"32":0,"33":0},"b":{"0":[0,0],"1":[0,0],"2":[0,0],"3":[0,0],"4":[0,0],"5":[0,0],"6":[0,0],"7":[0,0],"8":[0,0],"9":[0,0],"10":[0,0],"11":[0,0],"12":[0,0],"13":[0,0],"14":[0,0],"15":[0,0],"16":[0,0],"17":[0,0],"18":[0,0],"19":[0,0],"20":[0,0],"21":[0,0],"22":[0,0],"23":[0,0],"24":[0,0],"25":[0,0],"26":[0,0],"27":[0,0],"28":[0,0],"29":[0,0],"30":[0,0],"31":[0,0],"32":[0,0],"33":[0,0],"34":[0,0],"35":[0,0],"36":[0,0],"37":[0,0],"38":[0,0],"39":[0,0]}},"C:\\Users\\USER\\Desktop\\ANDELA\\Banka\\Banka\\server\\controllers\\userQueries.js":{"path":"C:\\Users\\USER\\Desktop\\ANDELA\\Banka\\Banka\\server\\controllers\\userQueries.js","statementMap":{"0":{"start":{"line":3,"column":0},"end":{"line":5,"column":3}},"1":{"start":{"line":6,"column":0},"end":{"line":6,"column":212}},"2":{"start":{"line":8,"column":16},"end":{"line":8,"column":35}},"3":{"start":{"line":10,"column":17},"end":{"line":10,"column":50}},"4":{"start":{"line":12,"column":14},"end":{"line":12,"column":42}},"5":{"start":{"line":14,"column":13},"end":{"line":14,"column":45}},"6":{"start":{"line":16,"column":13},"end":{"line":16,"column":35}},"7":{"start":{"line":18,"column":14},"end":{"line":18,"column":42}},"8":{"start":{"line":20,"column":40},"end":{"line":20,"column":267}},"9":{"start":{"line":20,"column":69},"end":{"line":20,"column":80}},"10":{"start":{"line":20,"column":103},"end":{"line":20,"column":105}},"11":{"start":{"line":20,"column":107},"end":{"line":20,"column":228}},"12":{"start":{"line":20,"column":126},"end":{"line":20,"column":226}},"13":{"start":{"line":20,"column":149},"end":{"line":20,"column":224}},"14":{"start":{"line":20,"column":201},"end":{"line":20,"column":224}},"15":{"start":{"line":20,"column":229},"end":{"line":20,"column":250}},"16":{"start":{"line":20,"column":251},"end":{"line":20,"column":265}},"17":{"start":{"line":22,"column":39},"end":{"line":22,"column":93}},"18":{"start":{"line":27,"column":9},"end":{"line":27,"column":20}},"19":{"start":{"line":30,"column":20},"end":{"line":100,"column":1}},"20":{"start":{"line":31,"column":14},"end":{"line":31,"column":31}},"21":{"start":{"line":33,"column":13},"end":{"line":33,"column":34}},"22":{"start":{"line":34,"column":22},"end":{"line":34,"column":46}},"23":{"start":{"line":35,"column":2},"end":{"line":99,"column":5}},"24":{"start":{"line":36,"column":17},"end":{"line":36,"column":33}},"25":{"start":{"line":37,"column":4},"end":{"line":93,"column":5}},"26":{"start":{"line":38,"column":6},"end":{"line":41,"column":9}},"27":{"start":{"line":43,"column":6},"end":{"line":92,"column":7}},"28":{"start":{"line":44,"column":8},"end":{"line":47,"column":11}},"29":{"start":{"line":49,"column":25},"end":{"line":49,"column":40}},"30":{"start":{"line":50,"column":24},"end":{"line":59,"column":9}},"31":{"start":{"line":60,"column":8},"end":{"line":91,"column":11}},"32":{"start":{"line":61,"column":24},"end":{"line":61,"column":40}},"33":{"start":{"line":62,"column":10},"end":{"line":90,"column":11}},"34":{"start":{"line":63,"column":12},"end":{"line":66,"column":15}},"35":{"start":{"line":68,"column":12},"end":{"line":89,"column":15}},"36":{"start":{"line":69,"column":27},"end":{"line":69,"column":43}},"37":{"start":{"line":70,"column":14},"end":{"line":88,"column":15}},"38":{"start":{"line":71,"column":16},"end":{"line":87,"column":19}},"39":{"start":{"line":72,"column":31},"end":{"line":72,"column":47}},"40":{"start":{"line":73,"column":18},"end":{"line":86,"column":19}},"41":{"start":{"line":74,"column":20},"end":{"line":74,"column":705}},"42":{"start":{"line":75,"column":20},"end":{"line":85,"column":23}},"43":{"start":{"line":95,"column":4},"end":{"line":98,"column":7}},"44":{"start":{"line":103,"column":22},"end":{"line":123,"column":1}},"45":{"start":{"line":104,"column":2},"end":{"line":122,"column":5}},"46":{"start":{"line":105,"column":17},"end":{"line":105,"column":30}},"47":{"start":{"line":106,"column":4},"end":{"line":116,"column":5}},"48":{"start":{"line":107,"column":6},"end":{"line":110,"column":9}},"49":{"start":{"line":112,"column":6},"end":{"line":115,"column":9}},"50":{"start":{"line":118,"column":4},"end":{"line":121,"column":7}},"51":{"start":{"line":126,"column":21},"end":{"line":150,"column":1}},"52":{"start":{"line":127,"column":2},"end":{"line":149,"column":5}},"53":{"start":{"line":128,"column":17},"end":{"line":128,"column":33}},"54":{"start":{"line":129,"column":4},"end":{"line":143,"column":7}},"55":{"start":{"line":145,"column":4},"end":{"line":148,"column":7}},"56":{"start":{"line":153,"column":22},"end":{"line":187,"column":1}},"57":{"start":{"line":154,"column":14},"end":{"line":154,"column":31}},"58":{"start":{"line":155,"column":18},"end":{"line":155,"column":59}},"59":{"start":{"line":156,"column":17},"end":{"line":156,"column":57}},"60":{"start":{"line":157,"column":14},"end":{"line":157,"column":51}},"61":{"start":{"line":158,"column":12},"end":{"line":158,"column":47}},"62":{"start":{"line":159,"column":14},"end":{"line":159,"column":30}},"63":{"start":{"line":160,"column":17},"end":{"line":160,"column":67}},"64":{"start":{"line":161,"column":2},"end":{"line":186,"column":3}},"65":{"start":{"line":162,"column":4},"end":{"line":165,"column":7}},"66":{"start":{"line":167,"column":4},"end":{"line":185,"column":7}},"67":{"start":{"line":168,"column":19},"end":{"line":168,"column":35}},"68":{"start":{"line":169,"column":6},"end":{"line":171,"column":7}},"69":{"start":{"line":170,"column":8},"end":{"line":170,"column":78}},"70":{"start":{"line":172,"column":6},"end":{"line":179,"column":9}},"71":{"start":{"line":173,"column":8},"end":{"line":178,"column":9}},"72":{"start":{"line":174,"column":10},"end":{"line":177,"column":13}},"73":{"start":{"line":181,"column":6},"end":{"line":184,"column":9}},"74":{"start":{"line":190,"column":25},"end":{"line":219,"column":1}},"75":{"start":{"line":191,"column":17},"end":{"line":191,"column":34}},"76":{"start":{"line":192,"column":18},"end":{"line":192,"column":36}},"77":{"start":{"line":193,"column":2},"end":{"line":218,"column":3}},"78":{"start":{"line":194,"column":4},"end":{"line":212,"column":5}},"79":{"start":{"line":195,"column":27},"end":{"line":195,"column":67}},"80":{"start":{"line":196,"column":6},"end":{"line":206,"column":9}},"81":{"start":{"line":197,"column":8},"end":{"line":200,"column":11}},"82":{"start":{"line":202,"column":8},"end":{"line":205,"column":11}},"83":{"start":{"line":208,"column":6},"end":{"line":211,"column":9}},"84":{"start":{"line":214,"column":4},"end":{"line":217,"column":7}},"85":{"start":{"line":222,"column":28},"end":{"line":244,"column":1}},"86":{"start":{"line":223,"column":22},"end":{"line":223,"column":56}},"87":{"start":{"line":224,"column":11},"end":{"line":224,"column":25}},"88":{"start":{"line":225,"column":2},"end":{"line":243,"column":5}},"89":{"start":{"line":226,"column":17},"end":{"line":226,"column":30}},"90":{"start":{"line":227,"column":4},"end":{"line":237,"column":5}},"91":{"start":{"line":228,"column":6},"end":{"line":231,"column":9}},"92":{"start":{"line":233,"column":6},"end":{"line":236,"column":9}},"93":{"start":{"line":239,"column":4},"end":{"line":242,"column":7}},"94":{"start":{"line":247,"column":36},"end":{"line":271,"column":1}},"95":{"start":{"line":248,"column":15},"end":{"line":248,"column":29}},"96":{"start":{"line":249,"column":11},"end":{"line":249,"column":34}},"97":{"start":{"line":250,"column":22},"end":{"line":250,"column":56}},"98":{"start":{"line":252,"column":2},"end":{"line":270,"column":5}},"99":{"start":{"line":253,"column":17},"end":{"line":253,"column":30}},"100":{"start":{"line":254,"column":4},"end":{"line":264,"column":5}},"101":{"start":{"line":255,"column":6},"end":{"line":258,"column":9}},"102":{"start":{"line":260,"column":6},"end":{"line":263,"column":9}},"103":{"start":{"line":266,"column":4},"end":{"line":269,"column":7}},"104":{"start":{"line":273,"column":0},"end":{"line":273,"column":40}},"105":{"start":{"line":274,"column":0},"end":{"line":274,"column":42}},"106":{"start":{"line":275,"column":0},"end":{"line":275,"column":38}},"107":{"start":{"line":276,"column":0},"end":{"line":276,"column":42}},"108":{"start":{"line":277,"column":0},"end":{"line":277,"column":48}},"109":{"start":{"line":278,"column":0},"end":{"line":278,"column":54}},"110":{"start":{"line":279,"column":0},"end":{"line":279,"column":70}}},"fnMap":{"0":{"name":"_interopRequireWildcard","decl":{"start":{"line":20,"column":9},"end":{"line":20,"column":32}},"loc":{"start":{"line":20,"column":38},"end":{"line":20,"column":269}},"line":20},"1":{"name":"_interopRequireDefault","decl":{"start":{"line":22,"column":9},"end":{"line":22,"column":31}},"loc":{"start":{"line":22,"column":37},"end":{"line":22,"column":95}},"line":22},"2":{"name":"createBankAcc","decl":{"start":{"line":30,"column":29},"end":{"line":30,"column":42}},"loc":{"start":{"line":30,"column":53},"end":{"line":100,"column":1}},"line":30},"3":{"name":"(anonymous_3)","decl":{"start":{"line":35,"column":65},"end":{"line":35,"column":66}},"loc":{"start":{"line":35,"column":85},"end":{"line":94,"column":3}},"line":35},"4":{"name":"(anonymous_4)","decl":{"start":{"line":60,"column":99},"end":{"line":60,"column":100}},"loc":{"start":{"line":60,"column":119},"end":{"line":91,"column":9}},"line":60},"5":{"name":"(anonymous_5)","decl":{"start":{"line":68,"column":408},"end":{"line":68,"column":409}},"loc":{"start":{"line":68,"column":428},"end":{"line":89,"column":13}},"line":68},"6":{"name":"(anonymous_6)","decl":{"start":{"line":71,"column":83},"end":{"line":71,"column":84}},"loc":{"start":{"line":71,"column":103},"end":{"line":87,"column":17}},"line":71},"7":{"name":"(anonymous_7)","decl":{"start":{"line":94,"column":11},"end":{"line":94,"column":12}},"loc":{"start":{"line":94,"column":28},"end":{"line":99,"column":3}},"line":94},"8":{"name":"getUserAccounts","decl":{"start":{"line":103,"column":31},"end":{"line":103,"column":46}},"loc":{"start":{"line":103,"column":57},"end":{"line":123,"column":1}},"line":103},"9":{"name":"(anonymous_9)","decl":{"start":{"line":104,"column":80},"end":{"line":104,"column":81}},"loc":{"start":{"line":104,"column":100},"end":{"line":117,"column":3}},"line":104},"10":{"name":"(anonymous_10)","decl":{"start":{"line":117,"column":11},"end":{"line":117,"column":12}},"loc":{"start":{"line":117,"column":28},"end":{"line":122,"column":3}},"line":117},"11":{"name":"getUserProfile","decl":{"start":{"line":126,"column":30},"end":{"line":126,"column":44}},"loc":{"start":{"line":126,"column":55},"end":{"line":150,"column":1}},"line":126},"12":{"name":"(anonymous_12)","decl":{"start":{"line":127,"column":77},"end":{"line":127,"column":78}},"loc":{"start":{"line":127,"column":97},"end":{"line":144,"column":3}},"line":127},"13":{"name":"(anonymous_13)","decl":{"start":{"line":144,"column":11},"end":{"line":144,"column":12}},"loc":{"start":{"line":144,"column":28},"end":{"line":149,"column":3}},"line":144},"14":{"name":"userEditProfile","decl":{"start":{"line":153,"column":31},"end":{"line":153,"column":46}},"loc":{"start":{"line":153,"column":57},"end":{"line":187,"column":1}},"line":153},"15":{"name":"(anonymous_15)","decl":{"start":{"line":167,"column":67},"end":{"line":167,"column":68}},"loc":{"start":{"line":167,"column":94},"end":{"line":180,"column":5}},"line":167},"16":{"name":"(anonymous_16)","decl":{"start":{"line":172,"column":218},"end":{"line":172,"column":219}},"loc":{"start":{"line":172,"column":238},"end":{"line":179,"column":7}},"line":172},"17":{"name":"(anonymous_17)","decl":{"start":{"line":180,"column":13},"end":{"line":180,"column":14}},"loc":{"start":{"line":180,"column":30},"end":{"line":185,"column":5}},"line":180},"18":{"name":"userChangePassword","decl":{"start":{"line":190,"column":34},"end":{"line":190,"column":52}},"loc":{"start":{"line":190,"column":63},"end":{"line":219,"column":1}},"line":190},"19":{"name":"(anonymous_19)","decl":{"start":{"line":196,"column":108},"end":{"line":196,"column":109}},"loc":{"start":{"line":196,"column":128},"end":{"line":201,"column":7}},"line":196},"20":{"name":"(anonymous_20)","decl":{"start":{"line":201,"column":15},"end":{"line":201,"column":16}},"loc":{"start":{"line":201,"column":32},"end":{"line":206,"column":7}},"line":201},"21":{"na
[...]
{"line":5,"column":3}},"1":{"start":{"line":6,"column":0},"end":{"line":6,"column":35}},"2":{"start":{"line":8,"column":14},"end":{"line":8,"column":31}},"3":{"start":{"line":10,"column":15},"end":{"line":10,"column":46}},"4":{"start":{"line":12,"column":15},"end":{"line":12,"column":33}},"5":{"start":{"line":14,"column":16},"end":{"line":14,"column":48}},"6":{"start":{"line":16,"column":22},"end":{"line":16,"column":62}},"7":{"start":{"line":18,"column":18},"end":{"line":18,"column":58}},"8":{"start":{"line":20,"column":40},"end":{"line":20,"column":267}},"9":{"start":{"line":20,"column":69},"end":{"line":20,"column":80}},"10":{"start":{"line":20,"column":103},"end":{"line":20,"column":105}},"11":{"start":{"line":20,"column":107},"end":{"line":20,"column":228}},"12":{"start":{"line":20,"column":126},"end":{"line":20,"column":226}},"13":{"start":{"line":20,"column":149},"end":{"line":20,"column":224}},"14":{"start":{"line":20,"column":201},"end":{"line":20,"column":224}},"15":{"start":{"line":20,"column":229},"end":{"line":20,"column":250}},"16":{"start":{"line":20,"column":251},"end":{"line":20,"column":265}},"17":{"start":{"line":22,"column":39},"end":{"line":22,"column":93}},"18":{"start":{"line":25,"column":0},"end":{"line":25,"column":26}},"19":{"start":{"line":26,"column":13},"end":{"line":26,"column":39}},"20":{"start":{"line":28,"column":15},"end":{"line":28,"column":49}},"21":{"start":{"line":29,"column":12},"end":{"line":29,"column":26}},"22":{"start":{"line":35,"column":0},"end":{"line":35,"column":48}},"23":{"start":{"line":38,"column":0},"end":{"line":38,"column":48}},"24":{"start":{"line":40,"column":21},"end":{"line":40,"column":27}},"25":{"start":{"line":41,"column":0},"end":{"line":41,"column":40}}},"fnMap":{"0":{"name":"_interopRequireWildcard","decl":{"start":{"line":20,"column":9},"end":{"line":20,"column":32}},"loc":{"start":{"line":20,"column":38},"end":{"line":20,"column":269}},"line":20},"1":{"name":"_interopRequireDefault","decl":{"start":{"line":22,"column":9},"end":{"line":22,"column":31}},"loc":{"start":{"line":22,"column":37},"end":{"line":22,"column":95}},"line":22}},"branchMap":{"0":{"loc":{"start":{"line":20,"column":40},"end":{"line":20,"column":267}},"type":"if","locations":[{"start":{"line":20,"column":40},"end":{"line":20,"column":267}},{"start":{"line":20,"column":40},"end":{"line":20,"column":267}}],"line":20},"1":{"loc":{"start":{"line":20,"column":44},"end":{"line":20,"column":65}},"type":"binary-expr","locations":[{"start":{"line":20,"column":44},"end":{"line":20,"column":47}},{"start":{"line":20,"column":51},"end":{"line":20,"column":65}}],"line":20},"2":{"loc":{"start":{"line":20,"column":107},"end":{"line":20,"column":228}},"type":"if","locations":[{"start":{"line":20,"column":107},"end":{"line":20,"column":228}},{"start":{"line":20,"column":107},"end":{"line":20,"column":228}}],"line":20},"3":{"loc":{"start":{"line":20,"column":149},"end":{"line":20,"column":224}},"type":"if","locations":[{"start":{"line":20,"column":149},"end":{"line":20,"column":224}},{"start":{"line":20,"column":149},"end":{"line":20,"column":224}}],"line":20},"4":{"loc":{"start":{"line":22,"column":46},"end":{"line":22,"column":92}},"type":"cond-expr","locations":[{"start":{"line":22,"column":70},"end":{"line":22,"column":73}},{"start":{"line":22,"column":76},"end":{"line":22,"column":92}}],"line":22},"5":{"loc":{"start":{"line":22,"column":46},"end":{"line":22,"column":67}},"type":"binary-expr","locations":[{"start":{"line":22,"column":46},"end":{"line":22,"column":49}},{"start":{"line":22,"column":53},"end":{"line":22,"column":67}}],"line":22}},"s":{"0":0,"1":0,"2":0,"3":0,"4":0,"5":0,"6":0,"7":0,"8":0,"9":0,"10":0,"11":0,"12":0,"13":0,"14":0,"15":0,"16":0,"17":0,"18":0,"19":0,"20":0,"21":0,"22":0,"23":0,"24":0,"25":0},"f":{"0":0,"1":0},"b":{"0":[0,0],"1":[0,0],"2":[0,0],"3":[0,0],"4":[0,0],"5":[0,0]}},"C:\\Users\\USER\\Desktop\\ANDELA\\Banka\\Banka\\server\\routes\\generalRoute.js":{"path":"C:\\Users\\USER\\Desktop\\ANDELA\\Banka\\Banka\\server\\routes\\generalRoute.js","statementMap":{"0":{"start":{"line":3,"column":0},"end":{"line":5,"column":3}},"1":{"start":{"line":6,"column":0},"end":{"line":6,"column":33}},"2":{"start":{"line":8,"column":15},"end":{"line":8,"column":33}},"3":{"start":{"line":10,"column":16},"end":{"line":10,"column":48}},"4":{"start":{"line":12,"column":22},"end":{"line":12,"column":62}},"5":{"start":{"line":14,"column":39},"end":{"line":14,"column":93}},"6":{"start":{"line":16,"column":13},"end":{"line":16,"column":39}},"7":{"start":{"line":22,"column":0},"end":{"line":22,"column":61}},"8":{"start":{"line":24,"column":19},"end":{"line":24,"column":25}},"9":{"start":{"line":25,"column":0},"end":{"line":25,"column":36}}},"fnMap":{"0":{"name":"_interopRequireDefault","decl":{"start":{"line":14,"column":9},"end":{"line":14,"column":31}},"loc":{"start":{"line":14,"column":37},"end":{"line":14,"column":95}},"line":14}},"branchMap":{"0":{"loc":{"start":{"line":14,"column":46},"end":{"line":14,"column":92}},"type":"cond-expr","locations":[{"start":{"line":14,"column":70},"end":{"line":14,"column":73}},{"start":{"line":14,"column":76},"end":{"line":14,"column":92}}],"line":14},"1":{"loc":{"start":{"line":14,"column":46},"end":{"line":14,"column":67}},"type":"binary-expr","locations":[{"start":{"line":14,"column":46},"end":{"line":14,"column":49}},{"start":{"line":14,"column":53},"end":{"line":14,"column":67}}],"line":14}},"s":{"0":0,"1":0,"2":0,"3":0,"4":0,"5":0,"6":0,"7":0,"8":0,"9":0},"f":{"0":0},"b":{"0":[0,0],"1":[0,0]}},"C:\\Users\\USER\\Desktop\\ANDELA\\Banka\\Banka\\server\\routes\\indexroute.js":{"path":"C:\\Users\\USER\\Desktop\\ANDELA\\Banka\\Banka\\server\\routes\\indexroute.js","statementMap":{"0":{"start":{"line":3,"column":0},"end":{"line":5,"column":3}},"1":{"start":{"line":6,"column":0},"end":{"line":6,"column":30}},"2":{"start":{"line":8,"column":15},"end":{"line":8,"column":33}},"3":{"start":{"line":10,"column":16},"end":{"line":10,"column":48}},"4":{"start":{"line":12,"column":18},"end":{"line":12,"column":40}},"5":{"start":{"line":14,"column":19},"end":{"line":14,"column":54}},"6":{"start":{"line":16,"column":18},"end":{"line":16,"column":41}},"7":{"start":{"line":18,"column":27},"end":{"line":18,"column":59}},"8":{"start":{"line":20,"column":18},"end":{"line":20,"column":41}},"9":{"start":{"line":22,"column":18},"end":{"line":22,"column":41}},"10":{"start":{"line":24,"column":20},"end":{"line":24,"column":45}},"11":{"start":{"line":26,"column":16},"end":{"line":26,"column":37}},"12":{"start":{"line":28,"column":39},"end":{"line":28,"column":93}},"13":{"start":{"line":30,"column":16},"end":{"line":30,"column":40}},"14":{"start":{"line":31,"column":0},"end":{"line":31,"column":68}},"15":{"start":{"line":33,"column":0},"end":{"line":33,"column":40}},"16":{"start":{"line":36,"column":0},"end":{"line":36,"column":50}},"17":{"start":{"line":39,"column":0},"end":{"line":39,"column":63}},"18":{"start":{"line":42,"column":0},"end":{"line":42,"column":51}},"19":{"start":{"line":45,"column":0},"end":{"line":45,"column":51}},"20":{"start":{"line":48,"column":0},"end":{"line":48,"column":54}},"21":{"start":{"line":50,"column":0},"end":{"line":50,"column":38}},"22":{"start":{"line":52,"column":0},"end":{"line":52,"column":30}}},"fnMap":{"0":{"name":"_interopRequireDefault","decl":{"start":{"line":28,"column":9},"end":{"line":28,"column":31}},"loc":{"start":{"line":28,"column":37},"end":{"line":28,"column":95}},"line":28}},"branchMap":{"0":{"loc":{"start":{"line":28,"column":46},"end":{"line":28,"column":92}},"type":"cond-expr","locations":[{"start":{"line":28,"column":70},"end":{"line":28,"column":73}},{"start":{"line":28,"column":76},"end":{"line":28,"column":92}}],"line":28},"1":{"loc":{"start":{"line":28,"column":46},"end":{"line":28,"column":67}},"type":"binary-expr","locations":[{"start":{"line":28,"column":46},"end":{"line":28,"column":49}},{"start":{"line":28,"column":53},"end":{"line":28,"column":67}}],"line":28}},"s":{"0":0,"1":0,"2":0,"3":0,"4":0,"5":0,"6":0,"7":0,"8":0,"9":0,"10":0,"11":0,"12":0,"13":0,"14":0,"15":0,"16":0,"17":0,"18":0,"19":0,"20":0,"21":0,"22":0},"f":{"0":0},"b":{"0":[0,0],"1":[0,0]}},"C:\\Users\\USER\\Desktop\\ANDELA\\Banka\\Banka\\server\\routes\\noRoutes.js":{"path":"C:\\Users\\USER\\Desktop\\ANDELA\\Banka\\Banka\\server\\routes\\noRoutes.js","statementMap":{"0":{"start":{"line":3,"column":0},"end":{"line":5,"column":3}},"1":{"start":{"line":6,"column":0},"end":{"line":6,"column":28}},"2":{"start":{"line":8,"column":15},"end":{"line":8,"column":33}},"3":{"start":{"line":10,"column":16},"end":{"line":10,"column":48}},"4":{"start":{"line":12,"column":39},"end":{"line":12,"column":93}},"5":{"start":{"line":14,"column":14},"end":{"line":14,"column":40}},"6":{"start":{"line":16,"column":0},"end":{"line":21,"column":3}},"7":{"start":{"line":17,"column":2},"end":{"line":20,"column":5}},"8":{"start":{"line":23,"column":0},"end":{"line":28,"column":3}},"9":{"start":{"line":24,"column":2},"end":{"line":27,"column":5}},"10":{"start":{"line":30,"column":0},"end":{"line":35,"column":3}},"11":{"start":{"line":31,"column":2},"end":{"line":34,"column":5}},"12":{"start":{"line":37,"column":0},"end":{"line":42,"column":3}},"13":{"start":{"line":38,"column":2},"end":{"line":41,"column":5}},"14":{"start":{"line":44,"column":0},"end":{"line":49,"column":3}},"15":{"start":{"line":45,"column":2},"end":{"line":48,"column":5}},"16":{"start":{"line":51,"column":0},"end":{"line":51,"column":26}}},"fnMap":{"0":{"name":"_interopRequireDefault","decl":{"start":{"line":12,"column":9},"end":{"line":12,"column":31}},"loc":{"start":{"line":12,"column":37},"end":{"line":12,"column":95}},"line":12},"1":{"name":"(anonymous_1)","decl":{"start":{"line":16,"column":17},"end":{"line":16,"column":18}},"loc":{"start":{"line":16,"column":37},"end":{"line":21,"column":1}},"line":16},"2":{"name":"(anonymous_2)","decl":{"start":{"line":23,"column":18},"end":{"line":23,"column":19}},"loc":{"start":{"line":23,"column":38},"end":{"line":28,"column":1}},"line":23},"3":{"name":"(anonymous_3)","decl":{"start":{"line":30,"column":19},"end":{"line":30,"column":20}},"loc":{"start":{"line":30,"column":39},"end":{"line":35,"column":1}},"line":30},"4":{"name":"(anonymous_4)","decl":{"start":{"line":37,"column":20},"end":{"line":37,"column":21}},"loc":{"start":{"line":37,"column":40},"end":{"line":42,"column":1}},"line":37},"5":{"name":"(anonymous_5)","decl":{"start":{"line":44,"column":17},"end":{"line":44,"column":18}},"loc":{"start":{"line":44,"column":37},"end":{"line":49,"column":1}},"line":44}},"branchMap":{"0":{"loc":{"start":{"line":12,"column":46},"end":{"line":12,"column":92}},"type":"cond-expr","locations":[{"start":{"line":12,"column":70},"end":{"line":12,"column":73}},{"start":{"line":12,"column":76},"end":{"line":12,"column":92}}],"line":12},"1":{"loc":{"start":{"line":12,"column":46},"end":{"line":12,"column":67}},"type":"binary-expr","locations":[{"start":{"line":12,"column":46},"end":{"line":12,"column":49}},{"start":{"line":12,"column":53},"end":{"line":12,"column":67}}],"line":12}},"s":{"0":0,"1":0,"2":0,"3":0,"4":0,"5":0,"6":0,"7":0,"8":0,"9":0,"10":0,"11":0,"12":0,"13":0,"14":0,"15":0,"16":0},"f":{"0":0,"1":0,"2":0,"3":0,"4":0,"5":0},"b":{"0":[0,0],"1":[0,0]}},"C:\\Users\\USER\\Desktop\\ANDELA\\Banka\\Banka\\server\\routes\\staffRoute.js":{"path":"C:\\Users\\USER\\Desktop\\ANDELA\\Banka\\Banka\\server\\routes\\staffRoute.js","statementMap":{"0":{"start":{"line":3,"column":0},"end":{"line":5,"column":3}},"1":{"start":{"line":6,"column":0},"end":{"line":6,"column":32}},"2":{"start":{"line":8,"column":15},"end":{"line":8,"column":33}},"3":{"start":{"line":10,"column":16},"end":{"line":10,"column":48}},"4":{"start":{"line":12,"column":19},"end":{"line":12,"column":55}},"5":{"start":{"line":14,"column":18},"end":{"line":14,"column":53}},"6":{"start":{"line":16,"column":20},"end":{"line":16,"column":58}},"7":{"start":{"line":18,"column":19},"end":{"line":18,"column":57}},"8":{"start":{"line":20,"column":40},"end":{"line":20,"column":267}},"9":{"start":{"line":20,"column":69},"end":{"line":20,"column":80}},"10":{"start":{"line":20,"column":103},"end":{"line":20,"column":105}},"11":{"start":{"line":20,"column":107},"end":{"line":20,"column":228}},"12":{"start":{"line":20,"column":126},"end":{"line":20,"column":226}},"13":{"start":{"line":20,"column":149},"end":{"line":20,"column":224}},"14":{"start":{"line":20,"column":201},"end":{"line":20,"column":224}},"15":{"start":{"line":20,"column":229},"end":{"line":20,"column":250}},"16":{"start":{"line":20,"column":251},"end":{"line":20,"column":265}},"17":{"start":{"line":22,"column":39},"end":{"line":22,"column":93}},"18":{"start":{"line":24,"column":13},"end":{"line":24,"column":39}},"19":{"start":{"line":27,"column":0},"end":{"line":27,"column":76}},"20":{"start":{"line":30,"column":0},"end":{"line":30,"column":109}},"21":{"start":{"line":33,"column":0},"end":{"line":33,"column":130}},"22":{"start":{"line":36,"column":0},"end":{"line":36,"column":154}},"23":{"start":{"line":39,"column":0},"end":{"line":39,"column":173}},"24":{"start":{"line":42,"column":0},"end":{"line":42,"column":87}},"25":{"start":{"line":45,"column":0},"end":{"line":45,"column":133}},"26":{"start":{"line":47,"column":0},"end":{"line":47,"column":131}},"27":{"start":{"line":49,"column":18},"end":{"line":49,"column":24}},"28":{"start":{"line":50,"column":0},"end":{"line":50,"column":34}}},"fnMap":{"0":{"name":"_interopRequireWildcard","decl":{"start":{"line":20,"column":9},"end":{"line":20,"column":32}},"loc":{"start":{"line":20,"column":38},"end":{"line":20,"column":269}},"line":20},"1":{"name":"_interopRequireDefault","decl":{"start":{"line":22,"column":9},"end":{"line":22,"column":31}},"loc":{"start":{"line":22,"column":37},"end":{"line":22,"column":95}},"line":22}},"branchMap":{"0":{"loc":{"start":{"line":20,"column":40},"end":{"line":20,"column":267}},"type":"if","locations":[{"start":{"line":20,"column":40},"end":{"line":20,"column":267}},{"start":{"line":20,"column":40},"end":{"line":20,"column":267}}],"line":20},"1":{"loc":{"start":{"line":20,"column":44},"end":{"line":20,"column":65}},"type":"binary-expr","locations":[{"start":{"line":20,"column":44},"end":{"line":20,"column":47}},{"start":{"line":20,"column":51},"end":{"line":20,"column":65}}],"line":20},"2":{"loc":{"start":{"line":20,"column":107},"end":{"line":20,"column":228}},"type":"if","locations":[{"start":{"line":20,"column":107},"end":{"line":20,"column":228}},{"start":{"line":20,"column":107},"end":{"line":20,"column":228}}],"line":20},"3":{"loc":{"start":{"line":20,"column":149},"end":{"line":20,"column":224}},"type":"if","locations":[{"start":{"line":20,"column":149},"end":{"line":20,"column":224}},{"start":{"line":20,"column":149},"end":{"line":20,"column":224}}],"line":20},"4":{"loc":{"start":{"line":22,"column":46},"end":{"line":22,"column":92}},"type":"cond-expr","locations":[{"start":{"line":22,"column":70},"end":{"line":22,"column":73}},{"start":{"line":22,"column":76},"end":{"line":22,"column":92}}],"line":22},"5":{"loc":{"start":{"line":22,"column":46},"end":{"line":22,"column":67}},"type":"binary-expr","locations":[{"start":{"line":22,"column":46},"end":{"line":22,"column":49}},{"start":{"line":22,"column":53},"end":{"line":22,"column":67}}],"line":22}},"s":{"0":0,"1":0,"2":0,"3":0,"4":0,"5":0,"6":0,"7":0,"8":0,"9":0,"10":0,"11":0,"12":0,"13":0,"14":0,"15":0,"16":0,"17":0,"18":0,"19":0,"20":0,"21":0,"22":0,"23":0,"24":0,"25":0,"26":0,"27":0,"28":0},"f":{"0":0,"1":0},"b":{"0":[0,0],"1":[0,0],"2":[0,0],"3":[0,0],"4":[0,0],"5":[0,0]}},"C:\\Users\\USER\\Desktop\\ANDELA\\Banka\\Banka\\server\\routes\\userRoutes.js":{"path":"C:\\Users\\USER\\Desktop\\ANDELA\\Banka\\Banka\\server\\routes\\userRoutes.js","statementMap":{"0":{"start":{"line":3,"column":0},"end":{"line":5,"column":3}},"1":{"start":{"line":6,"column":0},"end":{"line":6,"column":31}},"2":{"start":{"line":8,"column":15},"end":{"line":8,"column":33}},"3":{"start":{"line":10,"column":16},"end":{"line":10,"column":48}},"4":{"start":{"line":12,"column":23},"end":{"line":12,"column":63}},"5":{"start":{"line":14,"column":18},"end":{"line":14,"column":53}},"6":{"start":{"line":16,"column":14},"end":{"line":16,"column":42}},"7":{"start":{"line":18,"column":19},"end":{"line":18,"column":56}},"8":{"start":{"line":20,"column":18},"end":{"line":20,"column":55}},"9":{"start":{"line":22,"column":40},"end":{"line":22,"column":267}},"10":{"start":{"line":22,"column":69},"end":{"line":22,"column":80}},"11":{"start":{"line":22,"column":103},"end":{"line":22,"column":105}},"12":{"start":{"line":22,"column":107},"end":{"line":22,"column":228}},"13":{"start":{"line":22,"column":126},"end":{"line":22,"column":226}},"14":{"start":{"line":22,"column":149},"end":{"line":22,"column":224}},"15":{"start":{"line":22,"column":201},"end":{"line":22,"column":224}},"16":{"start":{"line":22,"column":229},"end":{"line":22,"column":250}},"17":{"start":{"line":22,"column":251},"end":{"line":22,"column":265}},"18":{"start":{"line":24,"column":39},"end":{"line":24,"column":93}},"19":{"start":{"line":27,"column":13},"end":{"line":27,"column":39}},"20":{"start":{"line":33,"column":0},"end":{"line":33,"column":82}},"21":{"start":{"line":35,"column":0},"end":{"line":35,"column":83}},"22":{"start":{"line":37,"column":0},"end":{"line":37,"column":117}},"23":{"start":{"line":39,"column":0},"end":{"line":39,"column":156}},"24":{"start":{"line":41,"column":0},"end":{"line":41,"column":121}},"25":{"start":{"line":43,"column":0},"end":{"line":43,"column":103}},"26":{"start":{"line":45,"column":0},"end":{"line":45,"column":80}},"27":{"start":{"line":47,"column":17},"end":{"line":47,"column":23}},"28":{"start":{"line":48,"column":0},"end":{"line":48,"column":32}}},"fnMap":{"0":{"name":"_interopRequireWildcard","decl":{"start":{"line":22,"column":9},"end":{"line":22,"column":32}},"loc":{"start":{"line":22,"column":38},"end":{"line":22,"column":269}},"line":22},"1":{"name":"_interopRequireDefault","decl":{"start":{"line":24,"column":9},"end":{"line":24,"column":31}},"loc":{"start":{"line":24,"column":37},"end":{"line":24,"column":95}},"line":24}},"branchMap":{"0":{"loc":{"start":{"line":22,"column":40},"end":{"line":22,"column":267}},"type":"if","locations":[{"start":{"line":22,"column":40},"end":{"line":22,"column":267}},{"start":{"line":22,"column":40},"end":{"line":22,"column":267}}],"line":22},"1":{"loc":{"start":{"line":22,"column":44},"end":{"line":22,"column":65}},"type":"binary-expr","locations":[{"start":{"line":22,"column":44},"end":{"line":22,"column":47}},{"start":{"line":22,"column":51},"end":{"line":22,"column":65}}],"line":22},"2":{"loc":{"start":{"line":22,"column":107},"end":{"line":22,"column":228}},"type":"if","locations":[{"start":{"line":22,"column":107},"end":{"line":22,"column":228}},{"start":{"line":22,"column":107},"end":{"line":22,"column":228}}],"line":22},"3":{"loc":{"start":{"line":22,"column":149},"end":{"line":22,"column":224}},"type":"if","locations":[{"start":{"line":22,"column":149},"end":{"line":22,"column":224}},{"start":{"line":22,"column":149},"end":{"line":22,"column":224}}],"line":22},"4":{"loc":{"start":{"line":24,"column":46},"end":{"line":24,"column":92}},"type":"cond-expr","locations":[{"start":{"line":24,"column":70},"end":{"line":24,"column":73}},{"start":{"line":24,"column":76},"end":{"line":24,"column":92}}],"line":24},"5":{"loc":{"start":{"line":24,"column":46},"end":{"line":24,"column":67}},"type":"binary-expr","locations":[{"start":{"line":24,"column":46},"end":{"line":24,"column":49}},{"start":{"line":24,"column":53},"end":{"line":24,"column":67}}],"line":24}},"s":{"0":0,"1":0,"2":0,"3":0,"4":0,"5":0,"6":0,"7":0,"8":0,"9":0,"10":0,"11":0,"12":0,"13":0,"14":0,"15":0,"16":0,"17":0,"18":0,"19":0,"20":0,"21":0,"22":0,"23":0,"24":0,"25":0,"26":0,"27":0,"28":0},"f":{"0":0,"1":0},"b":{"0":[0,0],"1":[0,0],"2":[0,0],"3":[0,0],"4":[0,0],"5":[0,0]}}}