{"C:\\Users\\USER\\Desktop\\ANDELA\\Banka\\Banka\\server\\config\\config.js":{"path":"C:\\Users\\USER\\Desktop\\ANDELA\\Banka\\Banka\\server\\config\\config.js","statementMap":{"0":{"start":{"line":3,"column":0},"end":{"line":5,"column":3}},"1":{"start":{"line":6,"column":0},"end":{"line":6,"column":24}},"2":{"start":{"line":8,"column":14},"end":{"line":8,"column":55}},"3":{"start":{"line":10,"column":39},"end":{"line":10,"column":95}},"4":{"start":{"line":12,"column":0},"end":{"line":12,"column":28}},"5":{"start":{"line":14,"column":13},"end":{"line":14,"column":35}},"6":{"start":{"line":15,"column":0},"end":{"line":15,"column":24}}},"fnMap":{"0":{"name":"_interopRequireDefault","decl":{"start":{"line":10,"column":9},"end":{"line":10,"column":31}},"loc":{"start":{"line":10,"column":37},"end":{"line":10,"column":97}},"line":10}},"branchMap":{"0":{"loc":{"start":{"line":10,"column":46},"end":{"line":10,"column":94}},"type":"cond-expr","locations":[{"start":{"line":10,"column":70},"end":{"line":10,"column":73}},{"start":{"line":10,"column":76},"end":{"line":10,"column":94}}],"line":10},"1":{"loc":{"start":{"line":10,"column":46},"end":{"line":10,"column":67}},"type":"binary-expr","locations":[{"start":{"line":10,"column":46},"end":{"line":10,"column":49}},{"start":{"line":10,"column":53},"end":{"line":10,"column":67}}],"line":10}},"s":{"0":0,"1":0,"2":0,"3":0,"4":0,"5":0,"6":0},"f":{"0":0},"b":{"0":[0,0],"1":[0,0]}},"C:\\Users\\USER\\Desktop\\ANDELA\\Banka\\Banka\\server\\controllers\\adminQueries.js":{"path":"C:\\Users\\USER\\Desktop\\ANDELA\\Banka\\Banka\\server\\controllers\\adminQueries.js","statementMap":{"0":{"start":{"line":3,"column":0},"end":{"line":5,"column":3}},"1":{"start":{"line":6,"column":0},"end":{"line":6,"column":212}},"2":{"start":{"line":8,"column":16},"end":{"line":8,"column":59}},"3":{"start":{"line":10,"column":13},"end":{"line":10,"column":66}},"4":{"start":{"line":12,"column":13},"end":{"line":12,"column":35}},"5":{"start":{"line":14,"column":14},"end":{"line":14,"column":42}},"6":{"start":{"line":16,"column":40},"end":{"line":16,"column":473}},"7":{"start":{"line":16,"column":69},"end":{"line":16,"column":80}},"8":{"start":{"line":16,"column":103},"end":{"line":16,"column":105}},"9":{"start":{"line":16,"column":107},"end":{"line":16,"column":431}},"10":{"start":{"line":16,"column":126},"end":{"line":16,"column":429}},"11":{"start":{"line":16,"column":149},"end":{"line":16,"column":427}},"12":{"start":{"line":16,"column":214},"end":{"line":16,"column":319}},"13":{"start":{"line":16,"column":321},"end":{"line":16,"column":425}},"14":{"start":{"line":16,"column":349},"end":{"line":16,"column":390}},"15":{"start":{"line":16,"column":400},"end":{"line":16,"column":423}},"16":{"start":{"line":16,"column":432},"end":{"line":16,"column":456}},"17":{"start":{"line":16,"column":457},"end":{"line":16,"column":471}},"18":{"start":{"line":18,"column":39},"end":{"line":18,"column":95}},"19":{"start":{"line":23,"column":9},"end":{"line":23,"column":20}},"20":{"start":{"line":25,"column":20},"end":{"line":46,"column":1}},"21":{"start":{"line":26,"column":2},"end":{"line":45,"column":5}},"22":{"start":{"line":27,"column":17},"end":{"line":27,"column":30}},"23":{"start":{"line":29,"column":4},"end":{"line":39,"column":5}},"24":{"start":{"line":30,"column":6},"end":{"line":33,"column":9}},"25":{"start":{"line":35,"column":6},"end":{"line":38,"column":9}},"26":{"start":{"line":41,"column":4},"end":{"line":44,"column":7}},"27":{"start":{"line":48,"column":0},"end":{"line":48,"column":38}},"28":{"start":{"line":50,"column":25},"end":{"line":72,"column":1}},"29":{"start":{"line":51,"column":16},"end":{"line":51,"column":39}},"30":{"start":{"line":52,"column":2},"end":{"line":71,"column":5}},"31":{"start":{"line":53,"column":17},"end":{"line":53,"column":30}},"32":{"start":{"line":55,"column":4},"end":{"line":65,"column":5}},"33":{"start":{"line":56,"column":6},"end":{"line":59,"column":9}},"34":{"start":{"line":61,"column":6},"end":{"line":64,"column":9}},"35":{"start":{"line":67,"column":4},"end":{"line":70,"column":7}},"36":{"start":{"line":76,"column":0},"end":{"line":76,"column":48}},"37":{"start":{"line":78,"column":23},"end":{"line":159,"column":1}},"38":{"start":{"line":79,"column":13},"end":{"line":79,"column":34}},"39":{"start":{"line":81,"column":15},"end":{"line":81,"column":94}},"40":{"start":{"line":82,"column":12},"end":{"line":82,"column":14}},"41":{"start":{"line":84,"column":2},"end":{"line":87,"column":3}},"42":{"start":{"line":84,"column":15},"end":{"line":84,"column":16}},"43":{"start":{"line":85,"column":14},"end":{"line":85,"column":21}},"44":{"start":{"line":86,"column":4},"end":{"line":86,"column":18}},"45":{"start":{"line":89,"column":2},"end":{"line":158,"column":3}},"46":{"start":{"line":90,"column":4},"end":{"line":93,"column":7}},"47":{"start":{"line":94,"column":9},"end":{"line":158,"column":3}},"48":{"start":{"line":95,"column":4},"end":{"line":98,"column":7}},"49":{"start":{"line":100,"column":4},"end":{"line":157,"column":7}},"50":{"start":{"line":101,"column":20},"end":{"line":101,"column":36}},"51":{"start":{"line":103,"column":6},"end":{"line":156,"column":7}},"52":{"start":{"line":104,"column":8},"end":{"line":107,"column":11}},"53":{"start":{"line":112,"column":8},"end":{"line":116,"column":9}},"54":{"start":{"line":113,"column":10},"end":{"line":113,"column":26}},"55":{"start":{"line":115,"column":10},"end":{"line":115,"column":25}},"56":{"start":{"line":118,"column":29},"end":{"line":118,"column":80}},"57":{"start":{"line":120,"column":22},"end":{"line":128,"column":9}},"58":{"start":{"line":129,"column":24},"end":{"line":129,"column":41}},"59":{"start":{"line":130,"column":19},"end":{"line":130,"column":35}},"60":{"start":{"line":131,"column":8},"end":{"line":155,"column":11}},"61":{"start":{"line":132,"column":24},"end":{"line":132,"column":37}},"62":{"start":{"line":134,"column":10},"end":{"line":149,"column":11}},"63":{"start":{"line":135,"column":12},"end":{"line":135,"column":323}},"64":{"start":{"line":136,"column":12},"end":{"line":148,"column":15}},"65":{"start":{"line":151,"column":10},"end":{"line":154,"column":13}},"66":{"start":{"line":161,"column":0},"end":{"line":161,"column":44}},"67":{"start":{"line":163,"column":22},"end":{"line":201,"column":1}},"68":{"start":{"line":164,"column":15},"end":{"line":164,"column":38}},"69":{"start":{"line":166,"column":2},"end":{"line":200,"column":3}},"70":{"start":{"line":167,"column":4},"end":{"line":170,"column":7}},"71":{"start":{"line":172,"column":20},"end":{"line":172,"column":61}},"72":{"start":{"line":173,"column":19},"end":{"line":173,"column":59}},"73":{"start":{"line":174,"column":16},"end":{"line":174,"column":53}},"74":{"start":{"line":175,"column":14},"end":{"line":175,"column":26}},"75":{"start":{"line":176,"column":16},"end":{"line":176,"column":78}},"76":{"start":{"line":177,"column":18},"end":{"line":177,"column":34}},"77":{"start":{"line":178,"column":4},"end":{"line":199,"column":7}},"78":{"start":{"line":179,"column":19},"end":{"line":179,"column":35}},"79":{"start":{"line":181,"column":6},"end":{"line":193,"column":7}},"80":{"start":{"line":182,"column":8},"end":{"line":187,"column":11}},"81":{"start":{"line":183,"column":10},"end":{"line":186,"column":13}},"82":{"start":{"line":189,"column":8},"end":{"line":192,"column":11}},"83":{"start":{"line":195,"column":6},"end":{"line":198,"column":9}},"84":{"start":{"line":203,"column":0},"end":{"line":203,"column":42}},"85":{"start":{"line":205,"column":43},"end":{"line":226,"column":1}},"86":{"start":{"line":206,"column":2},"end":{"line":225,"column":5}},"87":{"start":{"line":207,"column":17},"end":{"line":207,"column":30}},"88":{"start":{"line":209,"column":4},"end":{"line":219,"column":5}},"89":{"start":{"line":210,"column":6},"end":{"line":213,"column":9}},"90":{"start":{"line":215,"column":6},"end":{"line":218,"column":9}},"91":{"start":{"line":221,"column":4},"end":{"line":224,"column":7}},"92":{"start":{"line":229,"column":0},"end":{"line":229,"column":84}},"93":{"start":{"line":231,"column":24},"end":{"line":264,"column":1}},"94":{"start":{"line":232,"column":22},"end":{"line":232,"column":56}},"95":{"start":{"line":235,"column":2},"end":{"line":244,"column":3}},"96":{"start":{"line":236,"column":4},"end":{"line":236,"column":23}},"97":{"start":{"line":237,"column":9},"end":{"line":244,"column":3}},"98":{"start":{"line":238,"column":4},"end":{"line":238,"column":22}},"99":{"start":{"line":240,"column":4},"end":{"line":243,"column":7}},"100":{"start":{"line":246,"column":2},"end":{"line":263,"column":5}},"101":{"start":{"line":247,"column":4},"end":{"line":257,"column":5}},"102":{"start":{"line":248,"column":6},"end":{"line":251,"column":9}},"103":{"start":{"line":253,"column":6},"end":{"line":256,"column":9}},"104":{"start":{"line":259,"column":4},"end":{"line":262,"column":7}},"105":{"start":{"line":266,"column":0},"end":{"line":266,"column":46}},"106":{"start":{"line":268,"column":20},"end":{"line":288,"column":1}},"107":{"start":{"line":269,"column":22},"end":{"line":269,"column":56}},"108":{"start":{"line":270,"column":2},"end":{"line":287,"column":5}},"109":{"start":{"line":271,"column":4},"end":{"line":281,"column":5}},"110":{"start":{"line":272,"column":6},"end":{"line":275,"column":9}},"111":{"start":{"line":277,"column":6},"end":{"line":280,"column":9}},"112":{"start":{"line":283,"column":4},"end":{"line":286,"column":7}},"113":{"start":{"line":290,"column":0},"end":{"line":290,"column":38}}},"fnMap":{"0":{"name":"_interopRequireWildcard","decl":{"start":{"line":16,"column":9},"end":{"line":16,"column":32}},"loc":{"start":{"line":16,"column":38},"end":{"line":16,"column":475}},"line":16},"1":{"name":"_interopRequireDefault","decl":{"start":{"line":18,"column":9},"end":{"line":18,"column":31}},"loc":{"start":{"line":18,"column":37},"end":{"line":18,"column":97}},"line":18},"2":{"name":"getStaffUsers","decl":{"start":{"line":25,"column":29},"end":{"line":25,"column":42}},"loc":{"start":{"line":25,"column":53},"end":{"line":46,"column":1}},"line":25},"3":{"name":"(anonymous_3)","decl":{"start":{"line":26,"column":135},"end":{"line":26,"column":136}},"loc":{"start":{"line":26,"column":155},"end":{"line":40,"column":3}},"line":26},"4":{"name":"(anonymous_4)","decl":{"start":{"line":40,"column":14},"end":{"line":40,"column":15}},"loc":{"start":{"line":40,"column":31},"end":{"line":45,"column":3}},"line":40},"5":{"name":"getSingleStaffUser","decl":{"start":{"line":50,"column":34},"end":{"line":50,"column":52}},"loc":{"start":{"line":50,"column":63},"end":{"line":72,"column":1}},"line":50},"6":{"name":"(anonymous_6)","decl":{"start":{"line":52,"column":194},"end":{"line":52,"column":195}},"loc":{"start":{"line":52,"column":214},"end":{"line":66,"column":3}},"line":52},"7":{"name":"(anonymous_7)","decl":{"start":{"line":66,"column":14},"end":{"line":66,"column":15}},"loc":{"start":{"line":66,"column":31},"end":{"line":71,"column":3}},"line":66},"8":{"name":"createStaffAdmin","decl":{"start":{"line":78,"column":32},"end":{"line":78,"column":48}},"loc":{"start":{"line":78,"column":59},"end":{"line":159,"column":1}},"line":78},"9":{"name":"(anonymous_9)","decl":{"start":{"line":100,"column":76},"end":{"line":100,"column":77}},"loc":{"start":{"line":100,"column":96},"end":{"line":157,"column":5}},"line":100},"10":{"name":"(anonymous_10)","decl":{"start":{"line":131,"column":298},"end":{"line":131,"column":299}},"loc":{"start":{"line":131,"column":318},"end":{"line":150,"column":9}},"line":131},"11":{"name":"(anonymous_11)","decl":{"start":{"line":150,"column":20},"end":{"line":150,"column":21}},"loc":{"start":{"line":150,"column":37},"end":{"line":155,"column":9}},"line":150},"12":{"name":"editUserProfile","decl":{"start":{"line":163,"column":31},"end":{"line":163,"column":46}},"loc":{"start":{"line":163,"column":57},"end":{"line":201,"column":1}},"line":163},"13":{"name":"(anonymous_13)","decl":{"start":{"line":178,"column":65},"end":{"line":178,"column":66}},"loc":{"start":{"line":178,"column":85},"end":{"line":194,"column":5}},"line":178},"14":{"name":"(anonymous_14)","decl":{"start":{"line":182,"column":209},"end":{"line":182,"column":210}},"loc":{"start":{"line":182,"column":229},"end":{"line":187,"column":9}},"line":182},"15":{"name":"(anonymous_15)","decl":{"start":{"line":194,"column":16},"end":{"line":194,"column":17}},"loc":{"start":{"line":194,"column":33},"end":{"line":199,"column":5}},"line":194},"16":{"name":"getAllTransactionsPerfomedByOneStaff","decl":{"start":{"line":205,"column":52},"end":{"line":205,"column":88}},"loc":{"start":{"line":205,"column":99},"end":{"line":226,"column":1}},"line":205},"17":{"name":"(anonymous_17)","decl":{"start":{"line":206,"column":91},"end":{"line":206,"column":92}},"loc":{"start":{"line":206,"column":111},"end":{"line":220,"column":3}},"line":206},"18":{"name":"(anonymous_18)","decl":{"start":{"line":220,"column":14},"end":{"line":220,"column":15}},"loc":{"start":{"line":220,"column":31},"end":{"line":225,"column":3}},"line":220},"19":{"name":"deactivateAccount","decl":{"start":{"line":231,"column":33},"end":{"line":231,"column":50}},"loc":{"start":{"line":231,"column":61},"end":{"line":264,"column":1}},"line":231},"20":{"name":"(anonymous_20)","decl":{"start":{"line":246,"column":117},"end":{"line":246,"column":118}},"loc":{"start":{"line":246,"column":137},"end":{"line":258,"column":3}},"line":246},"21":{"name":"(anonymous_21)","decl":{"start":{"line":258,"column":14},"end":{"line":258,"column":15}},"loc":{"start":{"line":258,"column":31},"end":{"line":263,"column":3}},"line":258},"22":{"name":"deleteAccount","decl":{"start":{"line":268,"column":29},"end":{"line":268,"column":42}},"loc":{"start":{"line":268,"column":53},"end":{"line":288,"column":1}},"line":268},"23":{"name":"(anonymous_23)","decl":{"start":{"line":270,"column":85},"end":{"line":270,"column":86}},"loc":{"start":{"line":270,"column":105},"end":{"line":282,"column":3}},"line":270},"24":{"name":"(anonymous_24)","decl":{"start":{"line":282,"column":14},"end":{"line":282,"column":15}},"loc":{"start":{"line":282,"column":31},"end":{"line":287,"column":3}},"line":282}},"branchMap":{"0":{"loc":{"start":{"line":16,"column":40},"end":{"line":16,"column":473}},"type":"if","locations":[{"start":{"line":16,"column":40},"end":{"line":16,"column":473}},{"start":{"line":16,"column":40},"end":{"line":16,"column":473}}],"line":16},"1":{"loc":{"start":{"line":16,"column":44},"end":{"line":16,"column":65}},"type":"binary-expr","locations":[{"start":{"line":16,"column":44},"end":{"line":16,"column":47}},{"start":{"line":16,"column":51},"end":{"line":16,"column":65}}],"line":16},"2":{"loc":{"start":{"line":16,"column":107},"end":{"line":16,"column":431}},"type":"if","locations":[{"start":{"line":16,"column":107},"end":{"line":16,"column":431}},{"start":{"line":16,"column":107},"end":{"line":16,"column":431}}],"line":16},"3":{"loc":{"start":{"line":16,"column":149},"end":{"line":16,"column":427}},"type":"if","locations":[{"start":{"line":16,"column":149},"end":{"line":16,"column":427}},{"start":{"line":16,"column":149},"end":{"line":16,"column":427}}],"line":16},"4":{"loc":{"start":{"line":16,"column":214},"end":{"line":16,"column":319}},"type":"cond-expr","locations":[{"start":{"line":16,"column":273},"end":{"line":16,"column":314}},{"start":{"line":16,"column":317},"end":{"line":16,"column":319}}],"line":16},"5":{"loc":{"start":{"line":16,"column":214},"end":{"line":16,"column":270}},"type":"binary-expr","locations":[{"start":{"line":16,"column":214},"end":{"line":16,"column":235}},{"start":{"line":16,"column":239},"end":{"line":16,"column":270}}],"line":16},"6":{"loc":{"start":{"line":16,"column":321},"end":{"line":16,"column":425}},"type":"if","locations":[{"start":{"line":16,"column":321},"end":{"line":16,"column":425}},{"start":{"line":16,"column":321},"end":{"line":16,"column":425}}],"line":16},"7":{"loc":{"start":{"line":16,"column":325},"end":{"line":16,"column":345}},"type":"binary-expr","locations":[{"start":{"line":16,"column":325},"end":{"line":16,"column":333}},{"start":{"line":16,"column":337},"end":{"line":16,"column":345}}],"line":16},"8":{"loc":{"start":{"line":18,"column":46},"end":{"line":18,"column":94}},"type":"cond-expr","locations":[{"start":{"line":18,"column":70},"end":{"line":18,"column":73}},{"start":{"line":18,"column":76},"end":{"line":18,"column":94}}],"line":18},"9":{"loc":{"start":{"line":18,"column":46},"end":{"line":18,"column":67}},"type":"binary-expr","locations":[{"start":{"line":18,"column":46},"end":{"line":18,"column":49}},{"start":{"line":18,"column":53},"end":{"line":18,"column":67}}],"line":18},"10":{"loc":{"start":{"line":29,"column":4},"end":{"line":39,"column":5}},"type":"if","locations":[{"start":{"line":29,"column":4},"end":{"line":39,"column":5}},{"start":{"line":29,"column":4},"end":{"line":39,"column":5}}],"line":29},"11":{"loc":{"start":{"line":55,"column":4},"end":{"line":65,"column":5}},"type":"if","locations":[{"start":{"line":55,"column":4},"end":{"line":65,"column":5}},{"start":{"line":55,"column":4},"end":{"line":65,"column":5}}],"line":55},"12":{"loc":{"start":{"line":89,"column":2},"end":{"line":158,"column":3}},"type":"if","locations":[{"start":{"line":89,"column":2},"end":{"line":158,"column":3}},{"start":{"line":89,"column":2},"end":{"line":158,"column":3}}],"line":89},"13":{"loc":{"start":{"line":94,"column":9},"end":{"line":158,"column":3}},"type":"if","locations":[{"start":{"line":94,"column":9},"end":{"line":158,"column":3}},{"start":{"line":94,"column":9},"end":{"line":158,"column":3}}],"line":94},"14":{"loc":{"start":{"line":103,"column":6},"end":{"line":156,"column":7}},"type":"if","locations":[{"start":{"line":103,"column":6},"end":{"line":156,"column":7}},{"start":{"line":103,"column":6},"end":{"line":156,"column":7}}],"line":103},"15":{"loc":{"start":{"line":112,"column":8},"end":{"line":116,"column":9}},"type":"if","locations":[{"start":{"line":112,"column":8},"end":{"line":116,"column":9}},{"start":{"line":112,"column":8},"end":{"line":116,"column":9}}],"line":112},"16":{"loc":{"start":{"line":134,"column":10},"end":{"line":149,"column":11}},"type":"if","locations":[{"start":{"line":134,"column":10},"end":{"line":149,"column":11}},{"start":{"line":134,"column":10},"end":{"line":149,"column":11}}],"line":134},"17":{"loc":{"start":{"line":166,"column":2},"end":{"line":200,"column":3}},"type":"if","locations":[{"start":{"line":166,"column":2},"end":{"line":200,"column":3}},{"start":{"line":166,"column":2},"end":{"line":200,"column":3}}],"line":166},"18":{"loc":{"start":{"line":166,"column":6},"end":{"line":166,"column":104}},"type":"binary-expr","locations":[{"start":{"line":166,"column":6},"end":{"line":166,"column":25}},{"start":{"line":166,"column":29},"end":{"line":166,"column":47}},{"start":{"line":166,"column":51},"end":{"line":166,"column":66}},{"start":{"line":166,"column":70},"end":{"line":166,"column":83}},{"start":{"line":166,"column":87},"end":{"line":166,"column":104}}],"line":166},"19":{"loc":{"start":{"line":176,"column":16},"end":{"line":176,"column":78}},"type":"binary-expr","locations":[{"start":{"line":176,"column":16},"end":{"line":176,"column":24}},{"start":{"line":176,"column":28},"end":{"line":176,"column":78}}],"line":176},"20":{"loc":{"start":{"line":181,"column":6},"end":{"line":193,"column":7}},"type":"if","locations":[{"start":{"line":181,"column":6},"end":{"line":193,"column":7}},{"start":{"line":181,"column":6},"end":{"line":193,"column":7}}],"line":181},"21":{"loc":{"start":{"line":209,"column":4},"end":{"line":219,"column":5}},"type":"if","locations":[{"start":{"line":209,"column":4},"end":{"line":219,"column":5}},{"start":{"line":209,"column":4},"end":{"line":219,"column":5}}],"line":209},"22":{"loc":{"start":{"line":235,"column":2},"end":{"line":244,"column":3}},"type":"if","locations":[{"start":{"line":235,"column":2},"end":{"line":244,"column":3}},{"start":{"line":235,"column":2},"end":{"line":244,"column":3}}],"line":235},"23":{"loc":{"start":{"line":237,"column":9},"end":{"line":244,"column":3}},"type":"if","locations":[{"start":{"line":237,"column":9},"end":{"line":244,"column":3}},{"start":{"line":237,"column":9},"end":{"line":244,"column":3}}],"line":237},"24":{"loc":{"start":{"line":247,"column":4},"end":{"line":257,"column":5}},"type":"if","locations":[{"start":{"line":247,"column":4},"end":{"line":257,"column":5}},{"start":{"line":247,"column":4},"end":{"line":257,"column":5}}],"line":247},"25":{"loc":{"start":{"line":261,"column":15},"end":{"line":261,"column":40}},"type":"binary-expr","locations":[{"start":{"line":261,"column":15},"end":{"line":261,"column":20}},{"start":{"line":261,"column":24},"end":{"line":261,"column":40}}],"line":261},"26":{"loc":{"start":{"line":271,"column":4},"end":{"line":281,"column":5}},"type":"if","locations":[{"start":{"line":271,"column":4},"end":{"line":281,"column":5}},{"start":{"line":271,"column":4},"end":{"line":281,"column":5}}],"line":271},"27":{"loc":{"start":{"line":285,"column":15},"end":{"line":285,"column":40}},"type":"binary-expr","locations":[{"start":{"line":285,"column":15},"end":{"line":285,"column":20}},{"start":{"line":285,"column":24},"end":{"line":285,"column":40}}],"line":285}},"s":{"0":0,"1":0,"2":0,"3":0,"4":0,"5":0,"6":0,"7":0,"8":0,"9":0,"10":0,"11":0,"12":0,"13":0,"14":0,"15":0,"16":0,"17":0,"18":0,"19":0,"20":0,"21":0,"22":0,"23":0,"24":0,"25":0,"26":0,"27":0,"28":0,"29":0,"30":0,"31":0,"32":0,"33":0,"34":0,"35":0,"36":0,"37":0,"38":0,"39":0,"40":0,"41":0,"42":0,"43":0,"44":0,"45":0,"46":0,"47":0,"48":0,"49":0,"50":0,"51":0,"52":0,"53":0,"54":0,"55":0,"56":0,"57":0,"58":0,"59":0,"60":0,"61":0,"62":0,"63":0,"64":0,"65":0,"66":0,"67":0,"68":0,"69":0,"70":0,"71":0,"72":0,"73":0,"74":0,"75":0,"76":0,"77":0,"78":0,"79":0,"80":0,"81":0,"82":0,"83":0,"84":0,"85":0,"86":0,"87":0,"88":0,"89":0,"90":0,"91":0,"92":0,"93":0,"94":0,"95":0,"96":0,"97":0,"98":0,"99":0,"100":0,"101":0,"102":0,"103":0,"104":0,"105":0,"106":0,"107":0,"108":0,"109":0,"110":0,"111":0,"112":0,"113":0},"f":{"0":0,"1":0,"2":0,"3":0,"4":0,"5":0,"6":0,"7":0,"8":0,"9":0,"10":0,"11":0,"12":0,"13":0,"14":0,"15":0,"16":0,"17":0,"18":0,"19":0,"20":0,"21":0,"22":0,"23":0,"24":0},"b":{"0":[0,0],"1":[0,0],"2":[0,0],"3":[0,0],"4":[0,0],"5":[0,0],"6":[0,0],"7":[0,0],"8":[0,0],"9":[0,0],"10":[0,0],"11":[0,0],"12":[0,0],"13":[0,0],"14":[0,0],"15":[0,0],"16":[0,0],"17":[0,0],"18":[0,0,0,0,0],"19":[0,0],"20":[0,0],"21":[0,0],"22":[0,0],"23":[0,0],"24":[0,0],"25":[0,0],"26":[0,0],"27":[0,0]}},"C:\\Users\\USER\\Desktop\\ANDELA\\Banka\\Banka\\server\\controllers\\authentication.js":{"path":"C:\\Users\\USER\\Desktop\\ANDELA\\Banka\\Banka\\server\\controllers\\authentication.js","statementMap":{"0":{"start":{"line":3,"column":0},"end":{"line":5,"column":3}},"1":{"start":{"line":6,"column":0},"end":{"line":6,"column":41}},"2":{"start":{"line":8,"column":14},"end":{"line":8,"column":55}},"3":{"start":{"line":10,"column":15},"end":{"line":10,"column":57}},"4":{"start":{"line":12,"column":18},"end":{"line":12,"column":64}},"5":{"start":{"line":14,"column":16},"end":{"line":14,"column":59}},"6":{"start":{"line":16,"column":20},"end":{"line":16,"column":67}},"7":{"start":{"line":18,"column":13},"end":{"line":18,"column":66}},"8":{"start":{"line":20,"column":23},"end":{"line":20,"column":66}},"9":{"start":{"line":22,"column":14},"end":{"line":22,"column":42}},"10":{"start":{"line":24,"column":13},"end":{"line":24,"column":35}},"11":{"start":{"line":26,"column":14},"end":{"line":26,"column":41}},"12":{"start":{"line":28,"column":40},"end":{"line":28,"column":473}},"13":{"start":{"line":28,"column":69},"end":{"line":28,"column":80}},"14":{"start":{"line":28,"column":103},"end":{"line":28,"column":105}},"15":{"start":{"line":28,"column":107},"end":{"line":28,"column":431}},"16":{"start":{"line":28,"column":126},"end":{"line":28,"column":429}},"17":{"start":{"line":28,"column":149},"end":{"line":28,"column":427}},"18":{"start":{"line":28,"column":214},"end":{"line":28,"column":319}},"19":{"start":{"line":28,"column":321},"end":{"line":28,"column":425}},"20":{"start":{"line":28,"column":349},"end":{"line":28,"column":390}},"21":{"start":{"line":28,"column":400},"end":{"line":28,"column":423}},"22":{"start":{"line":28,"column":432},"end":{"line":28,"column":456}},"23":{"start":{"line":28,"column":457},"end":{"line":28,"column":471}},"24":{"start":{"line":30,"column":39},"end":{"line":30,"column":95}},"25":{"start":{"line":35,"column":0},"end":{"line":35,"column":28}},"26":{"start":{"line":37,"column":9},"end":{"line":37,"column":20}},"27":{"start":{"line":38,"column":13},"end":{"line":38,"column":39}},"28":{"start":{"line":40,"column":13},"end":{"line":40,"column":41}},"29":{"start":{"line":42,"column":0},"end":{"line":42,"column":42}},"30":{"start":{"line":44,"column":13},"end":{"line":111,"column":1}},"31":{"start":{"line":45,"column":14},"end":{"line":45,"column":28}},"32":{"start":{"line":46,"column":17},"end":{"line":46,"column":34}},"33":{"start":{"line":47,"column":13},"end":{"line":47,"column":34}},"34":{"start":{"line":49,"column":2},"end":{"line":110,"column":3}},"35":{"start":{"line":50,"column":4},"end":{"line":53,"column":7}},"36":{"start":{"line":54,"column":9},"end":{"line":110,"column":3}},"37":{"start":{"line":55,"column":4},"end":{"line":58,"column":7}},"38":{"start":{"line":60,"column":4},"end":{"line":109,"column":7}},"39":{"start":{"line":61,"column":20},"end":{"line":61,"column":33}},"40":{"start":{"line":63,"column":6},"end":{"line":103,"column":7}},"41":{"start":{"line":64,"column":8},"end":{"line":67,"column":11}},"42":{"start":{"line":70,"column":29},"end":{"line":70,"column":80}},"43":{"start":{"line":72,"column":22},"end":{"line":76,"column":9}},"44":{"start":{"line":77,"column":19},"end":{"line":77,"column":35}},"45":{"start":{"line":78,"column":8},"end":{"line":102,"column":11}},"46":{"start":{"line":79,"column":24},"end":{"line":79,"column":37}},"47":{"start":{"line":81,"column":10},"end":{"line":101,"column":11}},"48":{"start":{"line":82,"column":26},"end":{"line":85,"column":13}},"49":{"start":{"line":87,"column":24},"end":{"line":90,"column":14}},"50":{"start":{"line":92,"column":12},"end":{"line":92,"column":227}},"51":{"start":{"line":93,"column":12},"end":{"line":100,"column":15}},"52":{"start":{"line":105,"column":6},"end":{"line":108,"column":9}},"53":{"start":{"line":114,"column":0},"end":{"line":114,"column":24}},"54":{"start":{"line":116,"column":13},"end":{"line":187,"column":1}},"55":{"start":{"line":118,"column":14},"end":{"line":118,"column":28}},"56":{"start":{"line":119,"column":17},"end":{"line":119,"column":34}},"57":{"start":{"line":121,"column":2},"end":{"line":186,"column":3}},"58":{"start":{"line":122,"column":4},"end":{"line":125,"column":7}},"59":{"start":{"line":126,"column":9},"end":{"line":186,"column":3}},"60":{"start":{"line":127,"column":4},"end":{"line":130,"column":7}},"61":{"start":{"line":132,"column":4},"end":{"line":185,"column":7}},"62":{"start":{"line":133,"column":20},"end":{"line":133,"column":36}},"63":{"start":{"line":135,"column":6},"end":{"line":179,"column":7}},"64":{"start":{"line":136,"column":8},"end":{"line":139,"column":11}},"65":{"start":{"line":141,"column":8},"end":{"line":178,"column":11}},"66":{"start":{"line":142,"column":10},"end":{"line":177,"column":11}},"67":{"start":{"line":143,"column":12},"end":{"line":146,"column":15}},"68":{"start":{"line":148,"column":26},"end":{"line":152,"column":13}},"69":{"start":{"line":154,"column":24},"end":{"line":157,"column":14}},"70":{"start":{"line":160,"column":12},"end":{"line":160,"column":34}},"71":{"start":{"line":161,"column":12},"end":{"line":176,"column":15}},"72":{"start":{"line":181,"column":6},"end":{"line":184,"column":9}},"73":{"start":{"line":189,"column":0},"end":{"line":189,"column":24}}},"fnMap":{"0":{"name":"_interopRequireWildcard","decl":{"start":{"line":28,"column":9},"end":{"line":28,"column":32}},"loc":{"start":{"line":28,"column":38},"end":{"line":28,"column":475}},"line":28},"1":{"name":"_interopRequireDefault","decl":{"start":{"line":30,"column":9},"end":{"line":30,"column":31}},"loc":{"start":{"line":30,"column":37},"end":{"line":30,"column":97}},"line":30},"2":{"name":"signUp","decl":{"start":{"line":44,"column":22},"end":{"line":44,"column":28}},"loc":{"start":{"line":44,"column":39},"end":{"line":111,"column":1}},"line":44},"3":{"name":"(anonymous_3)","decl":{"start":{"line":60,"column":76},"end":{"line":60,"column":77}},"loc":{"start":{"line":60,"column":96},"end":{"line":104,"column":5}},"line":60},"4":{"name":"(anonymous_4)","decl":{"start":{"line":78,"column":160},"end":{"line":78,"column":161}},"loc":{"start":{"line":78,"column":180},"end":{"line":102,"column":9}},"line":78},"5":{"name":"(anonymous_5)","decl":{"start":{"line":104,"column":16},"end":{"line":104,"column":17}},"loc":{"start":{"line":104,"column":33},"end":{"line":109,"column":5}},"line":104},"6":{"name":"signIn","decl":{"start":{"line":116,"column":22},"end":{"line":116,"column":28}},"loc":{"start":{"line":116,"column":39},"end":{"line":187,"column":1}},"line":116},"7":{"name":"(anonymous_7)","decl":{"start":{"line":132,"column":67},"end":{"line":132,"column":68}},"loc":{"start":{"line":132,"column":87},"end":{"line":180,"column":5}},"line":132},"8":{"name":"(anonymous_8)","decl":{"start":{"line":141,"column":70},"end":{"line":141,"column":71}},"loc":{"start":{"line":141,"column":90},"end":{"line":178,"column":9}},"line":141},"9":{"name":"(anonymous_9)","decl":{"start":{"line":180,"column":16},"end":{"line":180,"column":17}},"loc":{"start":{"line":180,"column":33},"end":{"line":185,"column":5}},"line":180}},"branchMap":{"0":{"loc":{"start":{"line":28,"column":40},"end":{"line":28,"column":473}},"type":"if","locations":[{"start":{"line":28,"column":40},"end":{"line":28,"column":473}},{"start":{"line":28,"column":40},"end":{"line":28,"column":473}}],"line":28},"1":{"loc":{"start":{"line":28,"column":44},"end":{"line":28,"column":65}},"type":"binary-expr","locations":[{"start":{"line":28,"column":44},"end":{"line":28,"column":47}},{"start":{"line":28,"column":51},"end":{"line":28,"column":65}}],"line":28},"2":{"loc":{"start":{"line":28,"column":107},"end":{"line":28,"column":431}},"type":"if","locations":[{"start":{"line":28,"column":107},"end":{"line":28,"column":431}},{"start":{"line":28,"column":107},"end":{"line":28,"column":431}}],"line":28},"3":{"loc":{"start":{"line":28,"column":149},"end":{"line":28,"column":427}},"type":"if","locations":[{"start":{"line":28,"column":149},"end":{"line":28,"column":427}},{"start":{"line":28,"column":149},"end":{"line":28,"column":427}}],"line":28},"4":{"loc":{"start":{"line":28,"column":214},"end":{"line":28,"column":319}},"type":"cond-expr","locations":[{"start":{"line":28,"column":273},"end":{"line":28,"column":314}},{"start":{"line":28,"column":317},"end":{"line":28,"column":319}}],"line":28},"5":{"loc":{"start":{"line":28,"column":214},"end":{"line":28,"column":270}},"type":"binary-expr","locations":[{"start":{"line":28,"column":214},"end":{"line":28,"column":235}},{"start":{"line":28,"column":239},"end":{"line":28,"column":270}}],"line":28},"6":{"loc":{"start":{"line":28,"column":321},"end":{"line":28,"column":425}},"type":"if","locations":[{"start":{"line":28,"column":321},"end":{"line":28,"column":425}},{"start":{"line":28,"column":321},"end":{"line":28,"column":425}}],"line":28},"7":{"loc":{"start":{"line":28,"column":325},"end":{"line":28,"column":345}},"type":"binary-expr","locations":[{"start":{"line":28,"column":325},"end":{"line":28,"column":333}},{"start":{"line":28,"column":337},"end":{"line":28,"column":345}}],"line":28},"8":{"loc":{"start":{"line":30,"column":46},"end":{"line":30,"column":94}},"type":"cond-expr","locations":[{"start":{"line":30,"column":70},"end":{"line":30,"column":73}},{"start":{"line":30,"column":76},"end":{"line":30,"column":94}}],"line":30},"9":{"loc":{"start":{"line":30,"column":46},"end":{"line":30,"column":67}},"type":"binary-expr","locations":[{"start":{"line":30,"column":46},"end":{"line":30,"column":49}},{"start":{"line":30,"column":53},"end":{"line":30,"column":67}}],"line":30},"10":{"loc":{"start":{"line":49,"column":2},"end":{"line":110,"column":3}},"type":"if","locations":[{"start":{"line":49,"column":2},"end":{"line":110,"column":3}},{"start":{"line":49,"column":2},"end":{"line":110,"column":3}}],"line":49},"11":{"loc":{"start":{"line":49,"column":6},"end":{"line":49,"column":56}},"type":"binary-expr","locations":[{"start":{"line":49,"column":6},"end":{"line":49,"column":46}},{"start":{"line":49,"column":50},"end":{"line":49,"column":56}}],"line":49},"12":{"loc":{"start":{"line":54,"column":9},"end":{"line":110,"column":3}},"type":"if","locations":[{"start":{"line":54,"column":9},"end":{"line":110,"column":3}},{"start":{"line":54,"column":9},"end":{"line":110,"column":3}}],"line":54},"13":{"loc":{"start":{"line":63,"column":6},"end":{"line":103,"column":7}},"type":"if","locations":[{"start":{"line":63,"column":6},"end":{"line":103,"column":7}},{"start":{"line":63,"column":6},"end":{"line":103,"column":7}}],"line":63},"14":{"loc":{"start":{"line":81,"column":10},"end":{"line":101,"column":11}},"type":"if","locations":[{"start":{"line":81,"column":10},"end":{"line":101,"column":11}},{"start":{"line":81,"column":10},"end":{"line":101,"column":11}}],"line":81},"15":{"loc":{"start":{"line":121,"column":2},"end":{"line":186,"column":3}},"type":"if","locations":[{"start":{"line":121,"column":2},"end":{"line":186,"column":3}},{"start":{"line":121,"column":2},"end":{"line":186,"column":3}}],"line":121},"16":{"loc":{"start":{"line":121,"column":6},"end":{"line":121,"column":25}},"type":"binary-expr","locations":[{"start":{"line":121,"column":6},"end":{"line":121,"column":15}},{"start":{"line":121,"column":19},"end":{"line":121,"column":25}}],"line":121},"17":{"loc":{"start":{"line":126,"column":9},"end":{"line":186,"column":3}},"type":"if","locations":[{"start":{"line":126,"column":9},"end":{"line":186,"column":3}},{"start":{"line":126,"column":9},"end":{"line":186,"column":3}}],"line":126},"18":{"loc":{"start":{"line":135,"column":6},"end":{"line":179,"column":7}},"type":"if","locations":[{"start":{"line":135,"column":6},"end":{"line":179,"column":7}},{"start":{"line":135,"column":6},"end":{"line":179,"column":7}}],"line":135},"19":{"loc":{"start":{"line":142,"column":10},"end":{"line":177,"column":11}},"type":"if","locations":[{"start":{"line":142,"column":10},"end":{"line":177,"column":11}},{"start":{"line":142,"column":10},"end":{"line":177,"column":11}}],"line":142}},"s":{"0":0,"1":0,"2":0,"3":0,"4":0,"5":0,"6":0,"7":0,"8":0,"9":0,"10":0,"11":0,"12":0,"13":0,"14":0,"15":0,"16":0,"17":0,"18":0,"19":0,"20":0,"21":0,"22":0,"23":0,"24":0,"25":0,"26":0,"27":0,"28":0,"29":0,"30":0,"31":0,"32":0,"33":0,"34":0,"35":0,"36":0,"37":0,"38":0,"39":0,"40":0,"41":0,"42":0,"43":0,"44":0,"45":0,"46":0,"47":0,"48":0,"49":0,"50":0,"51":0,"52":0,"53":0,"54":0,"55":0,"56":0,"57":0,"58":0,"59":0,"60":0,"61":0,"62":0,"63":0,"64":0,"65":0,"66":0,"67":0,"68":0,"69":0,"70":0,"71":0,"72":0,"73":0},"f":{"0":0,"1":0,"2":0,"3":0,"4":0,"5":0,"6":0,"7":0,"8":0,"9":0},"b":{"0":[0,0],"1":[0,0],"2":[0,0],"3":[0,0],"4":[0,0],"5":[0,0],"6":[0,0],"7":[0,0],"8":[0,0],"9":[0,0],"10":[0,0],"11":[0,0],"12":[0,0],"13":[0,0],"14":[0,0],"15":[0,0],"16":[0,0],"17":[0,0],"18":[0,0],"19":[0,0]}},"C:\\Users\\USER\\Desktop\\ANDELA\\Banka\\Banka\\server\\controllers\\generalQueries.js":{"path":"C:\\Users\\USER\\Desktop\\ANDELA\\Banka\\Banka\\server\\controllers\\generalQueries.js","statementMap":{"0":{"start":{"line":3,"column":0},"end":{"line":5,"column":3}},"1":{"start":{"line":6,"column":0},"end":{"line":6,"column":31}},"2":{"start":{"line":8,"column":16},"end":{"line":8,"column":59}},"3":{"start":{"line":10,"column":13},"end":{"line":10,"column":66}},"4":{"start":{"line":12,"column":14},"end":{"line":12,"column":42}},"5":{"start":{"line":14,"column":13},"end":{"line":14,"column":35}},"6":{"start":{"line":16,"column":40},"end":{"line":16,"column":473}},"7":{"start":{"line":16,"column":69},"end":{"line":16,"column":80}},"8":{"start":{"line":16,"column":103},"end":{"line":16,"column":105}},"9":{"start":{"line":16,"column":107},"end":{"line":16,"column":431}},"10":{"start":{"line":16,"column":126},"end":{"line":16,"column":429}},"11":{"start":{"line":16,"column":149},"end":{"line":16,"column":427}},"12":{"start":{"line":16,"column":214},"end":{"line":16,"column":319}},"13":{"start":{"line":16,"column":321},"end":{"line":16,"column":425}},"14":{"start":{"line":16,"column":349},"end":{"line":16,"column":390}},"15":{"start":{"line":16,"column":400},"end":{"line":16,"column":423}},"16":{"start":{"line":16,"column":432},"end":{"line":16,"column":456}},"17":{"start":{"line":16,"column":457},"end":{"line":16,"column":471}},"18":{"start":{"line":18,"column":39},"end":{"line":18,"column":95}},"19":{"start":{"line":23,"column":9},"end":{"line":23,"column":20}},"20":{"start":{"line":25,"column":20},"end":{"line":61,"column":1}},"21":{"start":{"line":26,"column":14},"end":{"line":26,"column":28}},"22":{"start":{"line":27,"column":2},"end":{"line":60,"column":5}},"23":{"start":{"line":28,"column":17},"end":{"line":28,"column":30}},"24":{"start":{"line":30,"column":4},"end":{"line":54,"column":5}},"25":{"start":{"line":31,"column":6},"end":{"line":34,"column":9}},"26":{"start":{"line":35,"column":11},"end":{"line":54,"column":5}},"27":{"start":{"line":36,"column":21},"end":{"line":36,"column":65}},"28":{"start":{"line":38,"column":27},"end":{"line":38,"column":69}},"29":{"start":{"line":40,"column":6},"end":{"line":53,"column":9}},"30":{"start":{"line":41,"column":8},"end":{"line":52,"column":9}},"31":{"start":{"line":42,"column":10},"end":{"line":45,"column":13}},"32":{"start":{"line":47,"column":10},"end":{"line":47,"column":337}},"33":{"start":{"line":48,"column":10},"end":{"line":51,"column":13}},"34":{"start":{"line":56,"column":4},"end":{"line":59,"column":7}},"35":{"start":{"line":63,"column":0},"end":{"line":63,"column":38}}},"fnMap":{"0":{"name":"_interopRequireWildcard","decl":{"start":{"line":16,"column":9},"end":{"line":16,"column":32}},"loc":{"start":{"line":16,"column":38},"end":{"line":16,"column":475}},"line":16},"1":{"name":"_interopRequireDefault","decl":{"start":{"line":18,"column":9},"end":{"line":18,"column":31}},"loc":{"start":{"line":18,"column":37},"end":{"line":18,"column":97}},"line":18},"2":{"name":"passwordReset","decl":{"start":{"line":25,"column":29},"end":{"line":25,"column":42}},"loc":{"start":{"line":25,"column":53},"end":{"line":61,"column":1}},"line":25},"3":{"name":"(anonymous_3)","decl":{"start":{"line":27,"column":74},"end":{"line":27,"column":75}},"loc":{"start":{"line":27,"column":94},"end":{"line":55,"column":3}},"line":27},"4":{"name":"(anonymous_4)","decl":{"start":{"line":40,"column":91},"end":{"line":40,"column":92}},"loc":{"start":{"line":40,"column":118},"end":{"line":53,"column":7}},"line":40},"5":{"name":"(anonymous_5)","decl":{"start":{"line":55,"column":14},"end":{"line":55,"column":15}},"loc":{"start":{"line":55,"column":31},"end":{"line":60,"column":3}},"line":55}},"branchMap":{"0":{"loc":{"start":{"line":16,"column":40},"end":{"line":16,"column":473}},"type":"if","locations":[{"start":{"line":16,"column":40},"end":{"line":16,"column":473}},{"start":{"line":16,"column":40},"end":{"line":16,"column":473}}],"line":16},"1":{"loc":{"start":{"line":16,"column":44},"end":{"line":16,"column":65}},"type":"binary-expr","locations":[{"start":{"line":16,"column":44},"end":{"line":16,"column":47}},{"start":{"line":16,"column":51},"end":{"line":16,"column":65}}],"line":16},"2":{"loc":{"start":{"line":16,"column":107},"end":{"line":16,"column":431}},"type":"if","locations":[{"start":{"line":16,"column":107},"end":{"line":16,"column":431}},{"start":{"line":16,"column":107},"end":{"line":16,"column":431}}],"line":16},"3":{"loc":{"start":{"line":16,"column":149},"end":{"line":16,"column":427}},"type":"if","locations":[{"start":{"line":16,"column":149},"end":{"line":16,"column":427}},{"start":{"line":16,"column":149},"end":{"line":16,"column":427}}],"line":16},"4":{"loc":{"start":{"line":16,"column":214},"end":{"line":16,"column":319}},"type":"cond-expr","locations":[{"start":{"line":16,"column":273},"end":{"line":16,"column":314}},{"start":{"line":16,"column":317},"end":{"line":16,"column":319}}],"line":16},"5":{"loc":{"start":{"line":16,"column":214},"end":{"line":16,"column":270}},"type":"binary-expr","locations":[{"start":{"line":16,"column":214},"end":{"line":16,"column":235}},{"start":{"line":16,"column":239},"end":{"line":16,"column":270}}],"line":16},"6":{"loc":{"start":{"line":16,"column":321},"end":{"line":16,"column":425}},"type":"if","locations":[{"start":{"line":16,"column":321},"end":{"line":16,"column":425}},{"start":{"line":16,"column":321},"end":{"line":16,"column":425}}],"line":16},"7":{"loc":{"start":{"line":16,"column":325},"end":{"line":16,"column":345}},"type":"binary-expr","locations":[{"start":{"line":16,"column":325},"end":{"line":16,"column":333}},{"start":{"line":16,"column":337},"end":{"line":16,"column":345}}],"line":16},"8":{"loc":{"start":{"line":18,"column":46},"end":{"line":18,"column":94}},"type":"cond-expr","locations":[{"start":{"line":18,"column":70},"end":{"line":18,"column":73}},{"start":{"line":18,"column":76},"end":{"line":18,"column":94}}],"line":18},"9":{"loc":{"start":{"line":18,"column":46},"end":{"line":18,"column":67}},"type":"binary-expr","locations":[{"start":{"line":18,"column":46},"end":{"line":18,"column":49}},{"start":{"line":18,"column":53},"end":{"line":18,"column":67}}],"line":18},"10":{"loc":{"start":{"line":30,"column":4},"end":{"line":54,"column":5}},"type":"if","locations":[{"start":{"line":30,"column":4},"end":{"line":54,"column":5}},{"start":{"line":30,"column":4},"end":{"line":54,"column":5}}],"line":30},"11":{"loc":{"start":{"line":35,"column":11},"end":{"line":54,"column":5}},"type":"if","locations":[{"start":{"line":35,"column":11},"end":{"line":54,"column":5}},{"start":{"line":35,"column":11},"end":{"line":54,"column":5}}],"line":35},"12":{"loc":{"start":{"line":41,"column":8},"end":{"line":52,"column":9}},"type":"if","locations":[{"start":{"line":41,"column":8},"end":{"line":52,"column":9}},{"start":{"line":41,"column":8},"end":{"line":52,"column":9}}],"line":41},"13":{"loc":{"start":{"line":58,"column":15},"end":{"line":58,"column":40}},"type":"binary-expr","locations":[{"start":{"line":58,"column":15},"end":{"line":58,"column":20}},{"start":{"line":58,"column":24},"end":{"line":58,"column":40}}],"line":58}},"s":{"0":0,"1":0,"2":0,"3":0,"4":0,"5":0,"6":0,"7":0,"8":0,"9":0,"10":0,"11":0,"12":0,"13":0,"14":0,"15":0,"16":0,"17":0,"18":0,"19":0,"20":0,"21":0,"22":0,"23":0,"24":0,"25":0,"26":0,"27":0,"28":0,"29":0,"30":0,"31":0,"32":0,"33":0,"34":0,"35":0},"f":{"0":0,"1":0,"2":0,"3":0,"4":0,"5":0},"b":{"0":[0,0],"1":[0,0],"2":[0,0],"3":[0,0],"4":[0,0],"5":[0,0],"6":[0,0],"7":[0,0],"8":[0,0],"9":[0,0],"10":[0,0],"11":[0,0],"12":[0,0],"13":[0,0]}},"C:\\Users\\USER\\Desktop\\ANDELA\\Banka\\Banka\\server\\controllers\\staffQueries.js":{"path":"C:\\Users\\USER\\Desktop\\ANDELA\\Banka\\Banka\\server\\controllers\\staffQueries.js","statementMap":{"0":{"start":{"line":3,"column":0},"end":{"line":5,"column":3}},"1":{"start":{"line":6,"column":0},"end":{"line":6,"column":259}},"2":{"start":{"line":8,"column":16},"end":{"line":8,"column":59}},"3":{"start":{"line":10,"column":13},"end":{"line":10,"column":66}},"4":{"start":{"line":12,"column":13},"end":{"line":12,"column":35}},"5":{"start":{"line":14,"column":14},"end":{"line":14,"column":42}},"6":{"start":{"line":16,"column":40},"end":{"line":16,"column":473}},"7":{"start":{"line":16,"column":69},"end":{"line":16,"column":80}},"8":{"start":{"line":16,"column":103},"end":{"line":16,"column":105}},"9":{"start":{"line":16,"column":107},"end":{"line":16,"column":431}},"10":{"start":{"line":16,"column":126},"end":{"line":16,"column":429}},"11":{"start":{"line":16,"column":149},"end":{"line":16,"column":427}},"12":{"start":{"line":16,"column":214},"end":{"line":16,"column":319}},"13":{"start":{"line":16,"column":321},"end":{"line":16,"column":425}},"14":{"start":{"line":16,"column":349},"end":{"line":16,"column":390}},"15":{"start":{"line":16,"column":400},"end":{"line":16,"column":423}},"16":{"start":{"line":16,"column":432},"end":{"line":16,"column":456}},"17":{"start":{"line":16,"column":457},"end":{"line":16,"column":471}},"18":{"start":{"line":18,"column":39},"end":{"line":18,"column":95}},"19":{"start":{"line":23,"column":9},"end":{"line":23,"column":20}},"20":{"start":{"line":25,"column":18},"end":{"line":46,"column":1}},"21":{"start":{"line":26,"column":2},"end":{"line":45,"column":5}},"22":{"start":{"line":27,"column":17},"end":{"line":27,"column":30}},"23":{"start":{"line":29,"column":4},"end":{"line":39,"column":5}},"24":{"start":{"line":30,"column":6},"end":{"line":33,"column":9}},"25":{"start":{"line":35,"column":6},"end":{"line":38,"column":9}},"26":{"start":{"line":41,"column":4},"end":{"line":44,"column":7}},"27":{"start":{"line":49,"column":0},"end":{"line":49,"column":34}},"28":{"start":{"line":51,"column":27},"end":{"line":73,"column":1}},"29":{"start":{"line":52,"column":15},"end":{"line":52,"column":38}},"30":{"start":{"line":53,"column":2},"end":{"line":72,"column":5}},"31":{"start":{"line":54,"column":17},"end":{"line":54,"column":30}},"32":{"start":{"line":56,"column":4},"end":{"line":66,"column":5}},"33":{"start":{"line":57,"column":6},"end":{"line":60,"column":9}},"34":{"start":{"line":62,"column":6},"end":{"line":65,"column":9}},"35":{"start":{"line":68,"column":4},"end":{"line":71,"column":7}},"36":{"start":{"line":76,"column":0},"end":{"line":76,"column":52}},"37":{"start":{"line":78,"column":29},"end":{"line":100,"column":1}},"38":{"start":{"line":79,"column":22},"end":{"line":79,"column":46}},"39":{"start":{"line":80,"column":2},"end":{"line":99,"column":5}},"40":{"start":{"line":81,"column":17},"end":{"line":81,"column":30}},"41":{"start":{"line":83,"column":4},"end":{"line":93,"column":5}},"42":{"start":{"line":84,"column":6},"end":{"line":87,"column":9}},"43":{"start":{"line":89,"column":6},"end":{"line":92,"column":9}},"44":{"start":{"line":95,"column":4},"end":{"line":98,"column":7}},"45":{"start":{"line":103,"column":0},"end":{"line":103,"column":56}},"46":{"start":{"line":105,"column":40},"end":{"line":127,"column":1}},"47":{"start":{"line":106,"column":22},"end":{"line":106,"column":46}},"48":{"start":{"line":107,"column":2},"end":{"line":126,"column":5}},"49":{"start":{"line":108,"column":17},"end":{"line":108,"column":30}},"50":{"start":{"line":110,"column":4},"end":{"line":120,"column":5}},"51":{"start":{"line":111,"column":6},"end":{"line":114,"column":9}},"52":{"start":{"line":116,"column":6},"end":{"line":119,"column":9}},"53":{"start":{"line":122,"column":4},"end":{"line":125,"column":7}},"54":{"start":{"line":131,"column":0},"end":{"line":131,"column":78}},"55":{"start":{"line":133,"column":21},"end":{"line":184,"column":1}},"56":{"start":{"line":134,"column":15},"end":{"line":134,"column":39}},"57":{"start":{"line":136,"column":2},"end":{"line":183,"column":3}},"58":{"start":{"line":137,"column":4},"end":{"line":156,"column":7}},"59":{"start":{"line":138,"column":19},"end":{"line":138,"column":32}},"60":{"start":{"line":140,"column":6},"end":{"line":150,"column":7}},"61":{"start":{"line":141,"column":8},"end":{"line":144,"column":11}},"62":{"start":{"line":146,"column":8},"end":{"line":149,"column":11}},"63":{"start":{"line":152,"column":6},"end":{"line":155,"column":9}},"64":{"start":{"line":157,"column":9},"end":{"line":183,"column":3}},"65":{"start":{"line":158,"column":4},"end":{"line":177,"column":7}},"66":{"start":{"line":159,"column":19},"end":{"line":159,"column":32}},"67":{"start":{"line":161,"column":6},"end":{"line":171,"column":7}},"68":{"start":{"line":162,"column":8},"end":{"line":165,"column":11}},"69":{"start":{"line":167,"column":8},"end":{"line":170,"column":11}},"70":{"start":{"line":173,"column":6},"end":{"line":176,"column":9}},"71":{"start":{"line":179,"column":4},"end":{"line":182,"column":7}},"72":{"start":{"line":187,"column":0},"end":{"line":187,"column":40}},"73":{"start":{"line":189,"column":38},"end":{"line":212,"column":1}},"74":{"start":{"line":190,"column":22},"end":{"line":190,"column":46}},"75":{"start":{"line":191,"column":22},"end":{"line":191,"column":46}},"76":{"start":{"line":192,"column":2},"end":{"line":211,"column":5}},"77":{"start":{"line":193,"column":17},"end":{"line":193,"column":30}},"78":{"start":{"line":195,"column":4},"end":{"line":205,"column":5}},"79":{"start":{"line":196,"column":6},"end":{"line":199,"column":9}},"80":{"start":{"line":201,"column":6},"end":{"line":204,"column":9}},"81":{"start":{"line":207,"column":4},"end":{"line":210,"column":7}},"82":{"start":{"line":216,"column":0},"end":{"line":216,"column":74}},"83":{"start":{"line":218,"column":23},"end":{"line":277,"column":1}},"84":{"start":{"line":219,"column":16},"end":{"line":219,"column":30}},"85":{"start":{"line":220,"column":22},"end":{"line":220,"column":46}},"86":{"start":{"line":221,"column":20},"end":{"line":221,"column":40}},"87":{"start":{"line":222,"column":15},"end":{"line":222,"column":38}},"88":{"start":{"line":223,"column":11},"end":{"line":223,"column":37}},"89":{"start":{"line":224,"column":19},"end":{"line":224,"column":46}},"90":{"start":{"line":225,"column":17},"end":{"line":225,"column":42}},"91":{"start":{"line":227,"column":2},"end":{"line":276,"column":3}},"92":{"start":{"line":228,"column":4},"end":{"line":231,"column":7}},"93":{"start":{"line":233,"column":4},"end":{"line":275,"column":7}},"94":{"start":{"line":234,"column":19},"end":{"line":234,"column":35}},"95":{"start":{"line":236,"column":6},"end":{"line":269,"column":7}},"96":{"start":{"line":237,"column":8},"end":{"line":240,"column":11}},"97":{"start":{"line":241,"column":13},"end":{"line":269,"column":7}},"98":{"start":{"line":242,"column":29},"end":{"line":242,"column":81}},"99":{"start":{"line":243,"column":8},"end":{"line":263,"column":11}},"100":{"start":{"line":244,"column":10},"end":{"line":262,"column":11}},"101":{"start":{"line":245,"column":12},"end":{"line":261,"column":15}},"102":{"start":{"line":246,"column":28},"end":{"line":246,"column":44}},"103":{"start":{"line":248,"column":14},"end":{"line":260,"column":15}},"104":{"start":{"line":249,"column":16},"end":{"line":259,"column":19}},"105":{"start":{"line":250,"column":35},"end":{"line":250,"column":51}},"106":{"start":{"line":252,"column":18},"end":{"line":258,"column":19}},"107":{"start":{"line":253,"column":20},"end":{"line":253,"column":474}},"108":{"start":{"line":254,"column":20},"end":{"line":257,"column":23}},"109":{"start":{"line":265,"column":8},"end":{"line":268,"column":11}},"110":{"start":{"line":271,"column":6},"end":{"line":274,"column":9}},"111":{"start":{"line":280,"column":0},"end":{"line":280,"column":44}},"112":{"start":{"line":282,"column":24},"end":{"line":336,"column":1}},"113":{"start":{"line":283,"column":16},"end":{"line":283,"column":30}},"114":{"start":{"line":284,"column":22},"end":{"line":284,"column":46}},"115":{"start":{"line":285,"column":21},"end":{"line":285,"column":42}},"116":{"start":{"line":286,"column":15},"end":{"line":286,"column":38}},"117":{"start":{"line":287,"column":11},"end":{"line":287,"column":37}},"118":{"start":{"line":288,"column":19},"end":{"line":288,"column":46}},"119":{"start":{"line":289,"column":17},"end":{"line":289,"column":42}},"120":{"start":{"line":291,"column":2},"end":{"line":335,"column":3}},"121":{"start":{"line":292,"column":4},"end":{"line":295,"column":7}},"122":{"start":{"line":297,"column":4},"end":{"line":334,"column":7}},"123":{"start":{"line":298,"column":19},"end":{"line":298,"column":35}},"124":{"start":{"line":300,"column":6},"end":{"line":328,"column":7}},"125":{"start":{"line":301,"column":8},"end":{"line":304,"column":11}},"126":{"start":{"line":305,"column":13},"end":{"line":328,"column":7}},"127":{"start":{"line":306,"column":24},"end":{"line":306,"column":77}},"128":{"start":{"line":307,"column":8},"end":{"line":327,"column":11}},"129":{"start":{"line":308,"column":10},"end":{"line":326,"column":11}},"130":{"start":{"line":309,"column":12},"end":{"line":325,"column":15}},"131":{"start":{"line":310,"column":28},"end":{"line":310,"column":44}},"132":{"start":{"line":312,"column":14},"end":{"line":324,"column":15}},"133":{"start":{"line":313,"column":16},"end":{"line":323,"column":19}},"134":{"start":{"line":314,"column":35},"end":{"line":314,"column":51}},"135":{"start":{"line":316,"column":18},"end":{"line":322,"column":19}},"136":{"start":{"line":317,"column":20},"end":{"line":317,"column":442}},"137":{"start":{"line":318,"column":20},"end":{"line":321,"column":23}},"138":{"start":{"line":330,"column":6},"end":{"line":333,"column":9}},"139":{"start":{"line":338,"column":0},"end":{"line":338,"column":46}}},"fnMap":{"0":{"name":"_interopRequireWildcard","decl":{"start":{"line":16,"column":9},"end":{"line":16,"column":32}},"loc":{"start":{"line":16,"column":38},"end":{"line":16,"column":475}},"line":16},"1":{"name":"_interopRequireDefault","decl":{"start":{"line":18,"column":9},"end":{"line":18,"column":31}},"loc":{"start":{"line":18,"column":37},"end":{"line":18,"column":97}},"line":18},"2":{"name":"getAllUsers","decl":{"start":{"line":25,"column":27},"end":{"line":25,"column":38}},"loc":{"start":{"line":25,"column":49},"end":{"line":46,"column":1}},"line":25},"3":{"name":"(anonymous_3)","decl":{"start":{"line":26,"column":102},"end":{"line":26,"column":103}},"loc":{"start":{"line":26,"column":122},"end":{"line":40,"column":3}},"line":26},"4":{"name":"(anonymous_4)","decl":{"start":{"line":40,"column":14},"end":{"line":40,"column":15}},"loc":{"start":{"line":40,"column":31},"end":{"line":45,"column":3}},"line":40},"5":{"name":"getOneClientTypeUser","decl":{"start":{"line":51,"column":36},"end":{"line":51,"column":56}},"loc":{"start":{"line":51,"column":67},"end":{"line":73,"column":1}},"line":51},"6":{"name":"(anonymous_6)","decl":{"start":{"line":53,"column":261},"end":{"line":53,"column":262}},"loc":{"start":{"line":53,"column":281},"end":{"line":67,"column":3}},"line":53},"7":{"name":"(anonymous_7)","decl":{"start":{"line":67,"column":14},"end":{"line":67,"column":15}},"loc":{"start":{"line":67,"column":31},"end":{"line":72,"column":3}},"line":67},"8":{"name":"getSpecificClientBkAcc","decl":{"start":{"line":78,"column":38},"end":{"line":78,"column":60}},"loc":{"start":{"line":78,"column":71},"end":{"line":100,"column":1}},"line":78},"9":{"name":"(anonymous_9)","decl":{"start":{"line":80,"column":213},"end":{"line":80,"column":214}},"loc":{"start":{"line":80,"column":233},"end":{"line":94,"column":3}},"line":80},"10":{"name":"(anonymous_10)","decl":{"start":{"line":94,"column":14},"end":{"line":94,"column":15}},"loc":{"start":{"line":94,"column":31},"end":{"line":99,"column":3}},"line":94},"11":{"name":"getAllTransactionsofSpecificBkAcc","decl":{"start":{"line":105,"column":49},"end":{"line":105,"column":82}},"loc":{"start":{"line":105,"column":93},"end":{"line":127,"column":1}},"line":105},"12":{"name":"(anonymous_12)","decl":{"start":{"line":107,"column":507},"end":{"line":107,"column":508}},"loc":{"start":{"line":107,"column":527},"end":{"line":121,"column":3}},"line":107},"13":{"name":"(anonymous_13)","decl":{"start":{"line":121,"column":14},"end":{"line":121,"column":15}},"loc":{"start":{"line":121,"column":31},"end":{"line":126,"column":3}},"line":121},"14":{"name":"getAllBankAccs","decl":{"start":{"line":133,"column":30},"end":{"line":133,"column":44}},"loc":{"start":{"line":133,"column":55},"end":{"line":184,"column":1}},"line":133},"15":{"name":"(anonymous_15)","decl":{"start":{"line":137,"column":298},"end":{"line":137,"column":299}},"loc":{"start":{"line":137,"column":318},"end":{"line":151,"column":5}},"line":137},"16":{"name":"(anonymous_16)","decl":{"start":{"line":151,"column":16},"end":{"line":151,"column":17}},"loc":{"start":{"line":151,"column":33},"end":{"line":156,"column":5}},"line":151},"17":{"name":"(anonymous_17)","decl":{"start":{"line":158,"column":329},"end":{"line":158,"column":330}},"loc":{"start":{"line":158,"column":349},"end":{"line":172,"column":5}},"line":158},"18":{"name":"(anonymous_18)","decl":{"start":{"line":172,"column":16},"end":{"line":172,"column":17}},"loc":{"start":{"line":172,"column":33},"end":{"line":177,"column":5}},"line":172},"19":{"name":"getSpecificAccTransactionDetail","decl":{"start":{"line":189,"column":47},"end":{"line":189,"column":78}},"loc":{"start":{"line":189,"column":89},"end":{"line":212,"column":1}},"line":189},"20":{"name":"(anonymous_20)","decl":{"start":{"line":192,"column":561},"end":{"line":192,"column":562}},"loc":{"start":{"line":192,"column":581},"end":{"line":206,"column":3}},"line":192},"21":{"name":"(anonymous_21)","decl":{"start":{"line":206,"column":14},"end":{"line":206,"column":15}},"loc":{"start":{"line":206,"column":31},"end":{"line":211,"column":3}},"line":206},"22":{"name":"staffCanDebitAcc","decl":{"start":{"line":218,"column":32},"end":{"line":218,"column":48}},"loc":{"start":{"line":218,"column":59},"end":{"line":277,"column":1}},"line":218},"23":{"name":"(anonymous_23)","decl":{"start":{"line":233,"column":89},"end":{"line":233,"column":90}},"loc":{"start":{"line":233,"column":109},"end":{"line":270,"column":5}},"line":233},"24":{"name":"(anonymous_24)","decl":{"start":{"line":243,"column":362},"end":{"line":243,"column":363}},"loc":{"start":{"line":243,"column":382},"end":{"line":263,"column":9}},"line":243},"25":{"name":"(anonymous_25)","decl":{"start":{"line":245,"column":177},"end":{"line":245,"column":178}},"loc":{"start":{"line":245,"column":197},"end":{"line":261,"column":13}},"line":245},"26":{"name":"(anonymous_26)","decl":{"start":{"line":249,"column":84},"end":{"line":249,"column":85}},"loc":{"start":{"line":249,"column":104},"end":{"line":259,"column":17}},"line":249},"27":{"name":"(anonymous_27)","decl":{"start":{"line":270,"column":16},"end":{"line":270,"column":17}},"loc":{"start":{"line":270,"column":33},"end":{"line":275,"column":5}},"line":270},"28":{"name":"staffCanCreditAcc","decl":{"start":{"line":282,"column":33},"end":{"line":282,"column":50}},"loc":{"start":{"line":282,"column":61},"end":{"line":336,"column":1}},"line":282},"29":{"name":"(anonymous_29)","decl":{"start":{"line":297,"column":89},"end":{"line":297,"column":90}},"loc":{"start":{"line":297,"column":109},"end":{"line":329,"column":5}},"line":297},"30":{"name":"(anonymous_30)","decl":{"start":{"line":307,"column":341},"end":{"line":307,"column":342}},"loc":{"start":{"line":307,"column":361},"end":{"line":327,"column":9}},"line":307},"31":{"name":"(anonymous_31)","decl":{"start":{"line":309,"column":170},"end":{"line":309,"column":171}},"loc":{"start":{"line":309,"column":190},"end":{"line":325,"column":13}},"line":309},"32":{"name":"(anonymous_32)","decl":{"start":{"line":313,"column":84},"end":{"line":313,"column":85}},"loc":{"start":{"line":313,"column":104},"end":{"line":323,"column":17}},"line":313},"33":{"name":"(anonymous_33)","decl":{"start":{"line":329,"column":16},"end":{"line":329,"column":17}},"loc":{"start":{"line":329,"column":33},"end":{"line":334,"column":5}},"line":329}},"branchMap":{"0":{"loc":{"start":{"line":16,"column":40},"end":{"line":16,"column":473}},"type":"if","locations":[{"start":{"line":16,"column":40},"end":{"line":16,"column":473}},{"start":{"line":16,"column":40},"end":{"line":16,"column":473}}],"line":16},"1":{"loc":{"start":{"line":16,"column":44},"end":{"line":16,"column":65}},"type":"binary-expr","locations":[{"start":{"line":16,"column":44},"end":{"line":16,"column":47}},{"start":{"line":16,"column":51},"end":{"line":16,"column":65}}],"line":16},"2":{"loc":{"start":{"line":16,"column":107},"end":{"line":16,"column":431}},"type":"if","locations":[{"start":{"line":16,"column":107},"end":{"line":16,"column":431}},{"start":{"line":16,"column":107},"end":{"line":16,"column":431}}],"line":16},"3":{"loc":{"start":{"line":16,"column":149},"end":{"line":16,"column":427}},"type":"if","locations":[{"start":{"line":16,"column":149},"end":{"line":16,"column":427}},{"start":{"line":16,"column":149},"end":{"line":16,"column":427}}],"line":16},"4":{"loc":{"start":{"line":16,"column":214},"end":{"line":16,"column":319}},"type":"cond-expr","locations":[{"start":{"line":16,"column":273},"end":{"line":16,"column":314}},{"start":{"line":16,"column":317},"end":{"line":16,"column":319}}],"line":16},"5":{"loc":{"start":{"line":16,"column":214},"end":{"line":16,"column":270}},"type":"binary-expr","locations":[{"start":{"line":16,"column":214},"end":{"line":16,"column":235}},{"start":{"line":16,"column":239},"end":{"line":16,"column":270}}],"line":16},"6":{"loc":{"start":{"line":16,"column":321},"end":{"line":16,"column":425}},"type":"if","locations":[{"start":{"line":16,"column":321},"end":{"line":16,"column":425}},{"start":{"line":16,"column":321},"end":{"line":16,"column":425}}],"line":16},"7":{"loc":{"start":{"line":16,"column":325},"end":{"line":16,"column":345}},"type":"binary-expr","locations":[{"start":{"line":16,"column":325},"end":{"line":16,"column":333}},{"start":{"line":16,"column":337},"end":{"line":16,"column":345}}],"line":16},"8":{"loc":{"start":{"line":18,"column":46},"end":{"line":18,"column":94}},"type":"cond-expr","locations":[{"start":{"line":18,"column":70},"end":{"line":18,"column":73}},{"start":{"line":18,"column":76},"end":{"line":18,"column":94}}],"line":18},"9":{"loc":{"start":{"line":18,"column":46},"end":{"line":18,"column":67}},"type":"binary-expr","locations":[{"start":{"line":18,"column":46},"end":{"line":18,"column":49}},{"start":{"line":18,"column":53},"end":{"line":18,"column":67}}],"line":18},"10":{"loc":{"start":{"line":29,"column":4},"end":{"line":39,"column":5}},"type":"if","locations":[{"start":{"line":29,"column":4},"end":{"line":39,"column":5}},{"start":{"line":29,"column":4},"end":{"line":39,"column":5}}],"line":29},"11":{"loc":{"start":{"line":56,"column":4},"end":{"line":66,"column":5}},"type":"if","locations":[{"start":{"line":56,"column":4},"end":{"line":66,"column":5}},{"start":{"line":56,"column":4},"end":{"line":66,"column":5}}],"line":56},"12":{"loc":{"start":{"line":83,"column":4},"end":{"line":93,"column":5}},"type":"if","locations":[{"start":{"line":83,"column":4},"end":{"line":93,"column":5}},{"start":{"line":83,"column":4},"end":{"line":93,"column":5}}],"line":83},"13":{"loc":{"start":{"line":110,"column":4},"end":{"line":120,"column":5}},"type":"if","locations":[{"start":{"line":110,"column":4},"end":{"line":120,"column":5}},{"start":{"line":110,"column":4},"end":{"line":120,"column":5}}],"line":110},"14":{"loc":{"start":{"line":134,"column":15},"end":{"line":134,"column":39}},"type":"binary-expr","locations":[{"start":{"line":134,"column":15},"end":{"line":134,"column":31}},{"start":{"line":134,"column":35},"end":{"line":134,"column":39}}],"line":134},"15":{"loc":{"start":{"line":136,"column":2},"end":{"line":183,"column":3}},"type":"if","locations":[{"start":{"line":136,"column":2},"end":{"line":183,"column":3}},{"start":{"line":136,"column":2},"end":{"line":183,"column":3}}],"line":136},"16":{"loc":{"start":{"line":140,"column":6},"end":{"line":150,"column":7}},"type":"if","locations":[{"start":{"line":140,"column":6},"end":{"line":150,"column":7}},{"start":{"line":140,"column":6},"end":{"line":150,"column":7}}],"line":140},"17":{"loc":{"start":{"line":157,"column":9},"end":{"line":183,"column":3}},"type":"if","locations":[{"start":{"line":157,"column":9},"end":{"line":183,"column":3}},{"start":{"line":157,"column":9},"end":{"line":183,"column":3}}],"line":157},"18":{"loc":{"start":{"line":157,"column":13},"end":{"line":157,"column":56}},"type":"binary-expr","locations":[{"start":{"line":157,"column":13},"end":{"line":157,"column":32}},{"start":{"line":157,"column":36},"end":{"line":157,"column":56}}],"line":157},"19":{"loc":{"start":{"line":161,"column":6},"end":{"line":171,"column":7}},"type":"if","locations":[{"start":{"line":161,"column":6},"end":{"line":171,"column":7}},{"start":{"line":161,"column":6},"end":{"line":171,"column":7}}],"line":161},"20":{"loc":{"start":{"line":195,"column":4},"end":{"line":205,"column":5}},"type":"if","locations":[{"start":{"line":195,"column":4},"end":{"line":205,"column":5}},{"start":{"line":195,"column":4},"end":{"line":205,"column":5}}],"line":195},"21":{"loc":{"start":{"line":222,"column":15},"end":{"line":222,"column":38}},"type":"binary-expr","locations":[{"start":{"line":222,"column":15},"end":{"line":222,"column":30}},{"start":{"line":222,"column":34},"end":{"line":222,"column":38}}],"line":222},"22":{"loc":{"start":{"line":223,"column":11},"end":{"line":223,"column":37}},"type":"binary-expr","locations":[{"start":{"line":223,"column":11},"end":{"line":223,"column":29}},{"start":{"line":223,"column":33},"end":{"line":223,"column":37}}],"line":223},"23":{"loc":{"start":{"line":224,"column":19},"end":{"line":224,"column":46}},"type":"binary-expr","locations":[{"start":{"line":224,"column":19},"end":{"line":224,"column":38}},{"start":{"line":224,"column":42},"end":{"line":224,"column":46}}],"line":224},"24":{"loc":{"start":{"line":225,"column":17},"end":{"line":225,"column":42}},"type":"binary-expr","locations":[{"start":{"line":225,"column":17},"end":{"line":225,"column":34}},{"start":{"line":225,"column":38},"end":{"line":225,"column":42}}],"line":225},"25":{"loc":{"start":{"line":227,"column":2},"end":{"line":276,"column":3}},"type":"if","locations":[{"start":{"line":227,"column":2},"end":{"line":276,"column":3}},{"start":{"line":227,"column":2},"end":{"line":276,"column":3}}],"line":227},"26":{"loc":{"start":{"line":227,"column":6},"end":{"line":227,"column":62}},"type":"binary-expr","locations":[{"start":{"line":227,"column":6},"end":{"line":227,"column":31}},{"start":{"line":227,"column":35},"end":{"line":227,"column":62}}],"line":227},"27":{"loc":{"start":{"line":236,"column":6},"end":{"line":269,"column":7}},"type":"if","locations":[{"start":{"line":236,"column":6},"end":{"line":269,"column":7}},{"start":{"line":236,"column":6},"end":{"line":269,"column":7}}],"line":236},"28":{"loc":{"start":{"line":241,"column":13},"end":{"line":269,"column":7}},"type":"if","locations":[{"start":{"line":241,"column":13},"end":{"line":269,"column":7}},{"start":{"line":241,"column":13},"end":{"line":269,"column":7}}],"line":241},"29":{"loc":{"start":{"line":244,"column":10},"end":{"line":262,"column":11}},"type":"if","locations":[{"start":{"line":244,"column":10},"end":{"line":262,"column":11}},{"start":{"line":244,"column":10},"end":{"line":262,"column":11}}],"line":244},"30":{"loc":{"start":{"line":248,"column":14},"end":{"line":260,"column":15}},"type":"if","locations":[{"start":{"line":248,"column":14},"end":{"line":260,"column":15}},{"start":{"line":248,"column":14},"end":{"line":260,"column":15}}],"line":248},"31":{"loc":{"start":{"line":252,"column":18},"end":{"line":258,"column":19}},"type":"if","locations":[{"start":{"line":252,"column":18},"end":{"line":258,"column":19}},{"start":{"line":252,"column":18},"end":{"line":258,"column":19}}],"line":252},"32":{"loc":{"start":{"line":286,"column":15},"end":{"line":286,"column":38}},"type":"binary-expr","locations":[{"start":{"line":286,"column":15},"end":{"line":286,"column":30}},{"start":{"line":286,"column":34},"end":{"line":286,"column":38}}],"line":286},"33":{"loc":{"start":{"line":287,"column":11},"end":{"line":287,"column":37}},"type":"binary-expr","locations":[{"start":{"line":287,"column":11},"end":{"line":287,"column":29}},{"start":{"line":287,"column":33},"end":{"line":287,"column":37}}],"line":287},"34":{"loc":{"start":{"line":288,"column":19},"end":{"line":288,"column":46}},"type":"binary-expr","locations":[{"start":{"line":288,"column":19},"end":{"line":288,"column":38}},{"start":{"line":288,"column":42},"end":{"line":288,"column":46}}],"line":288},"35":{"loc":{"start":{"line":289,"column":17},"end":{"line":289,"column":42}},"type":"binary-expr","locations":[{"start":{"line":289,"column":17},"end":{"line":289,"column":34}},{"start":{"line":289,"column":38},"end":{"line":289,"column":42}}],"line":289},"36":{"loc":{"start":{"line":291,"column":2},"end":{"line":335,"column":3}},"type":"if","locations":[{"start":{"line":291,"column":2},"end":{"line":335,"column":3}},{"start":{"line":291,"column":2},"end":{"line":335,"column":3}}],"line":291},"37":{"loc":{"start":{"line":291,"column":6},"end":{"line":291,"column":64}},"type":"binary-expr","locations":[{"start":{"line":291,"column":6},"end":{"line":291,"column":32}},{"start":{"line":291,"column":36},"end":{"line":291,"column":64}}],"line":291},"38":{"loc":{"start":{"line":300,"column":6},"end":{"line":328,"column":7}},"type":"if","locations":[{"start":{"line":300,"column":6},"end":{"line":328,"column":7}},{"start":{"line":300,"column":6},"end":{"line":328,"column":7}}],"line":300},"39":{"loc":{"start":{"line":305,"column":13},"end":{"line":328,"column":7}},"type":"if","locations":[{"start":{"line":305,"column":13},"end":{"line":328,"column":7}},{"start":{"line":305,"column":13},"end":{"line":328,"column":7}}],"line":305},"40":{"loc":{"start":{"line":305,"column":17},"end":{"line":305,"column":75}},"type":"binary-expr","locations":[{"start":{"line":305,"column":17},"end":{"line":305,"column":43}},{"start":{"line":305,"column":47},"end":{"line":305,"column":75}}],"line":305},"41":{"loc":{"start":{"line":308,"column":10},"end":{"line":326,"column":11}},"type":"if","locations":[{"start":{"line":308,"column":10},"end":{"line":326,"column":11}},{"start":{"line":308,"column":10},"end":{"line":326,"column":11}}],"line":308},"42":{"loc":{"start":{"line":312,"column":14},"end":{"line":324,"column":15}},"type":"if","locations":[{"start":{"line":312,"column":14},"end":{"line":324,"column":15}},{"start":{"line":312,"column":14},"end":{"line":324,"column":15}}],"line":312},"43":{"loc":{"start":{"line":316,"column":18},"end":{"line":322,"column":19}},"type":"if","locations":[{"start":{"line":316,"column":18},"end":{"line":322,"column":19}},{"start":{"line":316,"column":18},"end":{"line":322,"column":19}}],"line":316}},"s":{"0":0,"1":0,"2":0,"3":0,"4":0,"5":0,"6":0,"7":0,"8":0,"9":0,"10":0,"11":0,"12":0,"13":0,"14":0,"15":0,"16":0,"17":0,"18":0,"19":0,"20":0,"21":0,"22":0,"23":0,"24":0,"25":0,"26":0,"27":0,"28":0,"29":0,"30":0,"31":0,"32":0,"33":0,"34":0,"35":0,"36":0,"37":0,"38":0,"39":0,"40":0,"41":0,"42":0,"43":0,"44":0,"45":0,"46":0,"47":0,"48":0,"49":0,"50":0,"51":0,"52":0,"53":0,"54":0,"55":0,"56":0,"57":0,"58":0,"59":0,"60":0,"61":0,"62":0,"63":0,"64":0,"65":0,"66":0,"67":0,"68":0,"69":0,"70":0,"71":0,"72":0,"73":0,"74":0,"75":0,"76":0,"77":0,"78":0,"79":0,"80":0,"81":0,"82":0,"83":0,"84":0,"85":0,"86":0,"87":0,"88":0,"89":0,"90":0,"91":0,"92":0,"93":0,"94":0,"95":0,"96":0,"97":0,"98":0,"99":0,"100":0,"101":0,"102":0,"103":0,"104":0,"105":0,"106":0,"107":0,"108":0,"109":0,"110":0,"111":0,"112":0,"113":0,"114":0,"115":0,"116":0,"117":0,"118":0,"119":0,"120":0,"121":0,"122":0,"123":0,"124":0,"125":0,"126":0,"127":0,"128":0,"129":0,"130":0,"131":0,"132":0,"133":0,"134":0,"135":0,"136":0,"137":0,"138":0,"139":0},"f":{"0":0,"1":0,"2":0,"3":0,"4":0,"5":0,"6":0,"7":0,"8":0,"9":0,"10":0,"11":0,"12":0,"13":0,"14":0,"15":0,"16":0,"17":0,"18":0,"19":0,"20":0,"21":0,"22":0,"23":0,"24":0,"25":0,"26":0,"27":0,"28":0,"29":0,"30":0,"31":0,"32":0,"33":0},"b":{"0":[0,0],"1":[0,0],"2":[0,0],"3":[0,0],"4":[0,0],"5":[0,0],"6":[0,0],"7":[0,0],"8":[0,0],"9":[0,0],"10":[0,0],"11":[0,0],"12":[0,0],"13":[0,0],"14":[0,0],"15":[0,0],"16":[0,0],"17":[0,0],"18":[0,0],"19":[0,0],"20":[0,0],"21":[0,0],"22":[0,0],"23":[0,0],"24":[0,0],"25":[0,0],"26":[0,0],"27":[0,0],"28":[0,0],"29":[0,0],"30":[0,0],"31":[0,0],"32":[0,0],"33":[0,0],"34":[0,0],"35":[0,0],"36":[0,0],"37":[0,0],"38":[0,0],"39":[0,0],"40":[0,0],"41":[0,0],"42":[0,0],"43":[0,0]}},"C:\\Users\\USER\\Desktop\\ANDELA\\Banka\\Banka\\server\\controllers\\userQueries.js":{"path":"C:\\Users\\USER\\Desktop\\ANDELA\\Banka\\Banka\\server\\controllers\\userQueries.js","statementMap":{"0":{"start":{"line":3,"column":0},"end":{"line":5,"column":3}},"1":{"start":{"line":6,"column":0},"end":{"line":6,"column":209}},"2":{"start":{"line":8,"column":16},"end":{"line":8,"column":59}},"3":{"start":{"line":10,"column":13},"end":{"line":10,"column":66}},"4":{"start":{"line":12,"column":13},"end":{"line":12,"column":35}},"5":{"start":{"line":14,"column":14},"end":{"line":14,"column":42}},"6":{"start":{"line":16,"column":40},"end":{"line":16,"column":473}},"7":{"start":{"line":16,"column":69},"end":{"line":16,"column":80}},"8":{"start":{"line":16,"column":103},"end":{"line":16,"column":105}},"9":{"start":{"line":16,"column":107},"end":{"line":16,"column":431}},"10":{"start":{"line":16,"column":126},"end":{"line":16,"column":429}},"11":{"start":{"line":16,"column":149},"end":{"line":16,"column":427}},"12":{"start":{"line":16,"column":214},"end":{"line":16,"column":319}},"13":{"start":{"line":16,"column":321},"end":{"line":16,"column":425}},"14":{"start":{"line":16,"column":349},"end":{"line":16,"column":390}},"15":{"start":{"line":16,"column":400},"end":{"line":16,"column":423}},"16":{"start":{"line":16,"column":432},"end":{"line":16,"column":456}},"17":{"start":{"line":16,"column":457},"end":{"line":16,"column":471}},"18":{"start":{"line":18,"column":39},"end":{"line":18,"column":95}},"19":{"start":{"line":23,"column":9},"end":{"line":23,"column":20}},"20":{"start":{"line":25,"column":20},"end":{"line":98,"column":1}},"21":{"start":{"line":26,"column":14},"end":{"line":26,"column":31}},"22":{"start":{"line":27,"column":13},"end":{"line":27,"column":34}},"23":{"start":{"line":28,"column":22},"end":{"line":28,"column":46}},"24":{"start":{"line":29,"column":2},"end":{"line":97,"column":5}},"25":{"start":{"line":30,"column":17},"end":{"line":30,"column":33}},"26":{"start":{"line":32,"column":4},"end":{"line":91,"column":5}},"27":{"start":{"line":33,"column":6},"end":{"line":36,"column":9}},"28":{"start":{"line":38,"column":6},"end":{"line":90,"column":7}},"29":{"start":{"line":39,"column":8},"end":{"line":42,"column":11}},"30":{"start":{"line":44,"column":25},"end":{"line":44,"column":40}},"31":{"start":{"line":45,"column":24},"end":{"line":54,"column":9}},"32":{"start":{"line":55,"column":8},"end":{"line":89,"column":11}},"33":{"start":{"line":56,"column":24},"end":{"line":56,"column":40}},"34":{"start":{"line":58,"column":10},"end":{"line":88,"column":11}},"35":{"start":{"line":59,"column":12},"end":{"line":62,"column":15}},"36":{"start":{"line":64,"column":12},"end":{"line":87,"column":15}},"37":{"start":{"line":65,"column":27},"end":{"line":65,"column":43}},"38":{"start":{"line":67,"column":14},"end":{"line":86,"column":15}},"39":{"start":{"line":68,"column":16},"end":{"line":85,"column":19}},"40":{"start":{"line":69,"column":31},"end":{"line":69,"column":47}},"41":{"start":{"line":71,"column":18},"end":{"line":84,"column":19}},"42":{"start":{"line":72,"column":20},"end":{"line":72,"column":715}},"43":{"start":{"line":73,"column":20},"end":{"line":83,"column":23}},"44":{"start":{"line":93,"column":4},"end":{"line":96,"column":7}},"45":{"start":{"line":101,"column":0},"end":{"line":101,"column":38}},"46":{"start":{"line":103,"column":22},"end":{"line":124,"column":1}},"47":{"start":{"line":104,"column":2},"end":{"line":123,"column":5}},"48":{"start":{"line":105,"column":17},"end":{"line":105,"column":30}},"49":{"start":{"line":107,"column":4},"end":{"line":117,"column":5}},"50":{"start":{"line":108,"column":6},"end":{"line":111,"column":9}},"51":{"start":{"line":113,"column":6},"end":{"line":116,"column":9}},"52":{"start":{"line":119,"column":4},"end":{"line":122,"column":7}},"53":{"start":{"line":127,"column":0},"end":{"line":127,"column":42}},"54":{"start":{"line":129,"column":21},"end":{"line":153,"column":1}},"55":{"start":{"line":130,"column":2},"end":{"line":152,"column":5}},"56":{"start":{"line":131,"column":17},"end":{"line":131,"column":33}},"57":{"start":{"line":132,"column":4},"end":{"line":146,"column":7}},"58":{"start":{"line":148,"column":4},"end":{"line":151,"column":7}},"59":{"start":{"line":156,"column":0},"end":{"line":156,"column":40}},"60":{"start":{"line":158,"column":22},"end":{"line":195,"column":1}},"61":{"start":{"line":159,"column":14},"end":{"line":159,"column":31}},"62":{"start":{"line":160,"column":18},"end":{"line":160,"column":59}},"63":{"start":{"line":161,"column":17},"end":{"line":161,"column":57}},"64":{"start":{"line":162,"column":14},"end":{"line":162,"column":51}},"65":{"start":{"line":163,"column":12},"end":{"line":163,"column":47}},"66":{"start":{"line":164,"column":14},"end":{"line":164,"column":30}},"67":{"start":{"line":165,"column":17},"end":{"line":165,"column":67}},"68":{"start":{"line":167,"column":2},"end":{"line":194,"column":3}},"69":{"start":{"line":168,"column":4},"end":{"line":171,"column":7}},"70":{"start":{"line":173,"column":4},"end":{"line":193,"column":7}},"71":{"start":{"line":174,"column":19},"end":{"line":174,"column":35}},"72":{"start":{"line":176,"column":6},"end":{"line":178,"column":7}},"73":{"start":{"line":177,"column":8},"end":{"line":177,"column":84}},"74":{"start":{"line":180,"column":6},"end":{"line":187,"column":9}},"75":{"start":{"line":181,"column":8},"end":{"line":186,"column":9}},"76":{"start":{"line":182,"column":10},"end":{"line":185,"column":13}},"77":{"start":{"line":189,"column":6},"end":{"line":192,"column":9}},"78":{"start":{"line":198,"column":0},"end":{"line":198,"column":42}},"79":{"start":{"line":200,"column":25},"end":{"line":231,"column":1}},"80":{"start":{"line":201,"column":17},"end":{"line":201,"column":34}},"81":{"start":{"line":202,"column":18},"end":{"line":202,"column":36}},"82":{"start":{"line":204,"column":2},"end":{"line":230,"column":3}},"83":{"start":{"line":205,"column":4},"end":{"line":224,"column":5}},"84":{"start":{"line":206,"column":27},"end":{"line":206,"column":69}},"85":{"start":{"line":208,"column":6},"end":{"line":218,"column":9}},"86":{"start":{"line":209,"column":8},"end":{"line":212,"column":11}},"87":{"start":{"line":214,"column":8},"end":{"line":217,"column":11}},"88":{"start":{"line":220,"column":6},"end":{"line":223,"column":9}},"89":{"start":{"line":226,"column":4},"end":{"line":229,"column":7}},"90":{"start":{"line":234,"column":0},"end":{"line":234,"column":48}},"91":{"start":{"line":236,"column":28},"end":{"line":259,"column":1}},"92":{"start":{"line":237,"column":22},"end":{"line":237,"column":56}},"93":{"start":{"line":238,"column":11},"end":{"line":238,"column":25}},"94":{"start":{"line":239,"column":2},"end":{"line":258,"column":5}},"95":{"start":{"line":240,"column":17},"end":{"line":240,"column":30}},"96":{"start":{"line":242,"column":4},"end":{"line":252,"column":5}},"97":{"start":{"line":243,"column":6},"end":{"line":246,"column":9}},"98":{"start":{"line":248,"column":6},"end":{"line":251,"column":9}},"99":{"start":{"line":254,"column":4},"end":{"line":257,"column":7}},"100":{"start":{"line":262,"column":0},"end":{"line":262,"column":54}},"101":{"start":{"line":264,"column":36},"end":{"line":289,"column":1}},"102":{"start":{"line":265,"column":15},"end":{"line":265,"column":29}},"103":{"start":{"line":266,"column":11},"end":{"line":266,"column":34}},"104":{"start":{"line":267,"column":22},"end":{"line":267,"column":56}},"105":{"start":{"line":269,"column":2},"end":{"line":288,"column":5}},"106":{"start":{"line":270,"column":17},"end":{"line":270,"column":30}},"107":{"start":{"line":272,"column":4},"end":{"line":282,"column":5}},"108":{"start":{"line":273,"column":6},"end":{"line":276,"column":9}},"109":{"start":{
[...]
mn":107},"end":{"line":14,"column":431}},"type":"if","locations":[{"start":{"line":14,"column":107},"end":{"line":14,"column":431}},{"start":{"line":14,"column":107},"end":{"line":14,"column":431}}],"line":14},"3":{"loc":{"start":{"line":14,"column":149},"end":{"line":14,"column":427}},"type":"if","locations":[{"start":{"line":14,"column":149},"end":{"line":14,"column":427}},{"start":{"line":14,"column":149},"end":{"line":14,"column":427}}],"line":14},"4":{"loc":{"start":{"line":14,"column":214},"end":{"line":14,"column":319}},"type":"cond-expr","locations":[{"start":{"line":14,"column":273},"end":{"line":14,"column":314}},{"start":{"line":14,"column":317},"end":{"line":14,"column":319}}],"line":14},"5":{"loc":{"start":{"line":14,"column":214},"end":{"line":14,"column":270}},"type":"binary-expr","locations":[{"start":{"line":14,"column":214},"end":{"line":14,"column":235}},{"start":{"line":14,"column":239},"end":{"line":14,"column":270}}],"line":14},"6":{"loc":{"start":{"line":14,"column":321},"end":{"line":14,"column":425}},"type":"if","locations":[{"start":{"line":14,"column":321},"end":{"line":14,"column":425}},{"start":{"line":14,"column":321},"end":{"line":14,"column":425}}],"line":14},"7":{"loc":{"start":{"line":14,"column":325},"end":{"line":14,"column":345}},"type":"binary-expr","locations":[{"start":{"line":14,"column":325},"end":{"line":14,"column":333}},{"start":{"line":14,"column":337},"end":{"line":14,"column":345}}],"line":14},"8":{"loc":{"start":{"line":16,"column":46},"end":{"line":16,"column":94}},"type":"cond-expr","locations":[{"start":{"line":16,"column":70},"end":{"line":16,"column":73}},{"start":{"line":16,"column":76},"end":{"line":16,"column":94}}],"line":16},"9":{"loc":{"start":{"line":16,"column":46},"end":{"line":16,"column":67}},"type":"binary-expr","locations":[{"start":{"line":16,"column":46},"end":{"line":16,"column":49}},{"start":{"line":16,"column":53},"end":{"line":16,"column":67}}],"line":16}},"s":{"0":0,"1":0,"2":0,"3":0,"4":0,"5":0,"6":0,"7":0,"8":0,"9":0,"10":0,"11":0,"12":0,"13":0,"14":0,"15":0,"16":0,"17":0,"18":0,"19":0,"20":0,"21":0,"22":0,"23":0,"24":0,"25":0},"f":{"0":0,"1":0},"b":{"0":[0,0],"1":[0,0],"2":[0,0],"3":[0,0],"4":[0,0],"5":[0,0],"6":[0,0],"7":[0,0],"8":[0,0],"9":[0,0]}},"C:\\Users\\USER\\Desktop\\ANDELA\\Banka\\Banka\\server\\routes\\generalRoute.js":{"path":"C:\\Users\\USER\\Desktop\\ANDELA\\Banka\\Banka\\server\\routes\\generalRoute.js","statementMap":{"0":{"start":{"line":3,"column":0},"end":{"line":5,"column":3}},"1":{"start":{"line":6,"column":0},"end":{"line":6,"column":30}},"2":{"start":{"line":8,"column":15},"end":{"line":8,"column":57}},"3":{"start":{"line":10,"column":22},"end":{"line":10,"column":62}},"4":{"start":{"line":12,"column":39},"end":{"line":12,"column":95}},"5":{"start":{"line":15,"column":13},"end":{"line":15,"column":41}},"6":{"start":{"line":18,"column":0},"end":{"line":18,"column":61}},"7":{"start":{"line":19,"column":19},"end":{"line":19,"column":25}},"8":{"start":{"line":20,"column":0},"end":{"line":20,"column":36}}},"fnMap":{"0":{"name":"_interopRequireDefault","decl":{"start":{"line":12,"column":9},"end":{"line":12,"column":31}},"loc":{"start":{"line":12,"column":37},"end":{"line":12,"column":97}},"line":12}},"branchMap":{"0":{"loc":{"start":{"line":12,"column":46},"end":{"line":12,"column":94}},"type":"cond-expr","locations":[{"start":{"line":12,"column":70},"end":{"line":12,"column":73}},{"start":{"line":12,"column":76},"end":{"line":12,"column":94}}],"line":12},"1":{"loc":{"start":{"line":12,"column":46},"end":{"line":12,"column":67}},"type":"binary-expr","locations":[{"start":{"line":12,"column":46},"end":{"line":12,"column":49}},{"start":{"line":12,"column":53},"end":{"line":12,"column":67}}],"line":12}},"s":{"0":0,"1":0,"2":0,"3":0,"4":0,"5":0,"6":0,"7":0,"8":0},"f":{"0":0},"b":{"0":[0,0],"1":[0,0]}},"C:\\Users\\USER\\Desktop\\ANDELA\\Banka\\Banka\\server\\routes\\indexroute.js":{"path":"C:\\Users\\USER\\Desktop\\ANDELA\\Banka\\Banka\\server\\routes\\indexroute.js","statementMap":{"0":{"start":{"line":3,"column":0},"end":{"line":5,"column":3}},"1":{"start":{"line":6,"column":0},"end":{"line":6,"column":27}},"2":{"start":{"line":8,"column":15},"end":{"line":8,"column":57}},"3":{"start":{"line":10,"column":18},"end":{"line":10,"column":64}},"4":{"start":{"line":12,"column":18},"end":{"line":12,"column":41}},"5":{"start":{"line":14,"column":27},"end":{"line":14,"column":59}},"6":{"start":{"line":16,"column":18},"end":{"line":16,"column":41}},"7":{"start":{"line":18,"column":18},"end":{"line":18,"column":41}},"8":{"start":{"line":20,"column":20},"end":{"line":20,"column":45}},"9":{"start":{"line":22,"column":16},"end":{"line":22,"column":37}},"10":{"start":{"line":24,"column":39},"end":{"line":24,"column":95}},"11":{"start":{"line":26,"column":16},"end":{"line":26,"column":42}},"12":{"start":{"line":27,"column":0},"end":{"line":27,"column":30}},"13":{"start":{"line":28,"column":0},"end":{"line":30,"column":4}},"14":{"start":{"line":31,"column":0},"end":{"line":31,"column":42}},"15":{"start":{"line":33,"column":0},"end":{"line":33,"column":50}},"16":{"start":{"line":35,"column":0},"end":{"line":35,"column":63}},"17":{"start":{"line":37,"column":0},"end":{"line":37,"column":51}},"18":{"start":{"line":39,"column":0},"end":{"line":39,"column":51}},"19":{"start":{"line":41,"column":0},"end":{"line":41,"column":54}},"20":{"start":{"line":42,"column":0},"end":{"line":42,"column":38}}},"fnMap":{"0":{"name":"_interopRequireDefault","decl":{"start":{"line":24,"column":9},"end":{"line":24,"column":31}},"loc":{"start":{"line":24,"column":37},"end":{"line":24,"column":97}},"line":24}},"branchMap":{"0":{"loc":{"start":{"line":24,"column":46},"end":{"line":24,"column":94}},"type":"cond-expr","locations":[{"start":{"line":24,"column":70},"end":{"line":24,"column":73}},{"start":{"line":24,"column":76},"end":{"line":24,"column":94}}],"line":24},"1":{"loc":{"start":{"line":24,"column":46},"end":{"line":24,"column":67}},"type":"binary-expr","locations":[{"start":{"line":24,"column":46},"end":{"line":24,"column":49}},{"start":{"line":24,"column":53},"end":{"line":24,"column":67}}],"line":24}},"s":{"0":0,"1":0,"2":0,"3":0,"4":0,"5":0,"6":0,"7":0,"8":0,"9":0,"10":0,"11":0,"12":0,"13":0,"14":0,"15":0,"16":0,"17":0,"18":0,"19":0,"20":0},"f":{"0":0},"b":{"0":[0,0],"1":[0,0]}},"C:\\Users\\USER\\Desktop\\ANDELA\\Banka\\Banka\\server\\routes\\noRoutes.js":{"path":"C:\\Users\\USER\\Desktop\\ANDELA\\Banka\\Banka\\server\\routes\\noRoutes.js","statementMap":{"0":{"start":{"line":3,"column":0},"end":{"line":5,"column":3}},"1":{"start":{"line":6,"column":0},"end":{"line":6,"column":25}},"2":{"start":{"line":8,"column":15},"end":{"line":8,"column":57}},"3":{"start":{"line":10,"column":39},"end":{"line":10,"column":95}},"4":{"start":{"line":12,"column":14},"end":{"line":12,"column":42}},"5":{"start":{"line":14,"column":0},"end":{"line":14,"column":26}},"6":{"start":{"line":15,"column":0},"end":{"line":20,"column":3}},"7":{"start":{"line":16,"column":2},"end":{"line":19,"column":5}},"8":{"start":{"line":21,"column":0},"end":{"line":26,"column":3}},"9":{"start":{"line":22,"column":2},"end":{"line":25,"column":5}},"10":{"start":{"line":27,"column":0},"end":{"line":32,"column":3}},"11":{"start":{"line":28,"column":2},"end":{"line":31,"column":5}},"12":{"start":{"line":33,"column":0},"end":{"line":38,"column":3}},"13":{"start":{"line":34,"column":2},"end":{"line":37,"column":5}}},"fnMap":{"0":{"name":"_interopRequireDefault","decl":{"start":{"line":10,"column":9},"end":{"line":10,"column":31}},"loc":{"start":{"line":10,"column":37},"end":{"line":10,"column":97}},"line":10},"1":{"name":"(anonymous_1)","decl":{"start":{"line":15,"column":18},"end":{"line":15,"column":19}},"loc":{"start":{"line":15,"column":38},"end":{"line":20,"column":1}},"line":15},"2":{"name":"(anonymous_2)","decl":{"start":{"line":21,"column":19},"end":{"line":21,"column":20}},"loc":{"start":{"line":21,"column":39},"end":{"line":26,"column":1}},"line":21},"3":{"name":"(anonymous_3)","decl":{"start":{"line":27,"column":23},"end":{"line":27,"column":24}},"loc":{"start":{"line":27,"column":43},"end":{"line":32,"column":1}},"line":27},"4":{"name":"(anonymous_4)","decl":{"start":{"line":33,"column":17},"end":{"line":33,"column":18}},"loc":{"start":{"line":33,"column":37},"end":{"line":38,"column":1}},"line":33}},"branchMap":{"0":{"loc":{"start":{"line":10,"column":46},"end":{"line":10,"column":94}},"type":"cond-expr","locations":[{"start":{"line":10,"column":70},"end":{"line":10,"column":73}},{"start":{"line":10,"column":76},"end":{"line":10,"column":94}}],"line":10},"1":{"loc":{"start":{"line":10,"column":46},"end":{"line":10,"column":67}},"type":"binary-expr","locations":[{"start":{"line":10,"column":46},"end":{"line":10,"column":49}},{"start":{"line":10,"column":53},"end":{"line":10,"column":67}}],"line":10}},"s":{"0":0,"1":0,"2":0,"3":0,"4":0,"5":0,"6":0,"7":0,"8":0,"9":0,"10":0,"11":0,"12":0,"13":0},"f":{"0":0,"1":0,"2":0,"3":0,"4":0},"b":{"0":[0,0],"1":[0,0]}},"C:\\Users\\USER\\Desktop\\ANDELA\\Banka\\Banka\\server\\routes\\staffRoute.js":{"path":"C:\\Users\\USER\\Desktop\\ANDELA\\Banka\\Banka\\server\\routes\\staffRoute.js","statementMap":{"0":{"start":{"line":3,"column":0},"end":{"line":5,"column":3}},"1":{"start":{"line":6,"column":0},"end":{"line":6,"column":29}},"2":{"start":{"line":8,"column":15},"end":{"line":8,"column":57}},"3":{"start":{"line":10,"column":19},"end":{"line":10,"column":55}},"4":{"start":{"line":12,"column":18},"end":{"line":12,"column":53}},"5":{"start":{"line":14,"column":19},"end":{"line":14,"column":82}},"6":{"start":{"line":16,"column":40},"end":{"line":16,"column":473}},"7":{"start":{"line":16,"column":69},"end":{"line":16,"column":80}},"8":{"start":{"line":16,"column":103},"end":{"line":16,"column":105}},"9":{"start":{"line":16,"column":107},"end":{"line":16,"column":431}},"10":{"start":{"line":16,"column":126},"end":{"line":16,"column":429}},"11":{"start":{"line":16,"column":149},"end":{"line":16,"column":427}},"12":{"start":{"line":16,"column":214},"end":{"line":16,"column":319}},"13":{"start":{"line":16,"column":321},"end":{"line":16,"column":425}},"14":{"start":{"line":16,"column":349},"end":{"line":16,"column":390}},"15":{"start":{"line":16,"column":400},"end":{"line":16,"column":423}},"16":{"start":{"line":16,"column":432},"end":{"line":16,"column":456}},"17":{"start":{"line":16,"column":457},"end":{"line":16,"column":471}},"18":{"start":{"line":18,"column":39},"end":{"line":18,"column":95}},"19":{"start":{"line":20,"column":13},"end":{"line":20,"column":41}},"20":{"start":{"line":23,"column":0},"end":{"line":23,"column":76}},"21":{"start":{"line":25,"column":0},"end":{"line":25,"column":109}},"22":{"start":{"line":27,"column":0},"end":{"line":27,"column":130}},"23":{"start":{"line":29,"column":0},"end":{"line":29,"column":154}},"24":{"start":{"line":31,"column":0},"end":{"line":31,"column":173}},"25":{"start":{"line":33,"column":0},"end":{"line":33,"column":87}},"26":{"start":{"line":35,"column":0},"end":{"line":35,"column":133}},"27":{"start":{"line":36,"column":0},"end":{"line":36,"column":131}},"28":{"start":{"line":37,"column":18},"end":{"line":37,"column":24}},"29":{"start":{"line":38,"column":0},"end":{"line":38,"column":34}}},"fnMap":{"0":{"name":"_interopRequireWildcard","decl":{"start":{"line":16,"column":9},"end":{"line":16,"column":32}},"loc":{"start":{"line":16,"column":38},"end":{"line":16,"column":475}},"line":16},"1":{"name":"_interopRequireDefault","decl":{"start":{"line":18,"column":9},"end":{"line":18,"column":31}},"loc":{"start":{"line":18,"column":37},"end":{"line":18,"column":97}},"line":18}},"branchMap":{"0":{"loc":{"start":{"line":16,"column":40},"end":{"line":16,"column":473}},"type":"if","locations":[{"start":{"line":16,"column":40},"end":{"line":16,"column":473}},{"start":{"line":16,"column":40},"end":{"line":16,"column":473}}],"line":16},"1":{"loc":{"start":{"line":16,"column":44},"end":{"line":16,"column":65}},"type":"binary-expr","locations":[{"start":{"line":16,"column":44},"end":{"line":16,"column":47}},{"start":{"line":16,"column":51},"end":{"line":16,"column":65}}],"line":16},"2":{"loc":{"start":{"line":16,"column":107},"end":{"line":16,"column":431}},"type":"if","locations":[{"start":{"line":16,"column":107},"end":{"line":16,"column":431}},{"start":{"line":16,"column":107},"end":{"line":16,"column":431}}],"line":16},"3":{"loc":{"start":{"line":16,"column":149},"end":{"line":16,"column":427}},"type":"if","locations":[{"start":{"line":16,"column":149},"end":{"line":16,"column":427}},{"start":{"line":16,"column":149},"end":{"line":16,"column":427}}],"line":16},"4":{"loc":{"start":{"line":16,"column":214},"end":{"line":16,"column":319}},"type":"cond-expr","locations":[{"start":{"line":16,"column":273},"end":{"line":16,"column":314}},{"start":{"line":16,"column":317},"end":{"line":16,"column":319}}],"line":16},"5":{"loc":{"start":{"line":16,"column":214},"end":{"line":16,"column":270}},"type":"binary-expr","locations":[{"start":{"line":16,"column":214},"end":{"line":16,"column":235}},{"start":{"line":16,"column":239},"end":{"line":16,"column":270}}],"line":16},"6":{"loc":{"start":{"line":16,"column":321},"end":{"line":16,"column":425}},"type":"if","locations":[{"start":{"line":16,"column":321},"end":{"line":16,"column":425}},{"start":{"line":16,"column":321},"end":{"line":16,"column":425}}],"line":16},"7":{"loc":{"start":{"line":16,"column":325},"end":{"line":16,"column":345}},"type":"binary-expr","locations":[{"start":{"line":16,"column":325},"end":{"line":16,"column":333}},{"start":{"line":16,"column":337},"end":{"line":16,"column":345}}],"line":16},"8":{"loc":{"start":{"line":18,"column":46},"end":{"line":18,"column":94}},"type":"cond-expr","locations":[{"start":{"line":18,"column":70},"end":{"line":18,"column":73}},{"start":{"line":18,"column":76},"end":{"line":18,"column":94}}],"line":18},"9":{"loc":{"start":{"line":18,"column":46},"end":{"line":18,"column":67}},"type":"binary-expr","locations":[{"start":{"line":18,"column":46},"end":{"line":18,"column":49}},{"start":{"line":18,"column":53},"end":{"line":18,"column":67}}],"line":18}},"s":{"0":0,"1":0,"2":0,"3":0,"4":0,"5":0,"6":0,"7":0,"8":0,"9":0,"10":0,"11":0,"12":0,"13":0,"14":0,"15":0,"16":0,"17":0,"18":0,"19":0,"20":0,"21":0,"22":0,"23":0,"24":0,"25":0,"26":0,"27":0,"28":0,"29":0},"f":{"0":0,"1":0},"b":{"0":[0,0],"1":[0,0],"2":[0,0],"3":[0,0],"4":[0,0],"5":[0,0],"6":[0,0],"7":[0,0],"8":[0,0],"9":[0,0]}},"C:\\Users\\USER\\Desktop\\ANDELA\\Banka\\Banka\\server\\routes\\userRoutes.js":{"path":"C:\\Users\\USER\\Desktop\\ANDELA\\Banka\\Banka\\server\\routes\\userRoutes.js","statementMap":{"0":{"start":{"line":3,"column":0},"end":{"line":5,"column":3}},"1":{"start":{"line":6,"column":0},"end":{"line":6,"column":28}},"2":{"start":{"line":8,"column":15},"end":{"line":8,"column":57}},"3":{"start":{"line":10,"column":23},"end":{"line":10,"column":63}},"4":{"start":{"line":12,"column":18},"end":{"line":12,"column":53}},"5":{"start":{"line":14,"column":14},"end":{"line":14,"column":42}},"6":{"start":{"line":16,"column":18},"end":{"line":16,"column":80}},"7":{"start":{"line":18,"column":40},"end":{"line":18,"column":473}},"8":{"start":{"line":18,"column":69},"end":{"line":18,"column":80}},"9":{"start":{"line":18,"column":103},"end":{"line":18,"column":105}},"10":{"start":{"line":18,"column":107},"end":{"line":18,"column":431}},"11":{"start":{"line":18,"column":126},"end":{"line":18,"column":429}},"12":{"start":{"line":18,"column":149},"end":{"line":18,"column":427}},"13":{"start":{"line":18,"column":214},"end":{"line":18,"column":319}},"14":{"start":{"line":18,"column":321},"end":{"line":18,"column":425}},"15":{"start":{"line":18,"column":349},"end":{"line":18,"column":390}},"16":{"start":{"line":18,"column":400},"end":{"line":18,"column":423}},"17":{"start":{"line":18,"column":432},"end":{"line":18,"column":456}},"18":{"start":{"line":18,"column":457},"end":{"line":18,"column":471}},"19":{"start":{"line":20,"column":39},"end":{"line":20,"column":95}},"20":{"start":{"line":25,"column":13},"end":{"line":25,"column":41}},"21":{"start":{"line":28,"column":0},"end":{"line":28,"column":82}},"22":{"start":{"line":29,"column":0},"end":{"line":29,"column":83}},"23":{"start":{"line":30,"column":0},"end":{"line":30,"column":117}},"24":{"start":{"line":31,"column":0},"end":{"line":31,"column":156}},"25":{"start":{"line":32,"column":0},"end":{"line":32,"column":121}},"26":{"start":{"line":33,"column":0},"end":{"line":33,"column":103}},"27":{"start":{"line":34,"column":0},"end":{"line":34,"column":80}},"28":{"start":{"line":35,"column":17},"end":{"line":35,"column":23}},"29":{"start":{"line":36,"column":0},"end":{"line":36,"column":32}}},"fnMap":{"0":{"name":"_interopRequireWildcard","decl":{"start":{"line":18,"column":9},"end":{"line":18,"column":32}},"loc":{"start":{"line":18,"column":38},"end":{"line":18,"column":475}},"line":18},"1":{"name":"_interopRequireDefault","decl":{"start":{"line":20,"column":9},"end":{"line":20,"column":31}},"loc":{"start":{"line":20,"column":37},"end":{"line":20,"column":97}},"line":20}},"branchMap":{"0":{"loc":{"start":{"line":18,"column":40},"end":{"line":18,"column":473}},"type":"if","locations":[{"start":{"line":18,"column":40},"end":{"line":18,"column":473}},{"start":{"line":18,"column":40},"end":{"line":18,"column":473}}],"line":18},"1":{"loc":{"start":{"line":18,"column":44},"end":{"line":18,"column":65}},"type":"binary-expr","locations":[{"start":{"line":18,"column":44},"end":{"line":18,"column":47}},{"start":{"line":18,"column":51},"end":{"line":18,"column":65}}],"line":18},"2":{"loc":{"start":{"line":18,"column":107},"end":{"line":18,"column":431}},"type":"if","locations":[{"start":{"line":18,"column":107},"end":{"line":18,"column":431}},{"start":{"line":18,"column":107},"end":{"line":18,"column":431}}],"line":18},"3":{"loc":{"start":{"line":18,"column":149},"end":{"line":18,"column":427}},"type":"if","locations":[{"start":{"line":18,"column":149},"end":{"line":18,"column":427}},{"start":{"line":18,"column":149},"end":{"line":18,"column":427}}],"line":18},"4":{"loc":{"start":{"line":18,"column":214},"end":{"line":18,"column":319}},"type":"cond-expr","locations":[{"start":{"line":18,"column":273},"end":{"line":18,"column":314}},{"start":{"line":18,"column":317},"end":{"line":18,"column":319}}],"line":18},"5":{"loc":{"start":{"line":18,"column":214},"end":{"line":18,"column":270}},"type":"binary-expr","locations":[{"start":{"line":18,"column":214},"end":{"line":18,"column":235}},{"start":{"line":18,"column":239},"end":{"line":18,"column":270}}],"line":18},"6":{"loc":{"start":{"line":18,"column":321},"end":{"line":18,"column":425}},"type":"if","locations":[{"start":{"line":18,"column":321},"end":{"line":18,"column":425}},{"start":{"line":18,"column":321},"end":{"line":18,"column":425}}],"line":18},"7":{"loc":{"start":{"line":18,"column":325},"end":{"line":18,"column":345}},"type":"binary-expr","locations":[{"start":{"line":18,"column":325},"end":{"line":18,"column":333}},{"start":{"line":18,"column":337},"end":{"line":18,"column":345}}],"line":18},"8":{"loc":{"start":{"line":20,"column":46},"end":{"line":20,"column":94}},"type":"cond-expr","locations":[{"start":{"line":20,"column":70},"end":{"line":20,"column":73}},{"start":{"line":20,"column":76},"end":{"line":20,"column":94}}],"line":20},"9":{"loc":{"start":{"line":20,"column":46},"end":{"line":20,"column":67}},"type":"binary-expr","locations":[{"start":{"line":20,"column":46},"end":{"line":20,"column":49}},{"start":{"line":20,"column":53},"end":{"line":20,"column":67}}],"line":20}},"s":{"0":0,"1":0,"2":0,"3":0,"4":0,"5":0,"6":0,"7":0,"8":0,"9":0,"10":0,"11":0,"12":0,"13":0,"14":0,"15":0,"16":0,"17":0,"18":0,"19":0,"20":0,"21":0,"22":0,"23":0,"24":0,"25":0,"26":0,"27":0,"28":0,"29":0},"f":{"0":0,"1":0},"b":{"0":[0,0],"1":[0,0],"2":[0,0],"3":[0,0],"4":[0,0],"5":[0,0],"6":[0,0],"7":[0,0],"8":[0,0],"9":[0,0]}}}