TN:
SF:C:/Users/USER/Desktop/ANDELA/Banka/Banka/server/index.js
FN:35,(anonymous_2)
FN:46,(anonymous_3)
FNF:2
FNH:0
FNDA:0,(anonymous_2)
FNDA:0,(anonymous_3)
DA:3,0
DA:4,0
DA:5,0
DA:6,0
DA:7,0
DA:8,0
DA:9,0
DA:11,0
DA:12,0
DA:14,0
DA:17,0
DA:21,0
DA:24,0
DA:26,0
DA:29,0
DA:32,0
DA:35,0
DA:36,0
DA:40,0
DA:46,0
DA:47,0
LF:21
LH:0
BRDA:14,0,0,0
BRDA:14,0,1,0
BRF:2
BRH:0
end_of_record
TN:
SF:C:/Users/USER/Desktop/ANDELA/Banka/Banka/server/config/config.js
FNF:0
FNH:0
DA:1,1
DA:3,1
DA:4,1
LF:3
LH:3
BRF:0
BRH:0
end_of_record
TN:
SF:C:/Users/USER/Desktop/ANDELA/Banka/Banka/server/controllers/adminQueries.js
FN:13,getStaffUsers
FN:16,(anonymous_3)
FN:29,(anonymous_4)
FN:37,getSingleStaffUser
FN:42,(anonymous_6)
FN:55,(anonymous_7)
FN:66,createStaffAdmin
FN:87,(anonymous_9)
FN:118,(anonymous_10)
FN:140,(anonymous_11)
FN:153,editUserProfile
FN:169,(anonymous_13)
FN:176,(anonymous_14)
FN:188,(anonymous_15)
FN:197,getAllTransactionsPerfomedByOneStaff
FN:200,(anonymous_17)
FN:213,(anonymous_18)
FN:222,deactivateAccount
FN:237,(anonymous_20)
FN:249,(anonymous_21)
FN:257,deleteAccount
FN:260,(anonymous_23)
FN:272,(anonymous_24)
FNF:23
FNH:0
FNDA:0,getStaffUsers
FNDA:0,(anonymous_3)
FNDA:0,(anonymous_4)
FNDA:0,getSingleStaffUser
FNDA:0,(anonymous_6)
FNDA:0,(anonymous_7)
FNDA:0,createStaffAdmin
FNDA:0,(anonymous_9)
FNDA:0,(anonymous_10)
FNDA:0,(anonymous_11)
FNDA:0,editUserProfile
FNDA:0,(anonymous_13)
FNDA:0,(anonymous_14)
FNDA:0,(anonymous_15)
FNDA:0,getAllTransactionsPerfomedByOneStaff
FNDA:0,(anonymous_17)
FNDA:0,(anonymous_18)
FNDA:0,deactivateAccount
FNDA:0,(anonymous_20)
FNDA:0,(anonymous_21)
FNDA:0,deleteAccount
FNDA:0,(anonymous_23)
FNDA:0,(anonymous_24)
DA:4,0
DA:5,0
DA:6,0
DA:7,0
DA:9,0
DA:13,0
DA:14,0
DA:17,0
DA:18,0
DA:19,0
DA:24,0
DA:29,0
DA:37,0
DA:38,0
DA:39,0
DA:43,0
DA:44,0
DA:45,0
DA:50,0
DA:55,0
DA:66,0
DA:67,0
DA:69,0
DA:70,0
DA:71,0
DA:72,0
DA:73,0
DA:75,0
DA:76,0
DA:80,0
DA:81,0
DA:86,0
DA:88,0
DA:89,0
DA:90,0
DA:96,0
DA:97,0
DA:98,0
DA:100,0
DA:102,0
DA:103,0
DA:112,0
DA:113,0
DA:114,0
DA:119,0
DA:120,0
DA:121,0
DA:126,0
DA:141,0
DA:153,0
DA:154,0
DA:155,0
DA:157,0
DA:162,0
DA:163,0
DA:164,0
DA:165,0
DA:166,0
DA:167,0
DA:168,0
DA:170,0
DA:171,0
DA:172,0
DA:177,0
DA:183,0
DA:188,0
DA:197,0
DA:198,0
DA:201,0
DA:202,0
DA:203,0
DA:208,0
DA:213,0
DA:222,0
DA:223,0
DA:224,0
DA:225,0
DA:226,0
DA:227,0
DA:228,0
DA:230,0
DA:235,0
DA:238,0
DA:239,0
DA:244,0
DA:249,0
DA:257,0
DA:258,0
DA:259,0
DA:261,0
DA:262,0
DA:267,0
DA:272,0
LF:93
LH:0
BRDA:18,0,0,0
BRDA:18,0,1,0
BRDA:44,1,0,0
BRDA:44,1,1,0
BRDA:75,2,0,0
BRDA:75,2,1,0
BRDA:80,3,0,0
BRDA:80,3,1,0
BRDA:89,4,0,0
BRDA:89,4,1,0
BRDA:97,5,0,0
BRDA:97,5,1,0
BRDA:120,6,0,0
BRDA:120,6,1,0
BRDA:155,7,0,0
BRDA:155,7,1,0
BRDA:155,8,0,0
BRDA:155,8,1,0
BRDA:155,8,2,0
BRDA:155,8,3,0
BRDA:155,8,4,0
BRDA:166,9,0,0
BRDA:166,9,1,0
BRDA:171,10,0,0
BRDA:171,10,1,0
BRDA:202,11,0,0
BRDA:202,11,1,0
BRDA:225,12,0,0
BRDA:225,12,1,0
BRDA:227,13,0,0
BRDA:227,13,1,0
BRDA:238,14,0,0
BRDA:238,14,1,0
BRDA:252,15,0,0
BRDA:252,15,1,0
BRDA:261,16,0,0
BRDA:261,16,1,0
BRDA:275,17,0,0
BRDA:275,17,1,0
BRF:39
BRH:0
end_of_record
TN:
SF:C:/Users/USER/Desktop/ANDELA/Banka/Banka/server/controllers/authentication.js
FN:24,signUp
FN:40,(anonymous_3)
FN:58,(anonymous_4)
FN:80,(anonymous_5)
FN:91,signIn
FN:108,(anonymous_7)
FN:116,(anonymous_8)
FN:149,(anonymous_9)
FNF:8
FNH:0
FNDA:0,signUp
FNDA:0,(anonymous_3)
FNDA:0,(anonymous_4)
FNDA:0,(anonymous_5)
FNDA:0,signIn
FNDA:0,(anonymous_7)
FNDA:0,(anonymous_8)
FNDA:0,(anonymous_9)
DA:1,0
DA:2,0
DA:3,0
DA:4,0
DA:5,0
DA:6,0
DA:7,0
DA:8,0
DA:10,0
DA:12,0
DA:13,0
DA:15,0
DA:17,0
DA:18,0
DA:20,0
DA:24,0
DA:25,0
DA:26,0
DA:27,0
DA:28,0
DA:29,0
DA:33,0
DA:34,0
DA:39,0
DA:41,0
DA:42,0
DA:43,0
DA:49,0
DA:50,0
DA:55,0
DA:56,0
DA:59,0
DA:60,0
DA:61,0
DA:62,0
DA:65,0
DA:68,0
DA:80,0
DA:91,0
DA:93,0
DA:94,0
DA:95,0
DA:96,0
DA:101,0
DA:102,0
DA:107,0
DA:109,0
DA:110,0
DA:111,0
DA:116,0
DA:117,0
DA:118,0
DA:123,0
DA:125,0
DA:129,0
DA:130,0
DA:149,0
LF:57
LH:0
BRDA:28,0,0,0
BRDA:28,0,1,0
BRDA:28,1,0,0
BRDA:28,1,1,0
BRDA:33,2,0,0
BRDA:33,2,1,0
BRDA:42,3,0,0
BRDA:42,3,1,0
BRDA:60,4,0,0
BRDA:60,4,1,0
BRDA:95,5,0,0
BRDA:95,5,1,0
BRDA:95,6,0,0
BRDA:95,6,1,0
BRDA:101,7,0,0
BRDA:101,7,1,0
BRDA:110,8,0,0
BRDA:110,8,1,0
BRDA:117,9,0,0
BRDA:117,9,1,0
BRF:20
BRH:0
end_of_record
TN:
SF:C:/Users/USER/Desktop/ANDELA/Banka/Banka/server/controllers/generalQueries.js
FN:13,passwordReset
FN:16,(anonymous_3)
FN:27,(anonymous_4)
FN:46,(anonymous_5)
FNF:4
FNH:0
FNDA:0,passwordReset
FNDA:0,(anonymous_3)
FNDA:0,(anonymous_4)
FNDA:0,(anonymous_5)
DA:4,0
DA:5,0
DA:6,0
DA:8,0
DA:10,0
DA:13,0
DA:14,0
DA:15,0
DA:17,0
DA:18,0
DA:19,0
DA:23,0
DA:24,0
DA:25,0
DA:26,0
DA:28,0
DA:29,0
DA:34,0
DA:38,0
DA:46,0
LF:20
LH:0
BRDA:18,0,0,0
BRDA:18,0,1,0
BRDA:23,1,0,0
BRDA:23,1,1,0
BRDA:28,2,0,0
BRDA:28,2,1,0
BRDA:49,3,0,0
BRDA:49,3,1,0
BRF:8
BRH:0
end_of_record
TN:
SF:C:/Users/USER/Desktop/ANDELA/Banka/Banka/server/controllers/staffQueries.js
FN:12,getAllUsers
FN:15,(anonymous_3)
FN:28,(anonymous_4)
FN:37,getOneClientTypeUser
FN:43,(anonymous_6)
FN:56,(anonymous_7)
FN:65,getSpecificClientBkAcc
FN:70,(anonymous_9)
FN:83,(anonymous_10)
FN:92,getAllTransactionsofSpecificBkAcc
FN:101,(anonymous_12)
FN:114,(anonymous_13)
FN:124,getAllBankAccs
FN:131,(anonymous_15)
FN:144,(anonymous_16)
FN:155,(anonymous_17)
FN:168,(anonymous_18)
FN:183,getSpecificAccTransactionDetail
FN:194,(anonymous_20)
FN:207,(anonymous_21)
FN:217,staffCanDebitAcc
FN:232,(anonymous_23)
FN:246,(anonymous_24)
FN:251,(anonymous_25)
FN:255,(anonymous_26)
FN:280,(anonymous_27)
FN:290,staffCanCreditAcc
FN:305,(anonymous_29)
FN:319,(anonymous_30)
FN:323,(anonymous_31)
FN:327,(anonymous_32)
FN:346,(anonymous_33)
FNF:32
FNH:0
FNDA:0,getAllUsers
FNDA:0,(anonymous_3)
FNDA:0,(anonymous_4)
FNDA:0,getOneClientTypeUser
FNDA:0,(anonymous_6)
FNDA:0,(anonymous_7)
FNDA:0,getSpecificClientBkAcc
FNDA:0,(anonymous_9)
FNDA:0,(anonymous_10)
FNDA:0,getAllTransactionsofSpecificBkAcc
FNDA:0,(anonymous_12)
FNDA:0,(anonymous_13)
FNDA:0,getAllBankAccs
FNDA:0,(anonymous_15)
FNDA:0,(anonymous_16)
FNDA:0,(anonymous_17)
FNDA:0,(anonymous_18)
FNDA:0,getSpecificAccTransactionDetail
FNDA:0,(anonymous_20)
FNDA:0,(anonymous_21)
FNDA:0,staffCanDebitAcc
FNDA:0,(anonymous_23)
FNDA:0,(anonymous_24)
FNDA:0,(anonymous_25)
FNDA:0,(anonymous_26)
FNDA:0,(anonymous_27)
FNDA:0,staffCanCreditAcc
FNDA:0,(anonymous_29)
FNDA:0,(anonymous_30)
FNDA:0,(anonymous_31)
FNDA:0,(anonymous_32)
FNDA:0,(anonymous_33)
DA:4,0
DA:5,0
DA:6,0
DA:7,0
DA:9,0
DA:12,0
DA:13,0
DA:16,0
DA:17,0
DA:18,0
DA:23,0
DA:28,0
DA:37,0
DA:38,0
DA:39,0
DA:44,0
DA:45,0
DA:46,0
DA:51,0
DA:56,0
DA:65,0
DA:66,0
DA:67,0
DA:71,0
DA:72,0
DA:73,0
DA:78,0
DA:83,0
DA:92,0
DA:93,0
DA:94,0
DA:102,0
DA:103,0
DA:104,0
DA:109,0
DA:114,0
DA:124,0
DA:125,0
DA:126,0
DA:127,0
DA:132,0
DA:133,0
DA:134,0
DA:139,0
DA:144,0
DA:150,0
DA:151,0
DA:156,0
DA:157,0
DA:158,0
DA:163,0
DA:168,0
DA:175,0
DA:183,0
DA:184,0
DA:185,0
DA:186,0
DA:195,0
DA:196,0
DA:197,0
DA:202,0
DA:207,0
DA:217,0
DA:218,0
DA:219,0
DA:220,0
DA:221,0
DA:222,0
DA:223,0
DA:224,0
DA:225,0
DA:226,0
DA:231,0
DA:233,0
DA:234,0
DA:235,0
DA:239,0
DA:240,0
DA:241,0
DA:247,0
DA:248,0
DA:252,0
DA:253,0
DA:254,0
DA:256,0
DA:257,0
DA:258,0
DA:264,0
DA:275,0
DA:280,0
DA:290,0
DA:291,0
DA:292,0
DA:293,0
DA:294,0
DA:295,0
DA:296,0
DA:297,0
DA:298,0
DA:299,0
DA:304,0
DA:306,0
DA:307,0
DA:308,0
DA:312,0
DA:313,0
DA:314,0
DA:320,0
DA:321,0
DA:324,0
DA:325,0
DA:326,0
DA:328,0
DA:329,0
DA:330,0
DA:335,0
DA:346,0
LF:117
LH:0
BRDA:17,0,0,0
BRDA:17,0,1,0
BRDA:45,1,0,0
BRDA:45,1,1,0
BRDA:72,2,0,0
BRDA:72,2,1,0
BRDA:103,3,0,0
BRDA:103,3,1,0
BRDA:125,4,0,0
BRDA:125,4,1,0
BRDA:126,5,0,0
BRDA:126,5,1,0
BRDA:133,6,0,0
BRDA:133,6,1,0
BRDA:150,7,0,0
BRDA:150,7,1,0
BRDA:150,8,0,0
BRDA:150,8,1,0
BRDA:157,9,0,0
BRDA:157,9,1,0
BRDA:196,10,0,0
BRDA:196,10,1,0
BRDA:221,11,0,0
BRDA:221,11,1,0
BRDA:222,12,0,0
BRDA:222,12,1,0
BRDA:223,13,0,0
BRDA:223,13,1,0
BRDA:224,14,0,0
BRDA:224,14,1,0
BRDA:225,15,0,0
BRDA:225,15,1,0
BRDA:225,16,0,0
BRDA:225,16,1,0
BRDA:234,17,0,0
BRDA:234,17,1,0
BRDA:239,18,0,0
BRDA:239,18,1,0
BRDA:247,19,0,0
BRDA:247,19,1,0
BRDA:253,20,0,0
BRDA:253,20,1,0
BRDA:257,21,0,0
BRDA:257,21,1,0
BRDA:294,22,0,0
BRDA:294,22,1,0
BRDA:295,23,0,0
BRDA:295,23,1,0
BRDA:296,24,0,0
BRDA:296,24,1,0
BRDA:297,25,0,0
BRDA:297,25,1,0
BRDA:298,26,0,0
BRDA:298,26,1,0
BRDA:298,27,0,0
BRDA:298,27,1,0
BRDA:307,28,0,0
BRDA:307,28,1,0
BRDA:312,29,0,0
BRDA:312,29,1,0
BRDA:312,30,0,0
BRDA:312,30,1,0
BRDA:320,31,0,0
BRDA:320,31,1,0
BRDA:325,32,0,0
BRDA:325,32,1,0
BRDA:329,33,0,0
BRDA:329,33,1,0
BRF:68
BRH:0
end_of_record
TN:
SF:C:/Users/USER/Desktop/ANDELA/Banka/Banka/server/controllers/userQueries.js
FN:13,createBankAcc
FN:18,(anonymous_3)
FN:47,(anonymous_4)
FN:60,(anonymous_5)
FN:64,(anonymous_6)
FN:96,(anonymous_7)
FN:105,getUserAccounts
FN:107,(anonymous_9)
FN:120,(anonymous_10)
FN:129,getUserProfile
FN:131,(anonymous_12)
FN:148,(anonymous_13)
FN:157,userEditProfile
FN:172,(anonymous_15)
FN:181,(anonymous_16)
FN:189,(anonymous_17)
FN:199,userChangePassword
FN:207,(anonymous_19)
FN:212,(anonymous_20)
FN:233,getTransactionByAccNo
FN:239,(anonymous_22)
FN:252,(anonymous_23)
FN:261,getSpecificTransactionAccById
FN:270,(anonymous_25)
FN:284,(anonymous_26)
FNF:25
FNH:0
FNDA:0,createBankAcc
FNDA:0,(anonymous_3)
FNDA:0,(anonymous_4)
FNDA:0,(anonymous_5)
FNDA:0,(anonymous_6)
FNDA:0,(anonymous_7)
FNDA:0,getUserAccounts
FNDA:0,(anonymous_9)
FNDA:0,(anonymous_10)
FNDA:0,getUserProfile
FNDA:0,(anonymous_12)
FNDA:0,(anonymous_13)
FNDA:0,userEditProfile
FNDA:0,(anonymous_15)
FNDA:0,(anonymous_16)
FNDA:0,(anonymous_17)
FNDA:0,userChangePassword
FNDA:0,(anonymous_19)
FNDA:0,(anonymous_20)
FNDA:0,getTransactionByAccNo
FNDA:0,(anonymous_22)
FNDA:0,(anonymous_23)
FNDA:0,getSpecificTransactionAccById
FNDA:0,(anonymous_25)
FNDA:0,(anonymous_26)
DA:4,0
DA:5,0
DA:6,0
DA:7,0
DA:9,0
DA:13,0
DA:14,0
DA:15,0
DA:16,0
DA:17,0
DA:19,0
DA:20,0
DA:22,0
DA:27,0
DA:29,0
DA:34,0
DA:35,0
DA:45,0
DA:48,0
DA:49,0
DA:50,0
DA:55,0
DA:61,0
DA:62,0
DA:63,0
DA:65,0
DA:66,0
DA:67,0
DA:77,0
DA:96,0
DA:105,0
DA:106,0
DA:108,0
DA:109,0
DA:110,0
DA:115,0
DA:120,0
DA:129,0
DA:130,0
DA:132,0
DA:133,0
DA:148,0
DA:157,0
DA:158,0
DA:159,0
DA:160,0
DA:161,0
DA:162,0
DA:163,0
DA:164,0
DA:165,0
DA:166,0
DA:171,0
DA:173,0
DA:174,0
DA:175,0
DA:177,0
DA:182,0
DA:183,0
DA:189,0
DA:199,0
DA:200,0
DA:201,0
DA:202,0
DA:203,0
DA:204,0
DA:205,0
DA:208,0
DA:212,0
DA:219,0
DA:225,0
DA:233,0
DA:234,0
DA:235,0
DA:236,0
DA:240,0
DA:241,0
DA:242,0
DA:247,0
DA:253,0
DA:261,0
DA:262,0
DA:263,0
DA:264,0
DA:266,0
DA:271,0
DA:272,0
DA:273,0
DA:278,0
DA:284,0
LF:90
LH:0
BRDA:20,0,0,0
BRDA:20,0,1,0
BRDA:20,1,0,0
BRDA:20,1,1,0
BRDA:20,1,2,0
BRDA:20,1,3,0
BRDA:27,2,0,0
BRDA:27,2,1,0
BRDA:27,3,0,0
BRDA:27,3,1,0
BRDA:27,3,2,0
BRDA:27,3,3,0
BRDA:49,4,0,0
BRDA:49,4,1,0
BRDA:62,5,0,0
BRDA:62,5,1,0
BRDA:66,6,0,0
BRDA:66,6,1,0
BRDA:99,7,0,0
BRDA:99,7,1,0
BRDA:109,8,0,0
BRDA:109,8,1,0
BRDA:123,9,0,0
BRDA:123,9,1,0
BRDA:151,10,0,0
BRDA:151,10,1,0
BRDA:163,11,0,0
BRDA:163,11,1,0
BRDA:165,12,0,0
BRDA:165,12,1,0
BRDA:165,13,0,0
BRDA:165,13,1,0
BRDA:165,13,2,0
BRDA:165,13,3,0
BRDA:174,14,0,0
BRDA:174,14,1,0
BRDA:182,15,0,0
BRDA:182,15,1,0
BRDA:192,16,0,0
BRDA:192,16,1,0
BRDA:202,17,0,0
BRDA:202,17,1,0
BRDA:202,18,0,0
BRDA:202,18,1,0
BRDA:203,19,0,0
BRDA:203,19,1,0
BRDA:241,20,0,0
BRDA:241,20,1,0
BRDA:255,21,0,0
BRDA:255,21,1,0
BRDA:272,22,0,0
BRDA:272,22,1,0
BRF:52
BRH:0
end_of_record
TN:
SF:C:/Users/USER/Desktop/ANDELA/Banka/Banka/server/datastore/account.js
FNF:0
FNH:0
DA:3,0
DA:32,0
LF:2
LH:0
BRF:0
BRH:0
end_of_record
TN:
SF:C:/Users/USER/Desktop/ANDELA/Banka/Banka/server/datastore/transaction.js
FNF:0
FNH:0
DA:3,0
DA:61,0
LF:2
LH:0
BRF:0
BRH:0
end_of_record
TN:
SF:C:/Users/USER/Desktop/ANDELA/Banka/Banka/server/datastore/user.js
FNF:0
FNH:0
DA:3,0
DA:44,0
LF:2
LH:0
BRF:0
BRH:0
end_of_record
TN:
SF:C:/Users/USER/Desktop/ANDELA/Banka/Banka/server/db/index.js
FNF:0
FNH:0
DA:1,1
DA:2,1
DA:4,1
DA:6,1
DA:8,1
LF:5
LH:5
BRF:0
BRH:0
end_of_record
TN:
SF:C:/Users/USER/Desktop/ANDELA/Banka/Banka/server/helpers/helper.js
FN:15,ranDom
FN:20,uniqueAccNumber
FN:27,authHelper
FN:36,sanitizeInputs
FN:41,genToken
FNF:5
FNH:3
FNDA:1,ranDom
FNDA:1,uniqueAccNumber
FNDA:0,authHelper
FNDA:0,sanitizeInputs
FNDA:3,genToken
DA:4,1
DA:5,1
DA:6,1
DA:7,1
DA:8,1
DA:9,1
DA:10,1
DA:13,1
DA:15,1
DA:16,1
DA:17,1
DA:20,1
DA:21,1
DA:23,1
DA:27,1
DA:28,0
DA:29,0
DA:30,0
DA:32,0
DA:36,1
DA:37,0
DA:41,1
DA:42,3
LF:23
LH:18
BRDA:30,0,0,0
BRDA:30,0,1,0
BRDA:30,1,0,0
BRDA:30,1,1,0
BRF:4
BRH:0
end_of_record
TN:
SF:C:/Users/USER/Desktop/ANDELA/Banka/Banka/server/helpers/mailer.js
FN:17,sendNotificationMail
FN:27,(anonymous_2)
FN:29,(anonymous_3)
FNF:3
FNH:0
FNDA:0,sendNotificationMail
FNDA:0,(anonymous_2)
FNDA:0,(anonymous_3)
DA:1,0
DA:2,0
DA:4,0
DA:6,0
DA:17,0
DA:18,0
DA:26,0
DA:28,0
DA:30,0
DA:31,0
LF:10
LH:0
BRF:0
BRH:0
end_of_record
TN:
SF:C:/Users/USER/Desktop/ANDELA/Banka/Banka/server/helpers/upload.js
FN:7,destination
FN:10,filename
FNF:2
FNH:0
FNDA:0,destination
FNDA:0,filename
DA:4,0
DA:6,0
DA:8,0
DA:11,0
DA:12,0
DA:13,0
DA:15,0
DA:16,0
DA:18,0
DA:19,0
DA:21,0
DA:26,0
LF:12
LH:0
BRDA:12,0,0,0
BRDA:12,0,1,0
BRDA:15,1,0,0
BRDA:15,1,1,0
BRDA:18,2,0,0
BRDA:18,2,1,0
BRF:6
BRH:0
end_of_record
TN:
SF:C:/Users/USER/Desktop/ANDELA/Banka/Banka/server/middleware/paramCheck.js
FN:4,paramChecks
FNF:1
FNH:0
FNDA:0,paramChecks
DA:4,0
DA:6,0
DA:7,0
DA:9,0
DA:14,0
DA:17,0
LF:6
LH:0
BRDA:6,0,0,0
BRDA:6,0,1,0
BRDA:7,1,0,0
BRDA:7,1,1,0
BRF:4
BRH:0
end_of_record
TN:
SF:C:/Users/USER/Desktop/ANDELA/Banka/Banka/server/middleware/verifyAdmin.js
FN:16,jwtAdminVerify
FN:23,(anonymous_3)
FN:35,(anonymous_4)
FN:52,(anonymous_5)
FNF:4
FNH:0
FNDA:0,jwtAdminVerify
FNDA:0,(anonymous_3)
FNDA:0,(anonymous_4)
FNDA:0,(anonymous_5)
DA:1,0
DA:2,0
DA:4,0
DA:6,0
DA:8,0
DA:10,0
DA:12,0
DA:16,0
DA:18,0
DA:21,0
DA:23,0
DA:24,0
DA:25,0
DA:31,0
DA:33,0
DA:36,0
DA:37,0
DA:38,0
DA:42,0
DA:44,0
DA:48,0
DA:50,0
DA:53,0
DA:61,0
LF:24
LH:0
BRDA:18,0,0,0
BRDA:18,0,1,0
BRDA:18,0,2,0
BRDA:21,1,0,0
BRDA:21,1,1,0
BRDA:24,2,0,0
BRDA:24,2,1,0
BRDA:37,3,0,0
BRDA:37,3,1,0
BRDA:42,4,0,0
BRDA:42,4,1,0
BRDA:42,5,0,0
BRDA:42,5,1,0
BRDA:48,6,0,0
BRDA:48,6,1,0
BRDA:48,7,0,0
BRDA:48,7,1,0
BRF:17
BRH:0
end_of_record
TN:
SF:C:/Users/USER/Desktop/ANDELA/Banka/Banka/server/middleware/verifyStaff.js
FN:14,jwtStaffVerify
FN:22,(anonymous_3)
FN:33,(anonymous_4)
FNF:3
FNH:0
FNDA:0,jwtStaffVerify
FNDA:0,(anonymous_3)
FNDA:0,(anonymous_4)
DA:1,0
DA:2,0
DA:4,0
DA:6,0
DA:8,0
DA:10,0
DA:12,0
DA:14,0
DA:16,0
DA:19,0
DA:21,0
DA:23,0
DA:24,0
DA:30,0
DA:32,0
DA:34,0
DA:35,0
DA:39,0
DA:40,0
DA:44,0
DA:45,0
DA:50,0
DA:56,0
LF:23
LH:0
BRDA:16,0,0,0
BRDA:16,0,1,0
BRDA:16,0,2,0
BRDA:19,1,0,0
BRDA:19,1,1,0
BRDA:23,2,0,0
BRDA:23,2,1,0
BRDA:34,3,0,0
BRDA:34,3,1,0
BRDA:39,4,0,0
BRDA:39,4,1,0
BRDA:44,5,0,0
BRDA:44,5,1,0
BRF:13
BRH:0
end_of_record
TN:
SF:C:/Users/USER/Desktop/ANDELA/Banka/Banka/server/middleware/verifyuserlogin.js
FN:16,jwtVerify
FN:23,(anonymous_3)
FN:33,(anonymous_4)
FNF:3
FNH:0
FNDA:0,jwtVerify
FNDA:0,(anonymous_3)
FNDA:0,(anonymous_4)
DA:1,0
DA:2,0
DA:4,0
DA:6,0
DA:8,0
DA:10,0
DA:12,0
DA:16,0
DA:18,0
DA:21,0
DA:23,0
DA:24,0
DA:25,0
DA:31,0
DA:32,0
DA:34,0
DA:35,0
DA:39,0
DA:40,0
DA:45,0
DA:51,0
LF:21
LH:0
BRDA:18,0,0,0
BRDA:18,0,1,0
BRDA:18,0,2,0
BRDA:21,1,0,0
BRDA:21,1,1,0
BRDA:24,2,0,0
BRDA:24,2,1,0
BRDA:34,3,0,0
BRDA:34,3,1,0
BRDA:39,4,0,0
BRDA:39,4,1,0
BRF:11
BRH:0
end_of_record
TN:
SF:C:/Users/USER/Desktop/ANDELA/Banka/Banka/server/models/db try things.js
FN:53,(anonymous_6)
FN:53,_callee
FN:161,createAndInsertData
FN:182,(anonymous_11)
FN:182,_callee2
FN:193,dropTables
FN:194,(anonymous_16)
FN:195,(anonymous_17)
FNF:8
FNH:0
FNDA:0,(anonymous_6)
FNDA:0,_callee
FNDA:0,createAndInsertData
FNDA:0,(anonymous_11)
FNDA:0,_callee2
FNDA:0,dropTables
FNDA:0,(anonymous_16)
FNDA:0,(anonymous_17)
DA:1,0
DA:2,0
DA:3,0
DA:6,0
DA:21,0
DA:35,0
DA:53,0
DA:55,0
DA:56,0
DA:58,0
DA:131,0
DA:139,0
DA:145,0
DA:150,0
DA:153,0
DA:156,0
DA:161,0
DA:162,0
DA:163,0
DA:165,0
DA:182,0
DA:190,0
DA:193,0
DA:194,0
DA:195,0
DA:196,0
DA:197,0
DA:199,0
DA:207,0
LF:29
LH:0
BRDA:53,0,0,0
BRDA:53,0,1,0
BRDA:53,0,2,0
BRDA:53,0,3,0
BRDA:53,0,4,0
BRDA:182,1,0,0
BRDA:182,1,1,0
BRDA:182,1,2,0
BRDA:196,2,0,0
BRDA:196,2,1,0
BRF:10
BRH:0
end_of_record
TN:
SF:C:/Users/USER/Desktop/ANDELA/Banka/Banka/server/models/dbcreate_test.js
FN:55,genUserTable
FN:56,(anonymous_2)
FN:58,(anonymous_3)
FN:62,genAccountTable
FN:63,(anonymous_5)
FN:65,(anonymous_6)
FN:68,genTransactionTable
FN:69,(anonymous_8)
FN:71,(anonymous_9)
FN:74,toInsertUsers
FN:75,(anonymous_11)
FN:77,(anonymous_12)
FN:80,toInsertBankAccounts
FN:81,(anonymous_14)
FN:83,(anonymous_15)
FN:86,toInsertTransaction
FN:87,(anonymous_17)
FN:89,(anonymous_18)
FNF:18
FNH:0
FNDA:0,genUserTable
FNDA:0,(anonymous_2)
FNDA:0,(anonymous_3)
FNDA:0,genAccountTable
FNDA:0,(anonymous_5)
FNDA:0,(anonymous_6)
FNDA:0,genTransactionTable
FNDA:0,(anonymous_8)
FNDA:0,(anonymous_9)
FNDA:0,toInsertUsers
FNDA:0,(anonymous_11)
FNDA:0,(anonymous_12)
FNDA:0,toInsertBankAccounts
FNDA:0,(anonymous_14)
FNDA:0,(anonymous_15)
FNDA:0,toInsertTransaction
FNDA:0,(anonymous_17)
FNDA:0,(anonymous_18)
DA:1,0
DA:2,0
DA:4,0
DA:7,0
DA:22,0
DA:36,0
DA:55,0
DA:56,0
DA:57,0
DA:58,0
DA:62,0
DA:63,0
DA:64,0
DA:65,0
DA:68,0
DA:69,0
DA:70,0
DA:71,0
DA:74,0
DA:75,0
DA:76,0
DA:77,0
DA:80,0
DA:81,0
DA:82,0
DA:83,0
DA:86,0
DA:87,0
DA:88,0
DA:89,0
DA:93,0
DA:111,0
DA:122,0
DA:134,0
DA:138,0
DA:142,0
DA:148,0
LF:37
LH:0
BRF:0
BRH:0
end_of_record
TN:
SF:C:/Users/USER/Desktop/ANDELA/Banka/Banka/server/models/drop_testdb.js
FN:6,dropTables
FN:8,(anonymous_2)
FN:10,(anonymous_3)
FNF:3
FNH:0
FNDA:0,dropTables
FNDA:0,(anonymous_2)
FNDA:0,(anonymous_3)
DA:1,0
DA:2,0
DA:4,0
DA:6,0
DA:7,0
DA:9,0
DA:10,0
DA:13,0
LF:8
LH:0
BRF:0
BRH:0
end_of_record
TN:
SF:C:/Users/USER/Desktop/ANDELA/Banka/Banka/server/models/function.js
FN:8,submit
FN:10,(anonymous_7)
FN:20,test
FN:22,(anonymous_9)
FN:23,(anonymous_10)
FN:34,blabla
FN:36,(anonymous_12)
FN:49,(anonymous_13)
FN:49,_callee
FN:60,insertData
FN:62,(anonymous_18)
FN:68,dropTables
FN:69,(anonymous_20)
FN:70,(anonymous_21)
FNF:14
FNH:0
FNDA:0,submit
FNDA:0,(anonymous_7)
FNDA:0,test
FNDA:0,(anonymous_9)
FNDA:0,(anonymous_10)
FNDA:0,blabla
FNDA:0,(anonymous_12)
FNDA:0,(anonymous_13)
FNDA:0,_callee
FNDA:0,insertData
FNDA:0,(anonymous_18)
FNDA:0,dropTables
FNDA:0,(anonymous_20)
FNDA:0,(anonymous_21)
DA:5,0
DA:6,0
DA:9,0
DA:11,0
DA:12,0
DA:13,0
DA:14,0
DA:16,0
DA:21,0
DA:23,0
DA:24,0
DA:25,0
DA:26,0
DA:28,0
DA:33,0
DA:34,0
DA:35,0
DA:37,0
DA:38,0
DA:39,0
DA:40,0
DA:42,0
DA:49,0
DA:53,0
DA:60,0
DA:61,0
DA:62,0
DA:63,0
DA:68,0
DA:69,0
DA:70,0
DA:71,0
DA:72,0
DA:74,0
DA:81,0
LF:35
LH:0
BRDA:13,0,0,0
BRDA:13,0,1,0
BRDA:25,1,0,0
BRDA:25,1,1,0
BRDA:39,2,0,0
BRDA:39,2,1,0
BRDA:49,3,0,0
BRDA:49,3,1,0
BRDA:49,3,2,0
BRDA:49,3,3,0
BRDA:49,3,4,0
BRDA:71,4,0,0
BRDA:71,4,1,0
BRF:13
BRH:0
end_of_record
TN:
SF:C:/Users/USER/Desktop/ANDELA/Banka/Banka/server/routes/adminRoute.js
FNF:0
FNH:0
DA:1,0
DA:3,0
DA:4,0
DA:5,0
DA:7,0
DA:9,0
DA:11,0
DA:15,0
DA:17,0
DA:21,0
DA:25,0
DA:29,0
DA:33,0
DA:36,0
LF:14
LH:0
BRF:0
BRH:0
end_of_record
TN:
SF:C:/Users/USER/Desktop/ANDELA/Banka/Banka/server/routes/authenticationRoute.js
FNF:0
FNH:0
DA:1,0
DA:2,0
DA:3,0
DA:5,0
DA:6,0
DA:7,0
DA:11,0
DA:14,0
DA:16,0
LF:9
LH:0
BRF:0
BRH:0
end_of_record
TN:
SF:C:/Users/USER/Desktop/ANDELA/Banka/Banka/server/routes/generalRoute.js
FNF:0
FNH:0
DA:1,0
DA:4,0
DA:6,0
DA:9,0
DA:11,0
LF:5
LH:0
BRF:0
BRH:0
end_of_record
TN:
SF:C:/Users/USER/Desktop/ANDELA/Banka/Banka/server/routes/indexroute.js
FNF:0
FNH:0
DA:1,0
DA:2,0
DA:3,0
DA:4,0
DA:5,0
DA:6,0
DA:7,0
DA:8,0
DA:11,0
DA:12,0
DA:14,0
DA:17,0
DA:20,0
DA:23,0
DA:26,0
DA:29,0
DA:31,0
LF:17
LH:0
BRF:0
BRH:0
end_of_record
TN:
SF:C:/Users/USER/Desktop/ANDELA/Banka/Banka/server/routes/noRoutes.js
FN:5,(anonymous_1)
FN:12,(anonymous_2)
FN:19,(anonymous_3)
FN:26,(anonymous_4)
FN:33,(anonymous_5)
FNF:5
FNH:0
FNDA:0,(anonymous_1)
FNDA:0,(anonymous_2)
FNDA:0,(anonymous_3)
FNDA:0,(anonymous_4)
FNDA:0,(anonymous_5)
DA:1,0
DA:3,0
DA:5,0
DA:6,0
DA:12,0
DA:13,0
DA:19,0
DA:20,0
DA:26,0
DA:27,0
DA:33,0
DA:34,0
LF:12
LH:0
BRF:0
BRH:0
end_of_record
TN:
SF:C:/Users/USER/Desktop/ANDELA/Banka/Banka/server/routes/staffRoute.js
FNF:0
FNH:0
DA:1,0
DA:2,0
DA:3,0
DA:5,0
DA:8,0
DA:11,0
DA:14,0
DA:18,0
DA:22,0
DA:26,0
DA:30,0
DA:34,0
DA:37,0
DA:40,0
LF:14
LH:0
BRF:0
BRH:0
end_of_record
TN:
SF:C:/Users/USER/Desktop/ANDELA/Banka/Banka/server/routes/userRoutes.js
FNF:0
FNH:0
DA:1,0
DA:3,0
DA:4,0
DA:5,0
DA:8,0
DA:10,0
DA:13,0
DA:15,0
DA:17,0
DA:20,0
DA:23,0
DA:26,0
DA:29,0
DA:31,0
LF:14
LH:0
BRF:0
BRH:0
end_of_record
